2023-10-19 20:47:47,939 INFO    MainThread:1530976 [wandb_setup.py:_flush():76] Current SDK version is 0.15.12
2023-10-19 20:47:47,940 INFO    MainThread:1530976 [wandb_setup.py:_flush():76] Configure stats pid to 1530976
2023-10-19 20:47:47,946 INFO    MainThread:1530976 [wandb_setup.py:_flush():76] Loading settings from /mnt/home/ashwinr/.config/wandb/settings
2023-10-19 20:47:47,946 INFO    MainThread:1530976 [wandb_setup.py:_flush():76] Loading settings from /mnt/home/ashwinr/btp24/grph/ISONET/wandb/settings
2023-10-19 20:47:47,950 INFO    MainThread:1530976 [wandb_setup.py:_flush():76] Loading settings from environment variables: {}
2023-10-19 20:47:47,950 INFO    MainThread:1530976 [wandb_setup.py:_flush():76] Applying setup settings: {'_disable_service': False}
2023-10-19 20:47:47,950 WARNING MainThread:1530976 [wandb_setup.py:_flush():76] Could not find program at -m subgraph.iso_matching_models
2023-10-19 20:47:47,956 INFO    MainThread:1530976 [wandb_setup.py:_flush():76] Inferring run settings from compute environment: {'program_relpath': None, 'program': '-m subgraph.iso_matching_models'}
2023-10-19 20:47:47,957 INFO    MainThread:1530976 [wandb_init.py:_log_setup():528] Logging user logs to /mnt/home/ashwinr/btp24/grph/ISONET/wandb/run-20231019_204747-nzgixnm7/logs/debug.log
2023-10-19 20:47:47,960 INFO    MainThread:1530976 [wandb_init.py:_log_setup():529] Logging internal logs to /mnt/home/ashwinr/btp24/grph/ISONET/wandb/run-20231019_204747-nzgixnm7/logs/debug-internal.log
2023-10-19 20:47:47,960 INFO    MainThread:1530976 [wandb_init.py:init():568] calling init triggers
2023-10-19 20:47:47,960 INFO    MainThread:1530976 [wandb_init.py:init():575] wandb.init called with sweep_config: {}
config: {'time_updates': 1, 'time_update_index': 'k_t', 'prop_param_sharing ': None, 'dataset': 'aids', 'task': 'temporal_isonet_kt_1_iters_shared_params', 'seed': 0, 'noise_factor': 0.0, 'feat_type': 'One', 'margin': 0.5, 'filters_1': 10, 'filters_2': 10, 'filters_3': 10, 'transform_dim': 16}
2023-10-19 20:47:47,960 INFO    MainThread:1530976 [wandb_init.py:init():618] starting backend
2023-10-19 20:47:47,965 INFO    MainThread:1530976 [wandb_init.py:init():622] setting up manager
2023-10-19 20:47:47,967 INFO    MainThread:1530976 [backend.py:_multiprocessing_setup():105] multiprocessing start_methods=fork,spawn,forkserver, using: spawn
2023-10-19 20:47:47,974 INFO    MainThread:1530976 [wandb_init.py:init():628] backend started and connected
2023-10-19 20:47:47,985 INFO    MainThread:1530976 [wandb_init.py:init():720] updated telemetry
2023-10-19 20:47:48,019 INFO    MainThread:1530976 [wandb_init.py:init():753] communicating run to backend with 90.0 second timeout
2023-10-19 20:47:48,829 INFO    MainThread:1530976 [wandb_run.py:_on_init():2220] communicating current version
2023-10-19 20:47:49,028 INFO    MainThread:1530976 [wandb_run.py:_on_init():2229] got version response 
2023-10-19 20:47:49,028 INFO    MainThread:1530976 [wandb_init.py:init():804] starting run threads in backend
2023-10-19 20:48:00,803 INFO    MainThread:1530976 [wandb_run.py:_console_start():2199] atexit reg
2023-10-19 20:48:00,803 INFO    MainThread:1530976 [wandb_run.py:_redirect():2054] redirect: wrap_raw
2023-10-19 20:48:00,807 INFO    MainThread:1530976 [wandb_run.py:_redirect():2119] Wrapping output streams.
2023-10-19 20:48:00,807 INFO    MainThread:1530976 [wandb_run.py:_redirect():2144] Redirects installed.
2023-10-19 20:48:00,808 INFO    MainThread:1530976 [wandb_init.py:init():845] run started, returning control to user process
2023-10-20 02:11:00,694 INFO    MainThread:1530976 [wandb_run.py:_finish():1934] finishing run isonet/temporal_isonet/nzgixnm7
2023-10-20 02:11:00,694 INFO    MainThread:1530976 [wandb_run.py:_atexit_cleanup():2168] got exitcode: 0
2023-10-20 02:11:00,706 INFO    MainThread:1530976 [wandb_run.py:_restore():2151] restore
2023-10-20 02:11:00,716 INFO    MainThread:1530976 [wandb_run.py:_restore():2157] restore done
2023-10-20 02:11:08,317 INFO    MainThread:1530976 [wandb_run.py:_footer_history_summary_info():3599] rendering history
2023-10-20 02:11:08,318 INFO    MainThread:1530976 [wandb_run.py:_footer_history_summary_info():3631] rendering summary
2023-10-20 02:11:08,330 INFO    MainThread:1530976 [wandb_run.py:_footer_sync_info():3558] logging synced files
