2023-10-19 20:36:18,871 INFO    StreamThr :1528778 [internal.py:wandb_internal():86] W&B internal server running at pid: 1528778, started at: 2023-10-19 20:36:18.865084
2023-10-19 20:36:18,874 DEBUG   HandlerThread:1528778 [handler.py:handle_request():146] handle_request: status
2023-10-19 20:36:18,880 INFO    WriterThread:1528778 [datastore.py:open_for_write():85] open: /mnt/home/ashwinr/btp24/grph/ISONET/wandb/run-20231019_203618-hpsp1bpy/run-hpsp1bpy.wandb
2023-10-19 20:36:18,893 DEBUG   SenderThread:1528778 [sender.py:send():380] send: header
2023-10-19 20:36:18,908 DEBUG   SenderThread:1528778 [sender.py:send():380] send: run
2023-10-19 20:36:19,647 INFO    SenderThread:1528778 [dir_watcher.py:__init__():211] watching files in: /mnt/home/ashwinr/btp24/grph/ISONET/wandb/run-20231019_203618-hpsp1bpy/files
2023-10-19 20:36:19,648 INFO    SenderThread:1528778 [sender.py:_start_run_threads():1122] run started: hpsp1bpy with start time 1697727978.86771
2023-10-19 20:36:19,671 DEBUG   HandlerThread:1528778 [handler.py:handle_request():146] handle_request: check_version
2023-10-19 20:36:19,671 DEBUG   SenderThread:1528778 [sender.py:send_request():407] send_request: check_version
2023-10-19 20:36:19,981 DEBUG   HandlerThread:1528778 [handler.py:handle_request():146] handle_request: run_start
2023-10-19 20:36:19,994 DEBUG   HandlerThread:1528778 [system_info.py:__init__():32] System info init
2023-10-19 20:36:19,995 DEBUG   HandlerThread:1528778 [system_info.py:__init__():47] System info init done
2023-10-19 20:36:19,998 INFO    HandlerThread:1528778 [system_monitor.py:start():194] Starting system monitor
2023-10-19 20:36:19,998 INFO    SystemMonitor:1528778 [system_monitor.py:_start():158] Starting system asset monitoring threads
2023-10-19 20:36:19,998 INFO    HandlerThread:1528778 [system_monitor.py:probe():214] Collecting system info
2023-10-19 20:36:20,002 INFO    SystemMonitor:1528778 [interfaces.py:start():190] Started cpu monitoring
2023-10-19 20:36:20,008 INFO    SystemMonitor:1528778 [interfaces.py:start():190] Started disk monitoring
2023-10-19 20:36:20,011 INFO    SystemMonitor:1528778 [interfaces.py:start():190] Started gpu monitoring
2023-10-19 20:36:20,014 INFO    SystemMonitor:1528778 [interfaces.py:start():190] Started memory monitoring
2023-10-19 20:36:20,017 INFO    SystemMonitor:1528778 [interfaces.py:start():190] Started network monitoring
2023-10-19 20:36:20,089 DEBUG   HandlerThread:1528778 [system_info.py:probe():196] Probing system
2023-10-19 20:36:20,103 DEBUG   HandlerThread:1528778 [system_info.py:_probe_git():181] Probing git
2023-10-19 20:36:20,135 DEBUG   HandlerThread:1528778 [system_info.py:_probe_git():189] Probing git done
2023-10-19 20:36:20,135 DEBUG   HandlerThread:1528778 [system_info.py:probe():244] Probing system done
2023-10-19 20:36:20,150 DEBUG   HandlerThread:1528778 [system_monitor.py:probe():223] {'os': 'Linux-5.10.0-21-amd64-x86_64-with-glibc2.31', 'python': '3.9.16', 'heartbeatAt': '2023-10-19T15:06:20.089787', 'startedAt': '2023-10-19T15:06:18.780292', 'docker': None, 'cuda': None, 'args': ('--TASK=temporal_isonet_kt_1_iters_shared_params', '--NOISE_FACTOR=0', '--MARGIN=0.5', '--filters_1=10', '--filters_2=10', '--filters_3=10', '--transform_dim=16', '--FEAT_TYPE=One', '--DATASET_NAME=aids', '--SEED=0', '--time_updates', '1'), 'state': 'running', 'program': '-m subgraph.iso_matching_models', 'codePathLocal': None, 'git': {'remote': 'https://github.com/Indradyumna/ISONET.git', 'commit': 'a620ab297d66fec8a033cb3f43914fd1a71abf0b'}, 'email': '200050016@iitb.ac.in', 'root': '/mnt/home/ashwinr/btp24/grph/ISONET', 'host': 'dog', 'username': 'ashwinr', 'executable': '/mnt/home/ashwinr/.conda/envs/btp-mcis/bin/python3', 'cpu_count': 32, 'cpu_count_logical': 64, 'cpu_freq': {'current': 1433.61065625, 'min': 1000.0, 'max': 3700.0}, 'cpu_freq_per_core': [{'current': 1000.219, 'min': 1000.0, 'max': 3700.0}, {'current': 3448.273, 'min': 1000.0, 'max': 3700.0}, {'current': 3448.125, 'min': 1000.0, 'max': 3700.0}, {'current': 1000.34, 'min': 1000.0, 'max': 3700.0}, {'current': 1000.572, 'min': 1000.0, 'max': 3700.0}, {'current': 1000.443, 'min': 1000.0, 'max': 3700.0}, {'current': 1000.228, 'min': 1000.0, 'max': 3700.0}, {'current': 1000.517, 'min': 1000.0, 'max': 3700.0}, {'current': 1000.534, 'min': 1000.0, 'max': 3700.0}, {'current': 1001.26, 'min': 1000.0, 'max': 3700.0}, {'current': 1000.952, 'min': 1000.0, 'max': 3700.0}, {'current': 1000.008, 'min': 1000.0, 'max': 3700.0}, {'current': 2797.819, 'min': 1000.0, 'max': 3700.0}, {'current': 1000.875, 'min': 1000.0, 'max': 3700.0}, {'current': 1000.518, 'min': 1000.0, 'max': 3700.0}, {'current': 1000.695, 'min': 1000.0, 'max': 3700.0}, {'current': 1000.385, 'min': 1000.0, 'max': 3700.0}, {'current': 3402.73, 'min': 1000.0, 'max': 3700.0}, {'current': 2941.972, 'min': 1000.0, 'max': 3700.0}, {'current': 1000.819, 'min': 1000.0, 'max': 3700.0}, {'current': 1000.961, 'min': 1000.0, 'max': 3700.0}, {'current': 1000.215, 'min': 1000.0, 'max': 3700.0}, {'current': 1000.621, 'min': 1000.0, 'max': 3700.0}, {'current': 999.926, 'min': 1000.0, 'max': 3700.0}, {'current': 1000.564, 'min': 1000.0, 'max': 3700.0}, {'current': 1746.514, 'min': 1000.0, 'max': 3700.0}, {'current': 1000.543, 'min': 1000.0, 'max': 3700.0}, {'current': 1000.635, 'min': 1000.0, 'max': 3700.0}, {'current': 3039.204, 'min': 1000.0, 'max': 3700.0}, {'current': 1000.055, 'min': 1000.0, 'max': 3700.0}, {'current': 1062.662, 'min': 1000.0, 'max': 3700.0}, {'current': 999.979, 'min': 1000.0, 'max': 3700.0}, {'current': 1000.472, 'min': 1000.0, 'max': 3700.0}, {'current': 3376.402, 'min': 1000.0, 'max': 3700.0}, {'current': 3336.651, 'min': 1000.0, 'max': 3700.0}, {'current': 1000.804, 'min': 1000.0, 'max': 3700.0}, {'current': 1000.726, 'min': 1000.0, 'max': 3700.0}, {'current': 1000.424, 'min': 1000.0, 'max': 3700.0}, {'current': 1000.58, 'min': 1000.0, 'max': 3700.0}, {'current': 1000.67, 'min': 1000.0, 'max': 3700.0}, {'current': 1000.453, 'min': 1000.0, 'max': 3700.0}, {'current': 1000.357, 'min': 1000.0, 'max': 3700.0}, {'current': 1000.658, 'min': 1000.0, 'max': 3700.0}, {'current': 1000.409, 'min': 1000.0, 'max': 3700.0}, {'current': 3344.861, 'min': 1000.0, 'max': 3700.0}, {'current': 1000.683, 'min': 1000.0, 'max': 3700.0}, {'current': 1000.61, 'min': 1000.0, 'max': 3700.0}, {'current': 1000.175, 'min': 1000.0, 'max': 3700.0}, {'current': 1000.713, 'min': 1000.0, 'max': 3700.0}, {'current': 3275.463, 'min': 1000.0, 'max': 3700.0}, {'current': 3275.093, 'min': 1000.0, 'max': 3700.0}, {'current': 1000.417, 'min': 1000.0, 'max': 3700.0}, {'current': 1000.061, 'min': 1000.0, 'max': 3700.0}, {'current': 1000.693, 'min': 1000.0, 'max': 3700.0}, {'current': 1000.729, 'min': 1000.0, 'max': 3700.0}, {'current': 1000.598, 'min': 1000.0, 'max': 3700.0}, {'current': 1000.489, 'min': 1000.0, 'max': 3700.0}, {'current': 2252.494, 'min': 1000.0, 'max': 3700.0}, {'current': 1000.061, 'min': 1000.0, 'max': 3700.0}, {'current': 1000.531, 'min': 1000.0, 'max': 3700.0}, {'current': 2801.517, 'min': 1000.0, 'max': 3700.0}, {'current': 1000.586, 'min': 1000.0, 'max': 3700.0}, {'current': 1043.439, 'min': 1000.0, 'max': 3700.0}, {'current': 1000.671, 'min': 1000.0, 'max': 3700.0}], 'disk': {'/': {'total': 195.67869567871094, 'used': 30.925399780273438}}, 'gpu': 'NVIDIA RTX A6000', 'gpu_count': 6, 'gpu_devices': [{'name': 'NVIDIA RTX A6000', 'memory_total': 51050315776}, {'name': 'NVIDIA RTX A6000', 'memory_total': 51050315776}, {'name': 'NVIDIA RTX A6000', 'memory_total': 51050315776}, {'name': 'NVIDIA RTX A6000', 'memory_total': 51050315776}, {'name': 'NVIDIA RTX A6000', 'memory_total': 51050315776}, {'name': 'NVIDIA RTX A6000', 'memory_total': 51050315776}], 'memory': {'total': 1510.537124633789}}
2023-10-19 20:36:20,165 INFO    HandlerThread:1528778 [system_monitor.py:probe():224] Finished collecting system info
2023-10-19 20:36:20,165 INFO    HandlerThread:1528778 [system_monitor.py:probe():227] Publishing system info
2023-10-19 20:36:20,165 DEBUG   HandlerThread:1528778 [system_info.py:_save_pip():52] Saving list of pip packages installed into the current environment
2023-10-19 20:36:20,224 DEBUG   HandlerThread:1528778 [system_info.py:_save_pip():68] Saving pip packages done
2023-10-19 20:36:20,225 DEBUG   HandlerThread:1528778 [system_info.py:_save_conda():75] Saving list of conda packages installed into the current environment
2023-10-19 20:36:20,653 INFO    Thread-12 :1528778 [dir_watcher.py:_on_file_created():271] file/dir created: /mnt/home/ashwinr/btp24/grph/ISONET/wandb/run-20231019_203618-hpsp1bpy/files/requirements.txt
2023-10-19 20:36:20,654 INFO    Thread-12 :1528778 [dir_watcher.py:_on_file_created():271] file/dir created: /mnt/home/ashwinr/btp24/grph/ISONET/wandb/run-20231019_203618-hpsp1bpy/files/conda-environment.yaml
2023-10-19 20:36:29,730 INFO    Thread-12 :1528778 [dir_watcher.py:_on_file_modified():288] file/dir modified: /mnt/home/ashwinr/btp24/grph/ISONET/wandb/run-20231019_203618-hpsp1bpy/files/conda-environment.yaml
2023-10-19 20:36:29,929 DEBUG   HandlerThread:1528778 [system_info.py:_save_conda():87] Saving conda packages done
2023-10-19 20:36:29,951 INFO    HandlerThread:1528778 [system_monitor.py:probe():229] Finished publishing system info
2023-10-19 20:36:29,979 DEBUG   HandlerThread:1528778 [handler.py:handle_request():146] handle_request: status_report
2023-10-19 20:36:29,980 DEBUG   HandlerThread:1528778 [handler.py:handle_request():146] handle_request: keepalive
2023-10-19 20:36:29,983 DEBUG   HandlerThread:1528778 [handler.py:handle_request():146] handle_request: status_report
2023-10-19 20:36:29,986 DEBUG   SenderThread:1528778 [sender.py:send():380] send: files
2023-10-19 20:36:29,989 INFO    SenderThread:1528778 [sender.py:_save_file():1378] saving file wandb-metadata.json with policy now
2023-10-19 20:36:30,000 DEBUG   HandlerThread:1528778 [handler.py:handle_request():146] handle_request: internal_messages
2023-10-19 20:36:30,001 DEBUG   HandlerThread:1528778 [handler.py:handle_request():146] handle_request: stop_status
2023-10-19 20:36:30,003 DEBUG   SenderThread:1528778 [sender.py:send_request():407] send_request: stop_status
2023-10-19 20:36:30,383 DEBUG   SenderThread:1528778 [sender.py:send():380] send: telemetry
2023-10-19 20:36:30,732 INFO    Thread-12 :1528778 [dir_watcher.py:_on_file_created():271] file/dir created: /mnt/home/ashwinr/btp24/grph/ISONET/wandb/run-20231019_203618-hpsp1bpy/files/output.log
2023-10-19 20:36:30,732 INFO    Thread-12 :1528778 [dir_watcher.py:_on_file_created():271] file/dir created: /mnt/home/ashwinr/btp24/grph/ISONET/wandb/run-20231019_203618-hpsp1bpy/files/wandb-metadata.json
2023-10-19 20:36:31,035 INFO    wandb-upload_0:1528778 [upload_job.py:push():131] Uploaded file /tmp/tmpnlk9eyswwandb/y6vcjr38-wandb-metadata.json
2023-10-19 20:36:32,734 INFO    Thread-12 :1528778 [dir_watcher.py:_on_file_modified():288] file/dir modified: /mnt/home/ashwinr/btp24/grph/ISONET/wandb/run-20231019_203618-hpsp1bpy/files/output.log
2023-10-19 20:36:34,397 DEBUG   HandlerThread:1528778 [handler.py:handle_request():146] handle_request: status_report
2023-10-19 20:36:36,738 INFO    Thread-12 :1528778 [dir_watcher.py:_on_file_modified():288] file/dir modified: /mnt/home/ashwinr/btp24/grph/ISONET/wandb/run-20231019_203618-hpsp1bpy/files/output.log
2023-10-19 20:36:39,752 DEBUG   HandlerThread:1528778 [handler.py:handle_request():146] handle_request: status_report
2023-10-19 20:36:40,742 INFO    Thread-12 :1528778 [dir_watcher.py:_on_file_modified():288] file/dir modified: /mnt/home/ashwinr/btp24/grph/ISONET/wandb/run-20231019_203618-hpsp1bpy/files/output.log
2023-10-19 20:36:42,745 INFO    Thread-12 :1528778 [dir_watcher.py:_on_file_modified():288] file/dir modified: /mnt/home/ashwinr/btp24/grph/ISONET/wandb/run-20231019_203618-hpsp1bpy/files/output.log
2023-10-19 20:36:44,839 DEBUG   HandlerThread:1528778 [handler.py:handle_request():146] handle_request: status_report
2023-10-19 20:36:44,997 DEBUG   HandlerThread:1528778 [handler.py:handle_request():146] handle_request: internal_messages
2023-10-19 20:36:44,998 DEBUG   HandlerThread:1528778 [handler.py:handle_request():146] handle_request: stop_status
2023-10-19 20:36:45,002 DEBUG   SenderThread:1528778 [sender.py:send_request():407] send_request: stop_status
2023-10-19 20:36:50,315 DEBUG   HandlerThread:1528778 [handler.py:handle_request():146] handle_request: status_report
2023-10-19 20:36:50,753 INFO    Thread-12 :1528778 [dir_watcher.py:_on_file_modified():288] file/dir modified: /mnt/home/ashwinr/btp24/grph/ISONET/wandb/run-20231019_203618-hpsp1bpy/files/config.yaml
2023-10-19 20:36:55,733 DEBUG   HandlerThread:1528778 [handler.py:handle_request():146] handle_request: status_report
2023-10-19 20:36:59,996 DEBUG   HandlerThread:1528778 [handler.py:handle_request():146] handle_request: stop_status
2023-10-19 20:36:59,997 DEBUG   SenderThread:1528778 [sender.py:send_request():407] send_request: stop_status
2023-10-19 20:37:00,040 DEBUG   HandlerThread:1528778 [handler.py:handle_request():146] handle_request: internal_messages
2023-10-19 20:37:01,422 DEBUG   HandlerThread:1528778 [handler.py:handle_request():146] handle_request: status_report
2023-10-19 20:37:06,423 DEBUG   HandlerThread:1528778 [handler.py:handle_request():146] handle_request: status_report
2023-10-19 20:37:11,424 DEBUG   HandlerThread:1528778 [handler.py:handle_request():146] handle_request: status_report
2023-10-19 20:37:14,999 DEBUG   HandlerThread:1528778 [handler.py:handle_request():146] handle_request: stop_status
2023-10-19 20:37:15,000 DEBUG   SenderThread:1528778 [sender.py:send_request():407] send_request: stop_status
2023-10-19 20:37:15,040 DEBUG   HandlerThread:1528778 [handler.py:handle_request():146] handle_request: internal_messages
2023-10-19 20:37:17,326 DEBUG   HandlerThread:1528778 [handler.py:handle_request():146] handle_request: status_report
2023-10-19 20:37:20,019 DEBUG   SystemMonitor:1528778 [system_monitor.py:_start():172] Starting system metrics aggregation loop
2023-10-19 20:37:20,025 DEBUG   SenderThread:1528778 [sender.py:send():380] send: stats
2023-10-19 20:37:23,034 DEBUG   HandlerThread:1528778 [handler.py:handle_request():146] handle_request: status_report
2023-10-19 20:37:28,036 DEBUG   HandlerThread:1528778 [handler.py:handle_request():146] handle_request: status_report
2023-10-19 20:37:29,999 DEBUG   HandlerThread:1528778 [handler.py:handle_request():146] handle_request: internal_messages
2023-10-19 20:37:30,000 DEBUG   HandlerThread:1528778 [handler.py:handle_request():146] handle_request: stop_status
2023-10-19 20:37:30,012 DEBUG   SenderThread:1528778 [sender.py:send_request():407] send_request: stop_status
2023-10-19 20:37:33,400 DEBUG   HandlerThread:1528778 [handler.py:handle_request():146] handle_request: status_report
2023-10-19 20:37:38,400 DEBUG   HandlerThread:1528778 [handler.py:handle_request():146] handle_request: status_report
2023-10-19 20:37:43,401 DEBUG   HandlerThread:1528778 [handler.py:handle_request():146] handle_request: status_report
2023-10-19 20:37:44,997 DEBUG   HandlerThread:1528778 [handler.py:handle_request():146] handle_request: stop_status
2023-10-19 20:37:44,997 DEBUG   SenderThread:1528778 [sender.py:send_request():407] send_request: stop_status
2023-10-19 20:37:45,040 DEBUG   HandlerThread:1528778 [handler.py:handle_request():146] handle_request: internal_messages
2023-10-19 20:37:49,118 DEBUG   HandlerThread:1528778 [handler.py:handle_request():146] handle_request: status_report
2023-10-19 20:37:50,028 DEBUG   SenderThread:1528778 [sender.py:send():380] send: stats
2023-10-19 20:37:50,850 INFO    Thread-12 :1528778 [dir_watcher.py:_on_file_modified():288] file/dir modified: /mnt/home/ashwinr/btp24/grph/ISONET/wandb/run-20231019_203618-hpsp1bpy/files/output.log
2023-10-19 20:37:55,031 DEBUG   HandlerThread:1528778 [handler.py:handle_request():146] handle_request: status_report
2023-10-19 20:38:00,003 DEBUG   HandlerThread:1528778 [handler.py:handle_request():146] handle_request: internal_messages
2023-10-19 20:38:00,003 DEBUG   HandlerThread:1528778 [handler.py:handle_request():146] handle_request: stop_status
2023-10-19 20:38:00,017 DEBUG   SenderThread:1528778 [sender.py:send_request():407] send_request: stop_status
2023-10-19 20:38:00,415 DEBUG   HandlerThread:1528778 [handler.py:handle_request():146] handle_request: status_report
2023-10-19 20:38:05,252 DEBUG   HandlerThread:1528778 [handler.py:handle_request():146] handle_request: partial_history
2023-10-19 20:38:05,255 DEBUG   HandlerThread:1528778 [handler.py:handle_request():146] handle_request: partial_history
2023-10-19 20:38:05,256 DEBUG   SenderThread:1528778 [sender.py:send():380] send: history
2023-10-19 20:38:05,261 DEBUG   SenderThread:1528778 [sender.py:send_request():407] send_request: summary_record
2023-10-19 20:38:05,270 INFO    SenderThread:1528778 [sender.py:_save_file():1378] saving file wandb-summary.json with policy end
2023-10-19 20:38:05,272 DEBUG   SenderThread:1528778 [sender.py:send():380] send: history
2023-10-19 20:38:05,274 DEBUG   SenderThread:1528778 [sender.py:send_request():407] send_request: summary_record
2023-10-19 20:38:05,286 INFO    SenderThread:1528778 [sender.py:_save_file():1378] saving file wandb-summary.json with policy end
2023-10-19 20:38:05,866 INFO    Thread-12 :1528778 [dir_watcher.py:_on_file_created():271] file/dir created: /mnt/home/ashwinr/btp24/grph/ISONET/wandb/run-20231019_203618-hpsp1bpy/files/wandb-summary.json
2023-10-19 20:38:06,287 DEBUG   HandlerThread:1528778 [handler.py:handle_request():146] handle_request: status_report
2023-10-19 20:38:06,867 INFO    Thread-12 :1528778 [dir_watcher.py:_on_file_modified():288] file/dir modified: /mnt/home/ashwinr/btp24/grph/ISONET/wandb/run-20231019_203618-hpsp1bpy/files/output.log
2023-10-19 20:38:11,288 DEBUG   HandlerThread:1528778 [handler.py:handle_request():146] handle_request: status_report
2023-10-19 20:38:15,003 DEBUG   HandlerThread:1528778 [handler.py:handle_request():146] handle_request: stop_status
2023-10-19 20:38:15,004 DEBUG   HandlerThread:1528778 [handler.py:handle_request():146] handle_request: internal_messages
2023-10-19 20:38:15,005 DEBUG   SenderThread:1528778 [sender.py:send_request():407] send_request: stop_status
2023-10-19 20:38:16,411 DEBUG   HandlerThread:1528778 [handler.py:handle_request():146] handle_request: status_report
2023-10-19 20:38:20,032 DEBUG   SenderThread:1528778 [sender.py:send():380] send: stats
2023-10-19 20:38:22,034 DEBUG   HandlerThread:1528778 [handler.py:handle_request():146] handle_request: status_report
2023-10-19 20:38:27,035 DEBUG   HandlerThread:1528778 [handler.py:handle_request():146] handle_request: status_report
2023-10-19 20:38:30,005 DEBUG   HandlerThread:1528778 [handler.py:handle_request():146] handle_request: internal_messages
2023-10-19 20:38:30,007 DEBUG   HandlerThread:1528778 [handler.py:handle_request():146] handle_request: stop_status
2023-10-19 20:38:30,012 DEBUG   SenderThread:1528778 [sender.py:send_request():407] send_request: stop_status
2023-10-19 20:38:32,415 DEBUG   HandlerThread:1528778 [handler.py:handle_request():146] handle_request: status_report
2023-10-19 20:38:37,416 DEBUG   HandlerThread:1528778 [handler.py:handle_request():146] handle_request: status_report
2023-10-19 20:38:42,417 DEBUG   HandlerThread:1528778 [handler.py:handle_request():146] handle_request: status_report
2023-10-19 20:38:45,005 DEBUG   HandlerThread:1528778 [handler.py:handle_request():146] handle_request: stop_status
2023-10-19 20:38:45,005 DEBUG   HandlerThread:1528778 [handler.py:handle_request():146] handle_request: internal_messages
2023-10-19 20:38:45,006 DEBUG   SenderThread:1528778 [sender.py:send_request():407] send_request: stop_status
2023-10-19 20:38:48,312 DEBUG   HandlerThread:1528778 [handler.py:handle_request():146] handle_request: status_report
2023-10-19 20:38:50,036 DEBUG   SenderThread:1528778 [sender.py:send():380] send: stats
2023-10-19 20:38:50,914 INFO    Thread-12 :1528778 [dir_watcher.py:_on_file_modified():288] file/dir modified: /mnt/home/ashwinr/btp24/grph/ISONET/wandb/run-20231019_203618-hpsp1bpy/files/output.log
2023-10-19 20:38:54,038 DEBUG   HandlerThread:1528778 [handler.py:handle_request():146] handle_request: status_report
2023-10-19 20:38:59,039 DEBUG   HandlerThread:1528778 [handler.py:handle_request():146] handle_request: status_report
2023-10-19 20:39:00,003 DEBUG   HandlerThread:1528778 [handler.py:handle_request():146] handle_request: internal_messages
2023-10-19 20:39:00,003 DEBUG   HandlerThread:1528778 [handler.py:handle_request():146] handle_request: stop_status
2023-10-19 20:39:00,032 DEBUG   SenderThread:1528778 [sender.py:send_request():407] send_request: stop_status
2023-10-19 20:39:04,386 DEBUG   HandlerThread:1528778 [handler.py:handle_request():146] handle_request: status_report
2023-10-19 20:39:05,600 DEBUG   HandlerThread:1528778 [handler.py:handle_request():146] handle_request: partial_history
2023-10-19 20:39:05,602 DEBUG   HandlerThread:1528778 [handler.py:handle_request():146] handle_request: partial_history
2023-10-19 20:39:05,602 DEBUG   SenderThread:1528778 [sender.py:send():380] send: history
2023-10-19 20:39:05,607 DEBUG   SenderThread:1528778 [sender.py:send_request():407] send_request: summary_record
2023-10-19 20:39:05,616 INFO    SenderThread:1528778 [sender.py:_save_file():1378] saving file wandb-summary.json with policy end
2023-10-19 20:39:05,617 DEBUG   SenderThread:1528778 [sender.py:send():380] send: history
2023-10-19 20:39:05,619 DEBUG   SenderThread:1528778 [sender.py:send_request():407] send_request: summary_record
2023-10-19 20:39:05,631 INFO    SenderThread:1528778 [sender.py:_save_file():1378] saving file wandb-summary.json with policy end
2023-10-19 20:39:05,997 INFO    Thread-12 :1528778 [dir_watcher.py:_on_file_modified():288] file/dir modified: /mnt/home/ashwinr/btp24/grph/ISONET/wandb/run-20231019_203618-hpsp1bpy/files/wandb-summary.json
2023-10-19 20:39:06,998 INFO    Thread-12 :1528778 [dir_watcher.py:_on_file_modified():288] file/dir modified: /mnt/home/ashwinr/btp24/grph/ISONET/wandb/run-20231019_203618-hpsp1bpy/files/output.log
2023-10-19 20:39:09,632 DEBUG   HandlerThread:1528778 [handler.py:handle_request():146] handle_request: status_report
2023-10-19 20:39:14,633 DEBUG   HandlerThread:1528778 [handler.py:handle_request():146] handle_request: status_report
2023-10-19 20:39:15,003 DEBUG   HandlerThread:1528778 [handler.py:handle_request():146] handle_request: internal_messages
2023-10-19 20:39:15,003 DEBUG   HandlerThread:1528778 [handler.py:handle_request():146] handle_request: stop_status
2023-10-19 20:39:15,009 DEBUG   SenderThread:1528778 [sender.py:send_request():407] send_request: stop_status
2023-10-19 20:39:20,040 DEBUG   SenderThread:1528778 [sender.py:send():380] send: stats
2023-10-19 20:39:20,042 DEBUG   HandlerThread:1528778 [handler.py:handle_request():146] handle_request: status_report
2023-10-19 20:39:25,044 DEBUG   HandlerThread:1528778 [handler.py:handle_request():146] handle_request: status_report
2023-10-19 20:39:30,003 DEBUG   HandlerThread:1528778 [handler.py:handle_request():146] handle_request: internal_messages
2023-10-19 20:39:30,004 DEBUG   HandlerThread:1528778 [handler.py:handle_request():146] handle_request: stop_status
2023-10-19 20:39:30,017 DEBUG   SenderThread:1528778 [sender.py:send_request():407] send_request: stop_status
2023-10-19 20:39:30,382 DEBUG   HandlerThread:1528778 [handler.py:handle_request():146] handle_request: status_report
2023-10-19 20:39:35,385 DEBUG   HandlerThread:1528778 [handler.py:handle_request():146] handle_request: status_report
2023-10-19 20:39:40,385 DEBUG   HandlerThread:1528778 [handler.py:handle_request():146] handle_request: status_report
2023-10-19 20:39:45,007 DEBUG   HandlerThread:1528778 [handler.py:handle_request():146] handle_request: internal_messages
2023-10-19 20:39:45,008 DEBUG   HandlerThread:1528778 [handler.py:handle_request():146] handle_request: stop_status
2023-10-19 20:39:45,011 DEBUG   SenderThread:1528778 [sender.py:send_request():407] send_request: stop_status
2023-10-19 20:39:46,345 DEBUG   HandlerThread:1528778 [handler.py:handle_request():146] handle_request: status_report
2023-10-19 20:39:50,046 DEBUG   SenderThread:1528778 [sender.py:send():380] send: stats
2023-10-19 20:39:52,049 DEBUG   HandlerThread:1528778 [handler.py:handle_request():146] handle_request: status_report
2023-10-19 20:39:57,050 DEBUG   HandlerThread:1528778 [handler.py:handle_request():146] handle_request: status_report
2023-10-19 20:40:00,006 DEBUG   HandlerThread:1528778 [handler.py:handle_request():146] handle_request: internal_messages
2023-10-19 20:40:00,007 DEBUG   HandlerThread:1528778 [handler.py:handle_request():146] handle_request: stop_status
2023-10-19 20:40:00,013 DEBUG   SenderThread:1528778 [sender.py:send_request():407] send_request: stop_status
2023-10-19 20:40:02,446 DEBUG   HandlerThread:1528778 [handler.py:handle_request():146] handle_request: status_report
2023-10-19 20:40:07,448 DEBUG   HandlerThread:1528778 [handler.py:handle_request():146] handle_request: status_report
2023-10-19 20:40:12,920 DEBUG   HandlerThread:1528778 [handler.py:handle_request():146] handle_request: status_report
2023-10-19 20:40:13,060 INFO    Thread-12 :1528778 [dir_watcher.py:_on_file_modified():288] file/dir modified: /mnt/home/ashwinr/btp24/grph/ISONET/wandb/run-20231019_203618-hpsp1bpy/files/output.log
2023-10-19 20:40:15,006 DEBUG   HandlerThread:1528778 [handler.py:handle_request():146] handle_request: internal_messages
2023-10-19 20:40:15,008 DEBUG   HandlerThread:1528778 [handler.py:handle_request():146] handle_request: stop_status
2023-10-19 20:40:15,013 DEBUG   SenderThread:1528778 [sender.py:send_request():407] send_request: stop_status
2023-10-19 20:40:18,367 DEBUG   HandlerThread:1528778 [handler.py:handle_request():146] handle_request: status_report
2023-10-19 20:40:20,047 DEBUG   SenderThread:1528778 [sender.py:send():380] send: stats
2023-10-19 20:40:24,049 DEBUG   HandlerThread:1528778 [handler.py:handle_request():146] handle_request: status_report
2023-10-19 20:40:29,050 DEBUG   HandlerThread:1528778 [handler.py:handle_request():146] handle_request: status_report
2023-10-19 20:40:30,007 DEBUG   HandlerThread:1528778 [handler.py:handle_request():146] handle_request: stop_status
2023-10-19 20:40:30,007 DEBUG   HandlerThread:1528778 [handler.py:handle_request():146] handle_request: internal_messages
2023-10-19 20:40:30,007 DEBUG   SenderThread:1528778 [sender.py:send_request():407] send_request: stop_status
2023-10-19 20:40:30,220 DEBUG   HandlerThread:1528778 [handler.py:handle_request():146] handle_request: partial_history
2023-10-19 20:40:30,221 DEBUG   HandlerThread:1528778 [handler.py:handle_request():146] handle_request: partial_history
2023-10-19 20:40:30,396 DEBUG   SenderThread:1528778 [sender.py:send():380] send: history
2023-10-19 20:40:30,396 DEBUG   SenderThread:1528778 [sender.py:send_request():407] send_request: summary_record
2023-10-19 20:40:30,415 INFO    SenderThread:1528778 [sender.py:_save_file():1378] saving file wandb-summary.json with policy end
2023-10-19 20:40:30,416 DEBUG   SenderThread:1528778 [sender.py:send():380] send: history
2023-10-19 20:40:30,418 DEBUG   SenderThread:1528778 [sender.py:send_request():407] send_request: summary_record
2023-10-19 20:40:30,425 INFO    SenderThread:1528778 [sender.py:_save_file():1378] saving file wandb-summary.json with policy end
2023-10-19 20:40:31,074 INFO    Thread-12 :1528778 [dir_watcher.py:_on_file_modified():288] file/dir modified: /mnt/home/ashwinr/btp24/grph/ISONET/wandb/run-20231019_203618-hpsp1bpy/files/wandb-summary.json
2023-10-19 20:40:33,075 INFO    Thread-12 :1528778 [dir_watcher.py:_on_file_modified():288] file/dir modified: /mnt/home/ashwinr/btp24/grph/ISONET/wandb/run-20231019_203618-hpsp1bpy/files/output.log
2023-10-19 20:40:34,427 DEBUG   HandlerThread:1528778 [handler.py:handle_request():146] handle_request: status_report
2023-10-19 20:40:39,428 DEBUG   HandlerThread:1528778 [handler.py:handle_request():146] handle_request: status_report
2023-10-19 20:40:44,430 DEBUG   HandlerThread:1528778 [handler.py:handle_request():146] handle_request: status_report
2023-10-19 20:40:45,008 DEBUG   HandlerThread:1528778 [handler.py:handle_request():146] handle_request: internal_messages
2023-10-19 20:40:45,009 DEBUG   HandlerThread:1528778 [handler.py:handle_request():146] handle_request: stop_status
2023-10-19 20:40:45,023 DEBUG   SenderThread:1528778 [sender.py:send_request():407] send_request: stop_status
2023-10-19 20:40:50,061 DEBUG   SenderThread:1528778 [sender.py:send():380] send: stats
2023-10-19 20:40:50,063 DEBUG   HandlerThread:1528778 [handler.py:handle_request():146] handle_request: status_report
2023-10-19 20:40:55,064 DEBUG   HandlerThread:1528778 [handler.py:handle_request():146] handle_request: status_report
2023-10-19 20:41:00,010 DEBUG   HandlerThread:1528778 [handler.py:handle_request():146] handle_request: stop_status
2023-10-19 20:41:00,011 DEBUG   HandlerThread:1528778 [handler.py:handle_request():146] handle_request: internal_messages
2023-10-19 20:41:00,011 DEBUG   SenderThread:1528778 [sender.py:send_request():407] send_request: stop_status
2023-10-19 20:41:00,392 DEBUG   HandlerThread:1528778 [handler.py:handle_request():146] handle_request: status_report
2023-10-19 20:41:05,393 DEBUG   HandlerThread:1528778 [handler.py:handle_request():146] handle_request: status_report
2023-10-19 20:41:10,399 DEBUG   HandlerThread:1528778 [handler.py:handle_request():146] handle_request: status_report
2023-10-19 20:41:15,006 DEBUG   HandlerThread:1528778 [handler.py:handle_request():146] handle_request: internal_messages
2023-10-19 20:41:15,007 DEBUG   HandlerThread:1528778 [handler.py:handle_request():146] handle_request: stop_status
2023-10-19 20:41:15,014 DEBUG   SenderThread:1528778 [sender.py:send_request():407] send_request: stop_status
2023-10-19 20:41:16,349 DEBUG   HandlerThread:1528778 [handler.py:handle_request():146] handle_request: status_report
2023-10-19 20:41:20,054 DEBUG   SenderThread:1528778 [sender.py:send():380] send: stats
2023-10-19 20:41:22,057 DEBUG   HandlerThread:1528778 [handler.py:handle_request():146] handle_request: status_report
2023-10-19 20:41:27,062 DEBUG   HandlerThread:1528778 [handler.py:handle_request():146] handle_request: status_report
2023-10-19 20:41:30,006 DEBUG   HandlerThread:1528778 [handler.py:handle_request():146] handle_request: internal_messages
2023-10-19 20:41:30,007 DEBUG   HandlerThread:1528778 [handler.py:handle_request():146] handle_request: stop_status
2023-10-19 20:41:30,012 DEBUG   SenderThread:1528778 [sender.py:send_request():407] send_request: stop_status
2023-10-19 20:41:32,412 DEBUG   HandlerThread:1528778 [handler.py:handle_request():146] handle_request: status_report
2023-10-19 20:41:37,413 DEBUG   HandlerThread:1528778 [handler.py:handle_request():146] handle_request: status_report
2023-10-19 20:41:39,131 INFO    Thread-12 :1528778 [dir_watcher.py:_on_file_modified():288] file/dir modified: /mnt/home/ashwinr/btp24/grph/ISONET/wandb/run-20231019_203618-hpsp1bpy/files/output.log
2023-10-19 20:41:39,842 DEBUG   SenderThread:1528778 [sender.py:send():380] send: exit
2023-10-19 20:41:39,842 INFO    SenderThread:1528778 [sender.py:send_exit():585] handling exit code: 255
2023-10-19 20:41:39,849 INFO    SenderThread:1528778 [sender.py:send_exit():587] handling runtime: 319
2023-10-19 20:41:39,858 INFO    SenderThread:1528778 [sender.py:_save_file():1378] saving file wandb-summary.json with policy end
2023-10-19 20:41:39,858 INFO    SenderThread:1528778 [sender.py:send_exit():593] send defer
2023-10-19 20:41:39,861 DEBUG   HandlerThread:1528778 [handler.py:handle_request():146] handle_request: defer
2023-10-19 20:41:39,871 INFO    HandlerThread:1528778 [handler.py:handle_request_defer():172] handle defer: 0
2023-10-19 20:41:39,872 DEBUG   SenderThread:1528778 [sender.py:send_request():407] send_request: defer
2023-10-19 20:41:39,875 INFO    SenderThread:1528778 [sender.py:send_request_defer():609] handle sender defer: 0
2023-10-19 20:41:39,875 INFO    SenderThread:1528778 [sender.py:transition_state():613] send defer: 1
2023-10-19 20:41:39,875 DEBUG   HandlerThread:1528778 [handler.py:handle_request():146] handle_request: defer
2023-10-19 20:41:39,878 INFO    HandlerThread:1528778 [handler.py:handle_request_defer():172] handle defer: 1
2023-10-19 20:41:39,878 DEBUG   SenderThread:1528778 [sender.py:send_request():407] send_request: defer
2023-10-19 20:41:39,881 INFO    SenderThread:1528778 [sender.py:send_request_defer():609] handle sender defer: 1
2023-10-19 20:41:39,881 INFO    SenderThread:1528778 [sender.py:transition_state():613] send defer: 2
2023-10-19 20:41:39,881 DEBUG   HandlerThread:1528778 [handler.py:handle_request():146] handle_request: defer
2023-10-19 20:41:39,884 INFO    HandlerThread:1528778 [handler.py:handle_request_defer():172] handle defer: 2
2023-10-19 20:41:39,884 INFO    HandlerThread:1528778 [system_monitor.py:finish():203] Stopping system monitor
2023-10-19 20:41:39,887 DEBUG   SystemMonitor:1528778 [system_monitor.py:_start():179] Finished system metrics aggregation loop
2023-10-19 20:41:39,889 INFO    HandlerThread:1528778 [interfaces.py:finish():202] Joined cpu monitor
2023-10-19 20:41:39,890 DEBUG   SystemMonitor:1528778 [system_monitor.py:_start():183] Publishing last batch of metrics
2023-10-19 20:41:39,890 INFO    HandlerThread:1528778 [interfaces.py:finish():202] Joined disk monitor
2023-10-19 20:41:40,131 INFO    Thread-12 :1528778 [dir_watcher.py:_on_file_modified():288] file/dir modified: /mnt/home/ashwinr/btp24/grph/ISONET/wandb/run-20231019_203618-hpsp1bpy/files/wandb-summary.json
2023-10-19 20:41:40,740 INFO    HandlerThread:1528778 [interfaces.py:finish():202] Joined gpu monitor
2023-10-19 20:41:40,741 INFO    HandlerThread:1528778 [interfaces.py:finish():202] Joined memory monitor
2023-10-19 20:41:40,746 INFO    HandlerThread:1528778 [interfaces.py:finish():202] Joined network monitor
2023-10-19 20:41:40,761 DEBUG   SenderThread:1528778 [sender.py:send_request():407] send_request: defer
2023-10-19 20:41:40,762 INFO    SenderThread:1528778 [sender.py:send_request_defer():609] handle sender defer: 2
2023-10-19 20:41:40,762 INFO    SenderThread:1528778 [sender.py:transition_state():613] send defer: 3
2023-10-19 20:41:40,766 DEBUG   SenderThread:1528778 [sender.py:send():380] send: stats
2023-10-19 20:41:40,766 DEBUG   HandlerThread:1528778 [handler.py:handle_request():146] handle_request: defer
2023-10-19 20:41:40,772 INFO    HandlerThread:1528778 [handler.py:handle_request_defer():172] handle defer: 3
2023-10-19 20:41:40,772 DEBUG   SenderThread:1528778 [sender.py:send_request():407] send_request: defer
2023-10-19 20:41:40,775 INFO    SenderThread:1528778 [sender.py:send_request_defer():609] handle sender defer: 3
2023-10-19 20:41:40,775 INFO    SenderThread:1528778 [sender.py:transition_state():613] send defer: 4
2023-10-19 20:41:40,775 DEBUG   HandlerThread:1528778 [handler.py:handle_request():146] handle_request: defer
2023-10-19 20:41:40,778 INFO    HandlerThread:1528778 [handler.py:handle_request_defer():172] handle defer: 4
2023-10-19 20:41:40,779 DEBUG   SenderThread:1528778 [sender.py:send_request():407] send_request: defer
2023-10-19 20:41:40,781 INFO    SenderThread:1528778 [sender.py:send_request_defer():609] handle sender defer: 4
2023-10-19 20:41:40,782 INFO    SenderThread:1528778 [sender.py:transition_state():613] send defer: 5
2023-10-19 20:41:40,782 DEBUG   HandlerThread:1528778 [handler.py:handle_request():146] handle_request: defer
2023-10-19 20:41:40,784 INFO    HandlerThread:1528778 [handler.py:handle_request_defer():172] handle defer: 5
2023-10-19 20:41:40,785 DEBUG   SenderThread:1528778 [sender.py:send():380] send: summary
2023-10-19 20:41:40,795 INFO    SenderThread:1528778 [sender.py:_save_file():1378] saving file wandb-summary.json with policy end
2023-10-19 20:41:40,796 DEBUG   SenderThread:1528778 [sender.py:send_request():407] send_request: defer
2023-10-19 20:41:40,800 INFO    SenderThread:1528778 [sender.py:send_request_defer():609] handle sender defer: 5
2023-10-19 20:41:40,801 INFO    SenderThread:1528778 [sender.py:transition_state():613] send defer: 6
2023-10-19 20:41:40,801 DEBUG   HandlerThread:1528778 [handler.py:handle_request():146] handle_request: defer
2023-10-19 20:41:40,804 INFO    HandlerThread:1528778 [handler.py:handle_request_defer():172] handle defer: 6
2023-10-19 20:41:40,804 DEBUG   SenderThread:1528778 [sender.py:send_request():407] send_request: defer
2023-10-19 20:41:40,807 INFO    SenderThread:1528778 [sender.py:send_request_defer():609] handle sender defer: 6
2023-10-19 20:41:40,808 INFO    SenderThread:1528778 [sender.py:transition_state():613] send defer: 7
2023-10-19 20:41:40,808 DEBUG   HandlerThread:1528778 [handler.py:handle_request():146] handle_request: status_report
2023-10-19 20:41:40,811 DEBUG   HandlerThread:1528778 [handler.py:handle_request():146] handle_request: defer
2023-10-19 20:41:40,814 INFO    HandlerThread:1528778 [handler.py:handle_request_defer():172] handle defer: 7
2023-10-19 20:41:40,815 DEBUG   SenderThread:1528778 [sender.py:send_request():407] send_request: defer
2023-10-19 20:41:40,817 INFO    SenderThread:1528778 [sender.py:send_request_defer():609] handle sender defer: 7
2023-10-19 20:41:40,844 DEBUG   HandlerThread:1528778 [handler.py:handle_request():146] handle_request: poll_exit
2023-10-19 20:41:41,132 INFO    Thread-12 :1528778 [dir_watcher.py:_on_file_modified():288] file/dir modified: /mnt/home/ashwinr/btp24/grph/ISONET/wandb/run-20231019_203618-hpsp1bpy/files/wandb-summary.json
2023-10-19 20:41:42,133 INFO    Thread-12 :1528778 [dir_watcher.py:_on_file_modified():288] file/dir modified: /mnt/home/ashwinr/btp24/grph/ISONET/wandb/run-20231019_203618-hpsp1bpy/files/output.log
2023-10-19 20:41:43,861 INFO    SenderThread:1528778 [sender.py:transition_state():613] send defer: 8
2023-10-19 20:41:43,861 DEBUG   SenderThread:1528778 [sender.py:send_request():407] send_request: poll_exit
2023-10-19 20:41:43,861 DEBUG   HandlerThread:1528778 [handler.py:handle_request():146] handle_request: defer
2023-10-19 20:41:43,871 INFO    HandlerThread:1528778 [handler.py:handle_request_defer():172] handle defer: 8
2023-10-19 20:41:43,872 DEBUG   SenderThread:1528778 [sender.py:send_request():407] send_request: defer
2023-10-19 20:41:43,876 INFO    SenderThread:1528778 [sender.py:send_request_defer():609] handle sender defer: 8
2023-10-19 20:41:43,876 INFO    SenderThread:1528778 [job_builder.py:build():281] Attempting to build job artifact
2023-10-19 20:41:43,882 INFO    SenderThread:1528778 [job_builder.py:_get_source_type():393] is repo sourced job
2023-10-19 20:41:43,885 INFO    SenderThread:1528778 [sender.py:transition_state():613] send defer: 9
2023-10-19 20:41:43,885 DEBUG   HandlerThread:1528778 [handler.py:handle_request():146] handle_request: defer
2023-10-19 20:41:43,888 INFO    HandlerThread:1528778 [handler.py:handle_request_defer():172] handle defer: 9
2023-10-19 20:41:43,889 DEBUG   SenderThread:1528778 [sender.py:send_request():407] send_request: defer
2023-10-19 20:41:43,891 INFO    SenderThread:1528778 [sender.py:send_request_defer():609] handle sender defer: 9
2023-10-19 20:41:43,891 INFO    SenderThread:1528778 [dir_watcher.py:finish():358] shutting down directory watcher
2023-10-19 20:41:44,135 INFO    SenderThread:1528778 [dir_watcher.py:_on_file_modified():288] file/dir modified: /mnt/home/ashwinr/btp24/grph/ISONET/wandb/run-20231019_203618-hpsp1bpy/files/output.log
2023-10-19 20:41:44,136 INFO    SenderThread:1528778 [dir_watcher.py:finish():388] scan: /mnt/home/ashwinr/btp24/grph/ISONET/wandb/run-20231019_203618-hpsp1bpy/files
2023-10-19 20:41:44,148 INFO    SenderThread:1528778 [dir_watcher.py:finish():402] scan save: /mnt/home/ashwinr/btp24/grph/ISONET/wandb/run-20231019_203618-hpsp1bpy/files/requirements.txt requirements.txt
2023-10-19 20:41:44,152 INFO    SenderThread:1528778 [dir_watcher.py:finish():402] scan save: /mnt/home/ashwinr/btp24/grph/ISONET/wandb/run-20231019_203618-hpsp1bpy/files/config.yaml config.yaml
2023-10-19 20:41:44,166 INFO    SenderThread:1528778 [dir_watcher.py:finish():402] scan save: /mnt/home/ashwinr/btp24/grph/ISONET/wandb/run-20231019_203618-hpsp1bpy/files/wandb-summary.json wandb-summary.json
2023-10-19 20:41:44,172 INFO    SenderThread:1528778 [dir_watcher.py:finish():402] scan save: /mnt/home/ashwinr/btp24/grph/ISONET/wandb/run-20231019_203618-hpsp1bpy/files/output.log output.log
2023-10-19 20:41:44,179 INFO    SenderThread:1528778 [dir_watcher.py:finish():402] scan save: /mnt/home/ashwinr/btp24/grph/ISONET/wandb/run-20231019_203618-hpsp1bpy/files/conda-environment.yaml conda-environment.yaml
2023-10-19 20:41:44,180 INFO    SenderThread:1528778 [dir_watcher.py:finish():402] scan save: /mnt/home/ashwinr/btp24/grph/ISONET/wandb/run-20231019_203618-hpsp1bpy/files/wandb-metadata.json wandb-metadata.json
2023-10-19 20:41:44,185 INFO    SenderThread:1528778 [sender.py:transition_state():613] send defer: 10
2023-10-19 20:41:44,191 DEBUG   HandlerThread:1528778 [handler.py:handle_request():146] handle_request: defer
2023-10-19 20:41:44,191 INFO    HandlerThread:1528778 [handler.py:handle_request_defer():172] handle defer: 10
2023-10-19 20:41:44,194 DEBUG   SenderThread:1528778 [sender.py:send_request():407] send_request: defer
2023-10-19 20:41:44,198 INFO    SenderThread:1528778 [sender.py:send_request_defer():609] handle sender defer: 10
2023-10-19 20:41:44,198 INFO    SenderThread:1528778 [file_pusher.py:finish():175] shutting down file pusher
2023-10-19 20:41:44,930 INFO    wandb-upload_0:1528778 [upload_job.py:push():131] Uploaded file /mnt/home/ashwinr/btp24/grph/ISONET/wandb/run-20231019_203618-hpsp1bpy/files/requirements.txt
2023-10-19 20:41:44,940 INFO    wandb-upload_1:1528778 [upload_job.py:push():131] Uploaded file /mnt/home/ashwinr/btp24/grph/ISONET/wandb/run-20231019_203618-hpsp1bpy/files/config.yaml
2023-10-19 20:41:44,960 INFO    wandb-upload_2:1528778 [upload_job.py:push():131] Uploaded file /mnt/home/ashwinr/btp24/grph/ISONET/wandb/run-20231019_203618-hpsp1bpy/files/wandb-summary.json
2023-10-19 20:41:44,982 INFO    wandb-upload_3:1528778 [upload_job.py:push():131] Uploaded file /mnt/home/ashwinr/btp24/grph/ISONET/wandb/run-20231019_203618-hpsp1bpy/files/output.log
2023-10-19 20:41:44,987 INFO    wandb-upload_4:1528778 [upload_job.py:push():131] Uploaded file /mnt/home/ashwinr/btp24/grph/ISONET/wandb/run-20231019_203618-hpsp1bpy/files/conda-environment.yaml
2023-10-19 20:41:45,190 INFO    Thread-11 :1528778 [sender.py:transition_state():613] send defer: 11
2023-10-19 20:41:45,191 DEBUG   HandlerThread:1528778 [handler.py:handle_request():146] handle_request: defer
2023-10-19 20:41:45,202 INFO    HandlerThread:1528778 [handler.py:handle_request_defer():172] handle defer: 11
2023-10-19 20:41:45,203 DEBUG   SenderThread:1528778 [sender.py:send_request():407] send_request: defer
2023-10-19 20:41:45,206 INFO    SenderThread:1528778 [sender.py:send_request_defer():609] handle sender defer: 11
2023-10-19 20:41:45,207 INFO    SenderThread:1528778 [file_pusher.py:join():181] waiting for file pusher
2023-10-19 20:41:45,210 INFO    SenderThread:1528778 [sender.py:transition_state():613] send defer: 12
2023-10-19 20:41:45,210 DEBUG   HandlerThread:1528778 [handler.py:handle_request():146] handle_request: defer
2023-10-19 20:41:45,214 INFO    HandlerThread:1528778 [handler.py:handle_request_defer():172] handle defer: 12
2023-10-19 20:41:45,214 DEBUG   SenderThread:1528778 [sender.py:send_request():407] send_request: defer
2023-10-19 20:41:45,217 INFO    SenderThread:1528778 [sender.py:send_request_defer():609] handle sender defer: 12
2023-10-19 20:41:45,217 INFO    SenderThread:1528778 [file_stream.py:finish():595] file stream finish called
2023-10-19 20:41:45,854 DEBUG   HandlerThread:1528778 [handler.py:handle_request():146] handle_request: keepalive
2023-10-19 20:41:46,120 INFO    SenderThread:1528778 [file_stream.py:finish():599] file stream finish is done
2023-10-19 20:41:46,121 INFO    SenderThread:1528778 [sender.py:transition_state():613] send defer: 13
2023-10-19 20:41:46,132 DEBUG   HandlerThread:1528778 [handler.py:handle_request():146] handle_request: defer
2023-10-19 20:41:46,143 INFO    HandlerThread:1528778 [handler.py:handle_request_defer():172] handle defer: 13
2023-10-19 20:41:46,144 DEBUG   SenderThread:1528778 [sender.py:send_request():407] send_request: defer
2023-10-19 20:41:46,151 INFO    SenderThread:1528778 [sender.py:send_request_defer():609] handle sender defer: 13
2023-10-19 20:41:46,152 INFO    SenderThread:1528778 [sender.py:transition_state():613] send defer: 14
2023-10-19 20:41:46,152 DEBUG   SenderThread:1528778 [sender.py:send():380] send: final
2023-10-19 20:41:46,152 DEBUG   HandlerThread:1528778 [handler.py:handle_request():146] handle_request: defer
2023-10-19 20:41:46,160 DEBUG   SenderThread:1528778 [sender.py:send():380] send: footer
2023-10-19 20:41:46,160 INFO    HandlerThread:1528778 [handler.py:handle_request_defer():172] handle defer: 14
2023-10-19 20:41:46,177 DEBUG   SenderThread:1528778 [sender.py:send_request():407] send_request: defer
2023-10-19 20:41:46,181 INFO    SenderThread:1528778 [sender.py:send_request_defer():609] handle sender defer: 14
2023-10-19 20:41:46,182 DEBUG   HandlerThread:1528778 [handler.py:handle_request():146] handle_request: poll_exit
2023-10-19 20:41:46,194 DEBUG   HandlerThread:1528778 [handler.py:handle_request():146] handle_request: server_info
2023-10-19 20:41:46,197 DEBUG   HandlerThread:1528778 [handler.py:handle_request():146] handle_request: get_summary
2023-10-19 20:41:46,194 DEBUG   SenderThread:1528778 [sender.py:send_request():407] send_request: poll_exit
2023-10-19 20:41:46,198 DEBUG   HandlerThread:1528778 [handler.py:handle_request():146] handle_request: sampled_history
2023-10-19 20:41:46,210 DEBUG   SenderThread:1528778 [sender.py:send_request():407] send_request: server_info
2023-10-19 20:41:46,215 DEBUG   HandlerThread:1528778 [handler.py:handle_request():146] handle_request: internal_messages
2023-10-19 20:41:46,231 DEBUG   HandlerThread:1528778 [handler.py:handle_request():146] handle_request: job_info
2023-10-19 20:41:46,498 DEBUG   SenderThread:1528778 [sender.py:send_request():407] send_request: job_info
2023-10-19 20:41:46,499 INFO    MainThread:1528778 [wandb_run.py:_footer_history_summary_info():3599] rendering history
2023-10-19 20:41:46,511 INFO    MainThread:1528778 [wandb_run.py:_footer_history_summary_info():3631] rendering summary
2023-10-19 20:41:46,517 INFO    MainThread:1528778 [wandb_run.py:_footer_sync_info():3558] logging synced files
2023-10-19 20:41:46,520 DEBUG   HandlerThread:1528778 [handler.py:handle_request():146] handle_request: shutdown
2023-10-19 20:41:46,523 INFO    HandlerThread:1528778 [handler.py:finish():866] shutting down handler
2023-10-19 20:41:47,244 INFO    WriterThread:1528778 [datastore.py:close():294] close: /mnt/home/ashwinr/btp24/grph/ISONET/wandb/run-20231019_203618-hpsp1bpy/run-hpsp1bpy.wandb
2023-10-19 20:41:47,499 INFO    SenderThread:1528778 [sender.py:finish():1534] shutting down sender
2023-10-19 20:41:47,499 INFO    SenderThread:1528778 [file_pusher.py:finish():175] shutting down file pusher
2023-10-19 20:41:47,499 INFO    SenderThread:1528778 [file_pusher.py:join():181] waiting for file pusher
