loading train query graphs from ./Datasets/splits/train/train_aids80k_query_subgraphs.pkl
loading train relationships from ./Datasets/splits/train/train_aids80k_rel_nx_is_subgraph_iso.pkl
loading corpus graphs from ./Datasets/splits/aids80k_corpus_subgraphs.pkl
loading val query graphs from ./Datasets/splits/val/val_aids80k_query_subgraphs.pkl
loading val relationships from ./Datasets/splits/val/val_aids80k_rel_nx_is_subgraph_iso.pkl
loading corpus graphs from ./Datasets/splits/aids80k_corpus_subgraphs.pkl
Loading model Temporal_ISONET
This model implements early interaction with a temporal ISONET
saving initial model to ./initialModels/temporal_isonet_kt_1_iters_shared_params_aids_0
no. of params in model: 2280
Run: 0 train loss: 171.405848 Time: 67.24
Run: 0 VAL ap_score: 0.425547 map_score: 0.440120 Time: 16.09
saving best validated model to ./bestValidationModels/temporal_isonet_kt_1_iters_shared_params_aids_0
Run: 1 train loss: 64.802949 Time: 43.55
Run: 1 VAL ap_score: 0.496405 map_score: 0.448568 Time: 16.75
saving best validated model to ./bestValidationModels/temporal_isonet_kt_1_iters_shared_params_aids_0
Run: 2 train loss: 45.482240 Time: 66.29
Run: 2 VAL ap_score: 0.564180 map_score: 0.539769 Time: 18.26
saving best validated model to ./bestValidationModels/temporal_isonet_kt_1_iters_shared_params_aids_0
Run: 3 train loss: 37.982051 Time: 68.48
Traceback (most recent call last):
  File "/mnt/home/ashwinr/.conda/envs/btp-mcis/lib/python3.9/runpy.py", line 197, in _run_module_as_main
    return _run_code(code, main_globals, None,
  File "/mnt/home/ashwinr/.conda/envs/btp-mcis/lib/python3.9/runpy.py", line 87, in _run_code
    exec(code, run_globals)
  File "/mnt/home/ashwinr/btp24/grph/ISONET/subgraph/iso_matching_models.py", line 464, in <module>
    )
  File "/mnt/home/ashwinr/btp24/grph/ISONET/subgraph/iso_matching_models.py", line 224, in train
    ap_score,map_score = evaluate_embeddings_similarity(av,model,val_data)
  File "/mnt/home/ashwinr/btp24/grph/ISONET/subgraph/eval_utils.py", line 22, in evaluate_embeddings_similarity
    pred.append( model(batch_data,batch_data_sizes,batch_adj).data)
  File "/mnt/home/ashwinr/.conda/envs/btp-mcis/lib/python3.9/site-packages/torch/nn/modules/module.py", line 1130, in _call_impl
    return forward_call(*input, **kwargs)
  File "/mnt/home/ashwinr/btp24/grph/ISONET/subgraph/models/temporal_isonet.py", line 124, in forward
    node_features_enc = self.prop_layer(combined_features, from_idx, to_idx, edge_features_enc)
  File "/mnt/home/ashwinr/.conda/envs/btp-mcis/lib/python3.9/site-packages/torch/nn/modules/module.py", line 1130, in _call_impl
    return forward_call(*input, **kwargs)
  File "/mnt/home/ashwinr/btp24/grph/ISONET/GMN/graphembeddingnetwork.py", line 330, in forward
    aggregated_messages = self._compute_aggregated_messages(
  File "/mnt/home/ashwinr/btp24/grph/ISONET/GMN/graphembeddingnetwork.py", line 241, in _compute_aggregated_messages
    reverse_aggregated_messages = graph_prop_once(
  File "/mnt/home/ashwinr/btp24/grph/ISONET/GMN/graphembeddingnetwork.py", line 121, in graph_prop_once
    tensor = unsorted_segment_sum(messages, to_idx, node_states.shape[0])
  File "/mnt/home/ashwinr/btp24/grph/ISONET/GMN/segment.py", line 50, in unsorted_segment_sum
    s = torch.prod(torch.tensor(data.shape[1:], device=data.device)).long()
KeyboardInterrupt