2023-10-19 20:46:17,827 INFO    StreamThr :1530731 [internal.py:wandb_internal():86] W&B internal server running at pid: 1530731, started at: 2023-10-19 20:46:17.822088
2023-10-19 20:46:17,830 DEBUG   HandlerThread:1530731 [handler.py:handle_request():146] handle_request: status
2023-10-19 20:46:17,832 INFO    WriterThread:1530731 [datastore.py:open_for_write():85] open: /mnt/home/ashwinr/btp24/grph/ISONET/wandb/run-20231019_204617-2it1b07i/run-2it1b07i.wandb
2023-10-19 20:46:17,840 DEBUG   SenderThread:1530731 [sender.py:send():380] send: header
2023-10-19 20:46:17,860 DEBUG   SenderThread:1530731 [sender.py:send():380] send: run
2023-10-19 20:46:18,788 INFO    SenderThread:1530731 [dir_watcher.py:__init__():211] watching files in: /mnt/home/ashwinr/btp24/grph/ISONET/wandb/run-20231019_204617-2it1b07i/files
2023-10-19 20:46:18,788 INFO    SenderThread:1530731 [sender.py:_start_run_threads():1122] run started: 2it1b07i with start time 1697728577.823607
2023-10-19 20:46:18,807 DEBUG   HandlerThread:1530731 [handler.py:handle_request():146] handle_request: check_version
2023-10-19 20:46:18,808 DEBUG   SenderThread:1530731 [sender.py:send_request():407] send_request: check_version
2023-10-19 20:46:19,104 DEBUG   HandlerThread:1530731 [handler.py:handle_request():146] handle_request: run_start
2023-10-19 20:46:19,121 DEBUG   HandlerThread:1530731 [system_info.py:__init__():32] System info init
2023-10-19 20:46:19,121 DEBUG   HandlerThread:1530731 [system_info.py:__init__():47] System info init done
2023-10-19 20:46:19,121 INFO    HandlerThread:1530731 [system_monitor.py:start():194] Starting system monitor
2023-10-19 20:46:19,124 INFO    SystemMonitor:1530731 [system_monitor.py:_start():158] Starting system asset monitoring threads
2023-10-19 20:46:19,125 INFO    HandlerThread:1530731 [system_monitor.py:probe():214] Collecting system info
2023-10-19 20:46:19,128 INFO    SystemMonitor:1530731 [interfaces.py:start():190] Started cpu monitoring
2023-10-19 20:46:19,134 INFO    SystemMonitor:1530731 [interfaces.py:start():190] Started disk monitoring
2023-10-19 20:46:19,138 INFO    SystemMonitor:1530731 [interfaces.py:start():190] Started gpu monitoring
2023-10-19 20:46:19,140 INFO    SystemMonitor:1530731 [interfaces.py:start():190] Started memory monitoring
2023-10-19 20:46:19,144 INFO    SystemMonitor:1530731 [interfaces.py:start():190] Started network monitoring
2023-10-19 20:46:19,211 DEBUG   HandlerThread:1530731 [system_info.py:probe():196] Probing system
2023-10-19 20:46:19,233 DEBUG   HandlerThread:1530731 [system_info.py:_probe_git():181] Probing git
2023-10-19 20:46:19,263 DEBUG   HandlerThread:1530731 [system_info.py:_probe_git():189] Probing git done
2023-10-19 20:46:19,263 DEBUG   HandlerThread:1530731 [system_info.py:probe():244] Probing system done
2023-10-19 20:46:19,274 DEBUG   HandlerThread:1530731 [system_monitor.py:probe():223] {'os': 'Linux-5.10.0-21-amd64-x86_64-with-glibc2.31', 'python': '3.9.16', 'heartbeatAt': '2023-10-19T15:16:19.211680', 'startedAt': '2023-10-19T15:16:17.736616', 'docker': None, 'cuda': None, 'args': ('--TASK=temporal_isonet_kt_1_iters_shared_params', '--NOISE_FACTOR=0', '--MARGIN=0.5', '--filters_1=10', '--filters_2=10', '--filters_3=10', '--transform_dim=16', '--FEAT_TYPE=One', '--DATASET_NAME=aids', '--SEED=0', '--time_updates', '1', '--PROJECT', 'temporal_isonet'), 'state': 'running', 'program': '-m subgraph.iso_matching_models', 'codePathLocal': None, 'git': {'remote': 'https://github.com/Indradyumna/ISONET.git', 'commit': 'a620ab297d66fec8a033cb3f43914fd1a71abf0b'}, 'email': '200050016@iitb.ac.in', 'root': '/mnt/home/ashwinr/btp24/grph/ISONET', 'host': 'dog', 'username': 'ashwinr', 'executable': '/mnt/home/ashwinr/.conda/envs/btp-mcis/bin/python3', 'cpu_count': 32, 'cpu_count_logical': 64, 'cpu_freq': {'current': 1447.2717812500002, 'min': 1000.0, 'max': 3700.0}, 'cpu_freq_per_core': [{'current': 1000.153, 'min': 1000.0, 'max': 3700.0}, {'current': 1006.844, 'min': 1000.0, 'max': 3700.0}, {'current': 3335.033, 'min': 1000.0, 'max': 3700.0}, {'current': 3315.034, 'min': 1000.0, 'max': 3700.0}, {'current': 3090.277, 'min': 1000.0, 'max': 3700.0}, {'current': 1000.887, 'min': 1000.0, 'max': 3700.0}, {'current': 1000.576, 'min': 1000.0, 'max': 3700.0}, {'current': 1000.377, 'min': 1000.0, 'max': 3700.0}, {'current': 1000.054, 'min': 1000.0, 'max': 3700.0}, {'current': 1000.392, 'min': 1000.0, 'max': 3700.0}, {'current': 1000.677, 'min': 1000.0, 'max': 3700.0}, {'current': 1000.582, 'min': 1000.0, 'max': 3700.0}, {'current': 1000.366, 'min': 1000.0, 'max': 3700.0}, {'current': 1000.386, 'min': 1000.0, 'max': 3700.0}, {'current': 1000.56, 'min': 1000.0, 'max': 3700.0}, {'current': 1000.376, 'min': 1000.0, 'max': 3700.0}, {'current': 3266.745, 'min': 1000.0, 'max': 3700.0}, {'current': 1000.123, 'min': 1000.0, 'max': 3700.0}, {'current': 1000.523, 'min': 1000.0, 'max': 3700.0}, {'current': 1000.103, 'min': 1000.0, 'max': 3700.0}, {'current': 3203.56, 'min': 1000.0, 'max': 3700.0}, {'current': 1000.454, 'min': 1000.0, 'max': 3700.0}, {'current': 1000.392, 'min': 1000.0, 'max': 3700.0}, {'current': 1000.0, 'min': 1000.0, 'max': 3700.0}, {'current': 1705.674, 'min': 1000.0, 'max': 3700.0}, {'current': 1000.581, 'min': 1000.0, 'max': 3700.0}, {'current': 1000.525, 'min': 1000.0, 'max': 3700.0}, {'current': 1000.359, 'min': 1000.0, 'max': 3700.0}, {'current': 1000.566, 'min': 1000.0, 'max': 3700.0}, {'current': 1000.311, 'min': 1000.0, 'max': 3700.0}, {'current': 2353.521, 'min': 1000.0, 'max': 3700.0}, {'current': 1000.352, 'min': 1000.0, 'max': 3700.0}, {'current': 1000.623, 'min': 1000.0, 'max': 3700.0}, {'current': 1001.416, 'min': 1000.0, 'max': 3700.0}, {'current': 2905.116, 'min': 1000.0, 'max': 3700.0}, {'current': 3443.872, 'min': 1000.0, 'max': 3700.0}, {'current': 3285.259, 'min': 1000.0, 'max': 3700.0}, {'current': 1000.534, 'min': 1000.0, 'max': 3700.0}, {'current': 1000.263, 'min': 1000.0, 'max': 3700.0}, {'current': 1000.506, 'min': 1000.0, 'max': 3700.0}, {'current': 1000.56, 'min': 1000.0, 'max': 3700.0}, {'current': 1000.79, 'min': 1000.0, 'max': 3700.0}, {'current': 1000.585, 'min': 1000.0, 'max': 3700.0}, {'current': 1000.662, 'min': 1000.0, 'max': 3700.0}, {'current': 1000.686, 'min': 1000.0, 'max': 3700.0}, {'current': 1000.467, 'min': 1000.0, 'max': 3700.0}, {'current': 1000.558, 'min': 1000.0, 'max': 3700.0}, {'current': 1000.43, 'min': 1000.0, 'max': 3700.0}, {'current': 3400.878, 'min': 1000.0, 'max': 3700.0}, {'current': 1000.4, 'min': 1000.0, 'max': 3700.0}, {'current': 1000.41, 'min': 1000.0, 'max': 3700.0}, {'current': 999.95, 'min': 1000.0, 'max': 3700.0}, {'current': 3097.82, 'min': 1000.0, 'max': 3700.0}, {'current': 1000.35, 'min': 1000.0, 'max': 3700.0}, {'current': 1000.269, 'min': 1000.0, 'max': 3700.0}, {'current': 999.962, 'min': 1000.0, 'max': 3700.0}, {'current': 2310.572, 'min': 1000.0, 'max': 3700.0}, {'current': 1000.596, 'min': 1000.0, 'max': 3700.0}, {'current': 1000.322, 'min': 1000.0, 'max': 3700.0}, {'current': 1000.821, 'min': 1000.0, 'max': 3700.0}, {'current': 1000.312, 'min': 1000.0, 'max': 3700.0}, {'current': 1000.078, 'min': 1000.0, 'max': 3700.0}, {'current': 2322.089, 'min': 1000.0, 'max': 3700.0}, {'current': 1000.578, 'min': 1000.0, 'max': 3700.0}], 'disk': {'/': {'total': 195.67869567871094, 'used': 30.925655364990234}}, 'gpu': 'NVIDIA RTX A6000', 'gpu_count': 6, 'gpu_devices': [{'name': 'NVIDIA RTX A6000', 'memory_total': 51050315776}, {'name': 'NVIDIA RTX A6000', 'memory_total': 51050315776}, {'name': 'NVIDIA RTX A6000', 'memory_total': 51050315776}, {'name': 'NVIDIA RTX A6000', 'memory_total': 51050315776}, {'name': 'NVIDIA RTX A6000', 'memory_total': 51050315776}, {'name': 'NVIDIA RTX A6000', 'memory_total': 51050315776}], 'memory': {'total': 1510.537124633789}}
2023-10-19 20:46:19,277 INFO    HandlerThread:1530731 [system_monitor.py:probe():224] Finished collecting system info
2023-10-19 20:46:19,278 INFO    HandlerThread:1530731 [system_monitor.py:probe():227] Publishing system info
2023-10-19 20:46:19,278 DEBUG   HandlerThread:1530731 [system_info.py:_save_pip():52] Saving list of pip packages installed into the current environment
2023-10-19 20:46:19,305 DEBUG   HandlerThread:1530731 [system_info.py:_save_pip():68] Saving pip packages done
2023-10-19 20:46:19,306 DEBUG   HandlerThread:1530731 [system_info.py:_save_conda():75] Saving list of conda packages installed into the current environment
2023-10-19 20:46:19,794 INFO    Thread-12 :1530731 [dir_watcher.py:_on_file_created():271] file/dir created: /mnt/home/ashwinr/btp24/grph/ISONET/wandb/run-20231019_204617-2it1b07i/files/requirements.txt
2023-10-19 20:46:19,796 INFO    Thread-12 :1530731 [dir_watcher.py:_on_file_created():271] file/dir created: /mnt/home/ashwinr/btp24/grph/ISONET/wandb/run-20231019_204617-2it1b07i/files/conda-environment.yaml
2023-10-19 20:46:27,640 DEBUG   HandlerThread:1530731 [system_info.py:_save_conda():87] Saving conda packages done
2023-10-19 20:46:27,652 INFO    HandlerThread:1530731 [system_monitor.py:probe():229] Finished publishing system info
2023-10-19 20:46:27,684 DEBUG   HandlerThread:1530731 [handler.py:handle_request():146] handle_request: poll_exit
2023-10-19 20:46:27,685 DEBUG   HandlerThread:1530731 [handler.py:handle_request():146] handle_request: status_report
2023-10-19 20:46:27,685 DEBUG   SenderThread:1530731 [sender.py:send():380] send: exit
2023-10-19 20:46:27,687 DEBUG   HandlerThread:1530731 [handler.py:handle_request():146] handle_request: keepalive
2023-10-19 20:46:27,690 INFO    SenderThread:1530731 [sender.py:send_exit():585] handling exit code: 255
2023-10-19 20:46:27,695 INFO    SenderThread:1530731 [sender.py:send_exit():587] handling runtime: 8
2023-10-19 20:46:27,703 INFO    SenderThread:1530731 [sender.py:_save_file():1378] saving file wandb-summary.json with policy end
2023-10-19 20:46:27,703 INFO    SenderThread:1530731 [sender.py:send_exit():593] send defer
2023-10-19 20:46:27,706 DEBUG   SenderThread:1530731 [sender.py:send_request():407] send_request: poll_exit
2023-10-19 20:46:27,706 DEBUG   SenderThread:1530731 [sender.py:send():380] send: files
2023-10-19 20:46:27,706 DEBUG   HandlerThread:1530731 [handler.py:handle_request():146] handle_request: defer
2023-10-19 20:46:27,709 INFO    SenderThread:1530731 [sender.py:_save_file():1378] saving file wandb-metadata.json with policy now
2023-10-19 20:46:27,709 INFO    HandlerThread:1530731 [handler.py:handle_request_defer():172] handle defer: 0
2023-10-19 20:46:27,714 DEBUG   SenderThread:1530731 [sender.py:send_request():407] send_request: defer
2023-10-19 20:46:27,716 INFO    SenderThread:1530731 [sender.py:send_request_defer():609] handle sender defer: 0
2023-10-19 20:46:27,716 INFO    SenderThread:1530731 [sender.py:transition_state():613] send defer: 1
2023-10-19 20:46:27,722 DEBUG   HandlerThread:1530731 [handler.py:handle_request():146] handle_request: defer
2023-10-19 20:46:27,722 INFO    HandlerThread:1530731 [handler.py:handle_request_defer():172] handle defer: 1
2023-10-19 20:46:27,725 DEBUG   SenderThread:1530731 [sender.py:send_request():407] send_request: defer
2023-10-19 20:46:27,728 INFO    SenderThread:1530731 [sender.py:send_request_defer():609] handle sender defer: 1
2023-10-19 20:46:27,728 INFO    SenderThread:1530731 [sender.py:transition_state():613] send defer: 2
2023-10-19 20:46:27,729 DEBUG   HandlerThread:1530731 [handler.py:handle_request():146] handle_request: defer
2023-10-19 20:46:27,732 INFO    HandlerThread:1530731 [handler.py:handle_request_defer():172] handle defer: 2
2023-10-19 20:46:27,735 INFO    HandlerThread:1530731 [system_monitor.py:finish():203] Stopping system monitor
2023-10-19 20:46:27,736 INFO    HandlerThread:1530731 [interfaces.py:finish():202] Joined cpu monitor
2023-10-19 20:46:27,736 DEBUG   SystemMonitor:1530731 [system_monitor.py:_start():172] Starting system metrics aggregation loop
2023-10-19 20:46:27,738 INFO    HandlerThread:1530731 [interfaces.py:finish():202] Joined disk monitor
2023-10-19 20:46:27,742 DEBUG   SystemMonitor:1530731 [system_monitor.py:_start():179] Finished system metrics aggregation loop
2023-10-19 20:46:27,745 DEBUG   SystemMonitor:1530731 [system_monitor.py:_start():183] Publishing last batch of metrics
2023-10-19 20:46:27,798 INFO    Thread-12 :1530731 [dir_watcher.py:_on_file_modified():288] file/dir modified: /mnt/home/ashwinr/btp24/grph/ISONET/wandb/run-20231019_204617-2it1b07i/files/conda-environment.yaml
2023-10-19 20:46:27,798 INFO    Thread-12 :1530731 [dir_watcher.py:_on_file_created():271] file/dir created: /mnt/home/ashwinr/btp24/grph/ISONET/wandb/run-20231019_204617-2it1b07i/files/wandb-metadata.json
2023-10-19 20:46:27,802 INFO    Thread-12 :1530731 [dir_watcher.py:_on_file_created():271] file/dir created: /mnt/home/ashwinr/btp24/grph/ISONET/wandb/run-20231019_204617-2it1b07i/files/wandb-summary.json
2023-10-19 20:46:28,619 INFO    HandlerThread:1530731 [interfaces.py:finish():202] Joined gpu monitor
2023-10-19 20:46:28,620 INFO    HandlerThread:1530731 [interfaces.py:finish():202] Joined memory monitor
2023-10-19 20:46:28,625 INFO    HandlerThread:1530731 [interfaces.py:finish():202] Joined network monitor
2023-10-19 20:46:28,633 DEBUG   SenderThread:1530731 [sender.py:send_request():407] send_request: defer
2023-10-19 20:46:28,634 INFO    SenderThread:1530731 [sender.py:send_request_defer():609] handle sender defer: 2
2023-10-19 20:46:28,634 INFO    SenderThread:1530731 [sender.py:transition_state():613] send defer: 3
2023-10-19 20:46:28,638 DEBUG   SenderThread:1530731 [sender.py:send():380] send: stats
2023-10-19 20:46:28,638 DEBUG   HandlerThread:1530731 [handler.py:handle_request():146] handle_request: defer
2023-10-19 20:46:28,643 INFO    HandlerThread:1530731 [handler.py:handle_request_defer():172] handle defer: 3
2023-10-19 20:46:28,643 DEBUG   HandlerThread:1530731 [handler.py:handle_request():146] handle_request: status_report
2023-10-19 20:46:28,644 DEBUG   SenderThread:1530731 [sender.py:send_request():407] send_request: defer
2023-10-19 20:46:28,647 INFO    SenderThread:1530731 [sender.py:send_request_defer():609] handle sender defer: 3
2023-10-19 20:46:28,647 INFO    SenderThread:1530731 [sender.py:transition_state():613] send defer: 4
2023-10-19 20:46:28,647 DEBUG   HandlerThread:1530731 [handler.py:handle_request():146] handle_request: defer
2023-10-19 20:46:28,650 INFO    HandlerThread:1530731 [handler.py:handle_request_defer():172] handle defer: 4
2023-10-19 20:46:28,651 DEBUG   SenderThread:1530731 [sender.py:send_request():407] send_request: defer
2023-10-19 20:46:28,653 INFO    SenderThread:1530731 [sender.py:send_request_defer():609] handle sender defer: 4
2023-10-19 20:46:28,653 INFO    SenderThread:1530731 [sender.py:transition_state():613] send defer: 5
2023-10-19 20:46:28,653 DEBUG   HandlerThread:1530731 [handler.py:handle_request():146] handle_request: defer
2023-10-19 20:46:28,656 INFO    HandlerThread:1530731 [handler.py:handle_request_defer():172] handle defer: 5
2023-10-19 20:46:28,657 DEBUG   SenderThread:1530731 [sender.py:send():380] send: summary
2023-10-19 20:46:28,667 INFO    SenderThread:1530731 [sender.py:_save_file():1378] saving file wandb-summary.json with policy end
2023-10-19 20:46:28,668 DEBUG   SenderThread:1530731 [sender.py:send_request():407] send_request: defer
2023-10-19 20:46:28,670 INFO    SenderThread:1530731 [sender.py:send_request_defer():609] handle sender defer: 5
2023-10-19 20:46:28,671 INFO    SenderThread:1530731 [sender.py:transition_state():613] send defer: 6
2023-10-19 20:46:28,671 DEBUG   HandlerThread:1530731 [handler.py:handle_request():146] handle_request: defer
2023-10-19 20:46:28,674 INFO    HandlerThread:1530731 [handler.py:handle_request_defer():172] handle defer: 6
2023-10-19 20:46:28,674 DEBUG   SenderThread:1530731 [sender.py:send_request():407] send_request: defer
2023-10-19 20:46:28,677 INFO    SenderThread:1530731 [sender.py:send_request_defer():609] handle sender defer: 6
2023-10-19 20:46:28,677 INFO    SenderThread:1530731 [sender.py:transition_state():613] send defer: 7
2023-10-19 20:46:28,677 DEBUG   HandlerThread:1530731 [handler.py:handle_request():146] handle_request: status_report
2023-10-19 20:46:28,680 DEBUG   HandlerThread:1530731 [handler.py:handle_request():146] handle_request: defer
2023-10-19 20:46:28,681 INFO    HandlerThread:1530731 [handler.py:handle_request_defer():172] handle defer: 7
2023-10-19 20:46:28,684 DEBUG   SenderThread:1530731 [sender.py:send_request():407] send_request: defer
2023-10-19 20:46:28,687 INFO    SenderThread:1530731 [sender.py:send_request_defer():609] handle sender defer: 7
2023-10-19 20:46:28,687 INFO    SenderThread:1530731 [sender.py:transition_state():613] send defer: 8
2023-10-19 20:46:28,687 DEBUG   HandlerThread:1530731 [handler.py:handle_request():146] handle_request: defer
2023-10-19 20:46:28,700 INFO    HandlerThread:1530731 [handler.py:handle_request_defer():172] handle defer: 8
2023-10-19 20:46:28,701 DEBUG   SenderThread:1530731 [sender.py:send_request():407] send_request: defer
2023-10-19 20:46:28,705 INFO    SenderThread:1530731 [sender.py:send_request_defer():609] handle sender defer: 8
2023-10-19 20:46:28,705 INFO    SenderThread:1530731 [job_builder.py:build():281] Attempting to build job artifact
2023-10-19 20:46:28,720 INFO    SenderThread:1530731 [job_builder.py:_get_source_type():393] is repo sourced job
2023-10-19 20:46:28,722 INFO    SenderThread:1530731 [sender.py:transition_state():613] send defer: 9
2023-10-19 20:46:28,735 DEBUG   HandlerThread:1530731 [handler.py:handle_request():146] handle_request: defer
2023-10-19 20:46:28,738 INFO    HandlerThread:1530731 [handler.py:handle_request_defer():172] handle defer: 9
2023-10-19 20:46:28,739 DEBUG   SenderThread:1530731 [sender.py:send_request():407] send_request: defer
2023-10-19 20:46:28,743 INFO    SenderThread:1530731 [sender.py:send_request_defer():609] handle sender defer: 9
2023-10-19 20:46:28,744 INFO    SenderThread:1530731 [dir_watcher.py:finish():358] shutting down directory watcher
2023-10-19 20:46:28,784 INFO    wandb-upload_0:1530731 [upload_job.py:push():131] Uploaded file /tmp/tmp7o_zck80wandb/u82oz5jv-wandb-metadata.json
2023-10-19 20:46:28,800 INFO    Thread-12 :1530731 [dir_watcher.py:_on_file_modified():288] file/dir modified: /mnt/home/ashwinr/btp24/grph/ISONET/wandb/run-20231019_204617-2it1b07i/files/wandb-summary.json
2023-10-19 20:46:28,801 INFO    SenderThread:1530731 [dir_watcher.py:finish():388] scan: /mnt/home/ashwinr/btp24/grph/ISONET/wandb/run-20231019_204617-2it1b07i/files
2023-10-19 20:46:28,806 INFO    SenderThread:1530731 [dir_watcher.py:finish():402] scan save: /mnt/home/ashwinr/btp24/grph/ISONET/wandb/run-20231019_204617-2it1b07i/files/config.yaml config.yaml
2023-10-19 20:46:28,809 INFO    SenderThread:1530731 [dir_watcher.py:finish():402] scan save: /mnt/home/ashwinr/btp24/grph/ISONET/wandb/run-20231019_204617-2it1b07i/files/requirements.txt requirements.txt
2023-10-19 20:46:28,817 INFO    SenderThread:1530731 [dir_watcher.py:finish():402] scan save: /mnt/home/ashwinr/btp24/grph/ISONET/wandb/run-20231019_204617-2it1b07i/files/wandb-summary.json wandb-summary.json
2023-10-19 20:46:28,818 INFO    SenderThread:1530731 [dir_watcher.py:finish():402] scan save: /mnt/home/ashwinr/btp24/grph/ISONET/wandb/run-20231019_204617-2it1b07i/files/conda-environment.yaml conda-environment.yaml
2023-10-19 20:46:28,824 INFO    SenderThread:1530731 [dir_watcher.py:finish():402] scan save: /mnt/home/ashwinr/btp24/grph/ISONET/wandb/run-20231019_204617-2it1b07i/files/wandb-metadata.json wandb-metadata.json
2023-10-19 20:46:28,824 INFO    SenderThread:1530731 [sender.py:transition_state():613] send defer: 10
2023-10-19 20:46:28,824 DEBUG   HandlerThread:1530731 [handler.py:handle_request():146] handle_request: defer
2023-10-19 20:46:28,830 INFO    HandlerThread:1530731 [handler.py:handle_request_defer():172] handle defer: 10
2023-10-19 20:46:28,836 DEBUG   SenderThread:1530731 [sender.py:send_request():407] send_request: defer
2023-10-19 20:46:28,836 INFO    SenderThread:1530731 [sender.py:send_request_defer():609] handle sender defer: 10
2023-10-19 20:46:28,839 INFO    SenderThread:1530731 [file_pusher.py:finish():175] shutting down file pusher
2023-10-19 20:46:29,492 INFO    wandb-upload_0:1530731 [upload_job.py:push():131] Uploaded file /mnt/home/ashwinr/btp24/grph/ISONET/wandb/run-20231019_204617-2it1b07i/files/config.yaml
2023-10-19 20:46:29,603 INFO    wandb-upload_2:1530731 [upload_job.py:push():131] Uploaded file /mnt/home/ashwinr/btp24/grph/ISONET/wandb/run-20231019_204617-2it1b07i/files/wandb-summary.json
2023-10-19 20:46:29,652 INFO    wandb-upload_1:1530731 [upload_job.py:push():131] Uploaded file /mnt/home/ashwinr/btp24/grph/ISONET/wandb/run-20231019_204617-2it1b07i/files/requirements.txt
2023-10-19 20:46:29,681 INFO    wandb-upload_3:1530731 [upload_job.py:push():131] Uploaded file /mnt/home/ashwinr/btp24/grph/ISONET/wandb/run-20231019_204617-2it1b07i/files/conda-environment.yaml
2023-10-19 20:46:29,882 INFO    Thread-11 :1530731 [sender.py:transition_state():613] send defer: 11
2023-10-19 20:46:29,882 DEBUG   HandlerThread:1530731 [handler.py:handle_request():146] handle_request: defer
2023-10-19 20:46:29,895 INFO    HandlerThread:1530731 [handler.py:handle_request_defer():172] handle defer: 11
2023-10-19 20:46:29,901 DEBUG   SenderThread:1530731 [sender.py:send_request():407] send_request: defer
2023-10-19 20:46:29,907 INFO    SenderThread:1530731 [sender.py:send_request_defer():609] handle sender defer: 11
2023-10-19 20:46:29,907 INFO    SenderThread:1530731 [file_pusher.py:join():181] waiting for file pusher
2023-10-19 20:46:29,911 INFO    SenderThread:1530731 [sender.py:transition_state():613] send defer: 12
2023-10-19 20:46:29,912 DEBUG   HandlerThread:1530731 [handler.py:handle_request():146] handle_request: defer
2023-10-19 20:46:29,934 INFO    HandlerThread:1530731 [handler.py:handle_request_defer():172] handle defer: 12
2023-10-19 20:46:29,935 DEBUG   SenderThread:1530731 [sender.py:send_request():407] send_request: defer
2023-10-19 20:46:29,942 INFO    SenderThread:1530731 [sender.py:send_request_defer():609] handle sender defer: 12
2023-10-19 20:46:29,942 INFO    SenderThread:1530731 [file_stream.py:finish():595] file stream finish called
2023-10-19 20:46:30,954 INFO    SenderThread:1530731 [file_stream.py:finish():599] file stream finish is done
2023-10-19 20:46:30,955 INFO    SenderThread:1530731 [sender.py:transition_state():613] send defer: 13
2023-10-19 20:46:30,968 DEBUG   HandlerThread:1530731 [handler.py:handle_request():146] handle_request: defer
2023-10-19 20:46:30,987 INFO    HandlerThread:1530731 [handler.py:handle_request_defer():172] handle defer: 13
2023-10-19 20:46:30,987 DEBUG   SenderThread:1530731 [sender.py:send_request():407] send_request: defer
2023-10-19 20:46:30,991 INFO    SenderThread:1530731 [sender.py:send_request_defer():609] handle sender defer: 13
2023-10-19 20:46:30,991 INFO    SenderThread:1530731 [sender.py:transition_state():613] send defer: 14
2023-10-19 20:46:31,007 DEBUG   SenderThread:1530731 [sender.py:send():380] send: final
2023-10-19 20:46:31,007 DEBUG   HandlerThread:1530731 [handler.py:handle_request():146] handle_request: defer
2023-10-19 20:46:31,010 DEBUG   SenderThread:1530731 [sender.py:send():380] send: footer
2023-10-19 20:46:31,011 INFO    HandlerThread:1530731 [handler.py:handle_request_defer():172] handle defer: 14
2023-10-19 20:46:31,038 DEBUG   SenderThread:1530731 [sender.py:send_request():407] send_request: defer
2023-10-19 20:46:31,041 INFO    SenderThread:1530731 [sender.py:send_request_defer():609] handle sender defer: 14
2023-10-19 20:46:31,043 DEBUG   HandlerThread:1530731 [handler.py:handle_request():146] handle_request: poll_exit
2023-10-19 20:46:31,047 DEBUG   HandlerThread:1530731 [handler.py:handle_request():146] handle_request: server_info
2023-10-19 20:46:31,047 DEBUG   HandlerThread:1530731 [handler.py:handle_request():146] handle_request: get_summary
2023-10-19 20:46:31,048 DEBUG   SenderThread:1530731 [sender.py:send_request():407] send_request: poll_exit
2023-10-19 20:46:31,050 DEBUG   HandlerThread:1530731 [handler.py:handle_request():146] handle_request: sampled_history
2023-10-19 20:46:31,054 DEBUG   SenderThread:1530731 [sender.py:send_request():407] send_request: server_info
2023-10-19 20:46:31,059 DEBUG   HandlerThread:1530731 [handler.py:handle_request():146] handle_request: internal_messages
2023-10-19 20:46:31,070 DEBUG   HandlerThread:1530731 [handler.py:handle_request():146] handle_request: job_info
2023-10-19 20:46:31,372 DEBUG   SenderThread:1530731 [sender.py:send_request():407] send_request: job_info
2023-10-19 20:46:31,373 INFO    MainThread:1530731 [wandb_run.py:_footer_history_summary_info():3599] rendering history
2023-10-19 20:46:31,385 INFO    MainThread:1530731 [wandb_run.py:_footer_history_summary_info():3631] rendering summary
2023-10-19 20:46:31,389 INFO    MainThread:1530731 [wandb_run.py:_footer_sync_info():3558] logging synced files
2023-10-19 20:46:31,394 DEBUG   HandlerThread:1530731 [handler.py:handle_request():146] handle_request: shutdown
2023-10-19 20:46:31,396 INFO    HandlerThread:1530731 [handler.py:finish():866] shutting down handler
2023-10-19 20:46:32,072 INFO    WriterThread:1530731 [datastore.py:close():294] close: /mnt/home/ashwinr/btp24/grph/ISONET/wandb/run-20231019_204617-2it1b07i/run-2it1b07i.wandb
2023-10-19 20:46:32,373 INFO    SenderThread:1530731 [sender.py:finish():1534] shutting down sender
2023-10-19 20:46:32,373 INFO    SenderThread:1530731 [file_pusher.py:finish():175] shutting down file pusher
2023-10-19 20:46:32,379 INFO    SenderThread:1530731 [file_pusher.py:join():181] waiting for file pusher
