2023-10-19 20:46:17,803 INFO    MainThread:1530635 [wandb_setup.py:_flush():76] Current SDK version is 0.15.12
2023-10-19 20:46:17,804 INFO    MainThread:1530635 [wandb_setup.py:_flush():76] Configure stats pid to 1530635
2023-10-19 20:46:17,807 INFO    MainThread:1530635 [wandb_setup.py:_flush():76] Loading settings from /mnt/home/ashwinr/.config/wandb/settings
2023-10-19 20:46:17,807 INFO    MainThread:1530635 [wandb_setup.py:_flush():76] Loading settings from /mnt/home/ashwinr/btp24/grph/ISONET/wandb/settings
2023-10-19 20:46:17,807 INFO    MainThread:1530635 [wandb_setup.py:_flush():76] Loading settings from environment variables: {}
2023-10-19 20:46:17,807 INFO    MainThread:1530635 [wandb_setup.py:_flush():76] Applying setup settings: {'_disable_service': False}
2023-10-19 20:46:17,807 WARNING MainThread:1530635 [wandb_setup.py:_flush():76] Could not find program at -m subgraph.iso_matching_models
2023-10-19 20:46:17,810 INFO    MainThread:1530635 [wandb_setup.py:_flush():76] Inferring run settings from compute environment: {'program_relpath': None, 'program': '-m subgraph.iso_matching_models'}
2023-10-19 20:46:17,810 INFO    MainThread:1530635 [wandb_init.py:_log_setup():528] Logging user logs to /mnt/home/ashwinr/btp24/grph/ISONET/wandb/run-20231019_204617-2it1b07i/logs/debug.log
2023-10-19 20:46:17,811 INFO    MainThread:1530635 [wandb_init.py:_log_setup():529] Logging internal logs to /mnt/home/ashwinr/btp24/grph/ISONET/wandb/run-20231019_204617-2it1b07i/logs/debug-internal.log
2023-10-19 20:46:17,813 INFO    MainThread:1530635 [wandb_init.py:init():568] calling init triggers
2023-10-19 20:46:17,814 INFO    MainThread:1530635 [wandb_init.py:init():575] wandb.init called with sweep_config: {}
config: {'time_updates': 1, 'time_update_index': 'k_t', 'prop_param_sharing ': None, 'dataset': 'aids', 'task': 'temporal_isonet_kt_1_iters_shared_params', 'seed': 0, 'noise_factor': 0.0, 'feat_type': 'One', 'margin': 0.5, 'filters_1': 10, 'filters_2': 10, 'filters_3': 10, 'transform_dim': 16}
2023-10-19 20:46:17,814 INFO    MainThread:1530635 [wandb_init.py:init():618] starting backend
2023-10-19 20:46:17,817 INFO    MainThread:1530635 [wandb_init.py:init():622] setting up manager
2023-10-19 20:46:17,818 INFO    MainThread:1530635 [backend.py:_multiprocessing_setup():105] multiprocessing start_methods=fork,spawn,forkserver, using: spawn
2023-10-19 20:46:17,822 INFO    MainThread:1530635 [wandb_init.py:init():628] backend started and connected
2023-10-19 20:46:17,828 INFO    MainThread:1530635 [wandb_init.py:init():720] updated telemetry
2023-10-19 20:46:17,858 INFO    MainThread:1530635 [wandb_init.py:init():753] communicating run to backend with 90.0 second timeout
2023-10-19 20:46:18,806 INFO    MainThread:1530635 [wandb_run.py:_on_init():2220] communicating current version
2023-10-19 20:46:19,088 INFO    MainThread:1530635 [wandb_run.py:_on_init():2229] got version response 
2023-10-19 20:46:19,089 INFO    MainThread:1530635 [wandb_init.py:init():804] starting run threads in backend
2023-10-19 20:46:21,139 WARNING MainThread:1530635 [wandb_init.py:init():1192] interrupted
Traceback (most recent call last):
  File "/mnt/home/ashwinr/.conda/envs/btp-mcis/lib/python3.9/site-packages/wandb/sdk/wandb_init.py", line 1170, in init
    run = wi.init()
  File "/mnt/home/ashwinr/.conda/envs/btp-mcis/lib/python3.9/site-packages/wandb/sdk/wandb_init.py", line 815, in init
    run_start_result = run_start_handle.wait(timeout=30)
  File "/mnt/home/ashwinr/.conda/envs/btp-mcis/lib/python3.9/site-packages/wandb/sdk/lib/mailbox.py", line 283, in wait
    found, abandoned = self._slot._get_and_clear(timeout=wait_timeout)
  File "/mnt/home/ashwinr/.conda/envs/btp-mcis/lib/python3.9/site-packages/wandb/sdk/lib/mailbox.py", line 130, in _get_and_clear
    if self._wait(timeout=timeout):
  File "/mnt/home/ashwinr/.conda/envs/btp-mcis/lib/python3.9/site-packages/wandb/sdk/lib/mailbox.py", line 126, in _wait
    return self._event.wait(timeout=timeout)
  File "/mnt/home/ashwinr/.conda/envs/btp-mcis/lib/python3.9/threading.py", line 581, in wait
    signaled = self._cond.wait(timeout)
  File "/mnt/home/ashwinr/.conda/envs/btp-mcis/lib/python3.9/threading.py", line 316, in wait
    gotit = waiter.acquire(True, timeout)
KeyboardInterrupt
2023-10-19 20:46:32,552 WARNING MsgRouterThr:1530635 [router.py:message_loop():77] message_loop has been closed
