2023-10-19 20:32:11,767 INFO    MainThread:1527893 [wandb_setup.py:_flush():76] Current SDK version is 0.15.12
2023-10-19 20:32:11,768 INFO    MainThread:1527893 [wandb_setup.py:_flush():76] Configure stats pid to 1527893
2023-10-19 20:32:11,775 INFO    MainThread:1527893 [wandb_setup.py:_flush():76] Loading settings from /mnt/home/ashwinr/.config/wandb/settings
2023-10-19 20:32:11,775 INFO    MainThread:1527893 [wandb_setup.py:_flush():76] Loading settings from /mnt/home/ashwinr/btp24/grph/ISONET/wandb/settings
2023-10-19 20:32:11,775 INFO    MainThread:1527893 [wandb_setup.py:_flush():76] Loading settings from environment variables: {}
2023-10-19 20:32:11,779 INFO    MainThread:1527893 [wandb_setup.py:_flush():76] Applying setup settings: {'_disable_service': False}
2023-10-19 20:32:11,779 WARNING MainThread:1527893 [wandb_setup.py:_flush():76] Could not find program at -m subgraph.iso_matching_models
2023-10-19 20:32:11,779 INFO    MainThread:1527893 [wandb_setup.py:_flush():76] Inferring run settings from compute environment: {'program_relpath': None, 'program': '-m subgraph.iso_matching_models'}
2023-10-19 20:32:11,782 INFO    MainThread:1527893 [wandb_init.py:_log_setup():528] Logging user logs to /mnt/home/ashwinr/btp24/grph/ISONET/wandb/run-20231019_203211-wdk3e792/logs/debug.log
2023-10-19 20:32:11,782 INFO    MainThread:1527893 [wandb_init.py:_log_setup():529] Logging internal logs to /mnt/home/ashwinr/btp24/grph/ISONET/wandb/run-20231019_203211-wdk3e792/logs/debug-internal.log
2023-10-19 20:32:11,786 INFO    MainThread:1527893 [wandb_init.py:init():568] calling init triggers
2023-10-19 20:32:11,786 INFO    MainThread:1527893 [wandb_init.py:init():575] wandb.init called with sweep_config: {}
config: {'time_updates': 5, 'time_update_index': 'k_t', 'prop_param_sharing ': None, 'dataset': 'aids', 'task': 'temporal_isonet_kt_5_iters_shared_params', 'seed': 0, 'noise_factor': 0.0, 'feat_type': 'One', 'margin': 0.5, 'filters_1': 10, 'filters_2': 10, 'filters_3': 10, 'transform_dim': 16}
2023-10-19 20:32:11,786 INFO    MainThread:1527893 [wandb_init.py:init():618] starting backend
2023-10-19 20:32:11,789 INFO    MainThread:1527893 [wandb_init.py:init():622] setting up manager
2023-10-19 20:32:11,790 INFO    MainThread:1527893 [backend.py:_multiprocessing_setup():105] multiprocessing start_methods=fork,spawn,forkserver, using: spawn
2023-10-19 20:32:11,796 INFO    MainThread:1527893 [wandb_init.py:init():628] backend started and connected
2023-10-19 20:32:11,802 INFO    MainThread:1527893 [wandb_init.py:init():720] updated telemetry
2023-10-19 20:32:11,835 INFO    MainThread:1527893 [wandb_init.py:init():753] communicating run to backend with 90.0 second timeout
2023-10-19 20:32:12,751 INFO    MainThread:1527893 [wandb_run.py:_on_init():2220] communicating current version
2023-10-19 20:32:12,984 INFO    MainThread:1527893 [wandb_run.py:_on_init():2229] got version response 
2023-10-19 20:32:12,985 INFO    MainThread:1527893 [wandb_init.py:init():804] starting run threads in backend
2023-10-19 20:32:27,905 INFO    MainThread:1527893 [wandb_run.py:_console_start():2199] atexit reg
2023-10-19 20:32:27,905 INFO    MainThread:1527893 [wandb_run.py:_redirect():2054] redirect: wrap_raw
2023-10-19 20:32:27,906 INFO    MainThread:1527893 [wandb_run.py:_redirect():2119] Wrapping output streams.
2023-10-19 20:32:27,906 INFO    MainThread:1527893 [wandb_run.py:_redirect():2144] Redirects installed.
2023-10-19 20:32:27,907 INFO    MainThread:1527893 [wandb_init.py:init():845] run started, returning control to user process
