2023-10-19 20:32:11,800 INFO    StreamThr :1527987 [internal.py:wandb_internal():86] W&B internal server running at pid: 1527987, started at: 2023-10-19 20:32:11.793385
2023-10-19 20:32:11,804 DEBUG   HandlerThread:1527987 [handler.py:handle_request():146] handle_request: status
2023-10-19 20:32:11,806 INFO    WriterThread:1527987 [datastore.py:open_for_write():85] open: /mnt/home/ashwinr/btp24/grph/ISONET/wandb/run-20231019_203211-wdk3e792/run-wdk3e792.wandb
2023-10-19 20:32:11,819 DEBUG   SenderThread:1527987 [sender.py:send():380] send: header
2023-10-19 20:32:11,838 DEBUG   SenderThread:1527987 [sender.py:send():380] send: run
2023-10-19 20:32:12,736 INFO    SenderThread:1527987 [dir_watcher.py:__init__():211] watching files in: /mnt/home/ashwinr/btp24/grph/ISONET/wandb/run-20231019_203211-wdk3e792/files
2023-10-19 20:32:12,736 INFO    SenderThread:1527987 [sender.py:_start_run_threads():1122] run started: wdk3e792 with start time 1697727731.79696
2023-10-19 20:32:12,752 DEBUG   HandlerThread:1527987 [handler.py:handle_request():146] handle_request: check_version
2023-10-19 20:32:12,753 DEBUG   SenderThread:1527987 [sender.py:send_request():407] send_request: check_version
2023-10-19 20:32:12,998 DEBUG   HandlerThread:1527987 [handler.py:handle_request():146] handle_request: run_start
2023-10-19 20:32:13,010 DEBUG   HandlerThread:1527987 [system_info.py:__init__():32] System info init
2023-10-19 20:32:13,011 DEBUG   HandlerThread:1527987 [system_info.py:__init__():47] System info init done
2023-10-19 20:32:13,014 INFO    HandlerThread:1527987 [system_monitor.py:start():194] Starting system monitor
2023-10-19 20:32:13,014 INFO    SystemMonitor:1527987 [system_monitor.py:_start():158] Starting system asset monitoring threads
2023-10-19 20:32:13,014 INFO    HandlerThread:1527987 [system_monitor.py:probe():214] Collecting system info
2023-10-19 20:32:13,018 INFO    SystemMonitor:1527987 [interfaces.py:start():190] Started cpu monitoring
2023-10-19 20:32:13,024 INFO    SystemMonitor:1527987 [interfaces.py:start():190] Started disk monitoring
2023-10-19 20:32:13,027 INFO    SystemMonitor:1527987 [interfaces.py:start():190] Started gpu monitoring
2023-10-19 20:32:13,030 INFO    SystemMonitor:1527987 [interfaces.py:start():190] Started memory monitoring
2023-10-19 20:32:13,034 INFO    SystemMonitor:1527987 [interfaces.py:start():190] Started network monitoring
2023-10-19 20:32:13,096 DEBUG   HandlerThread:1527987 [system_info.py:probe():196] Probing system
2023-10-19 20:32:13,109 DEBUG   HandlerThread:1527987 [system_info.py:_probe_git():181] Probing git
2023-10-19 20:32:13,138 DEBUG   HandlerThread:1527987 [system_info.py:_probe_git():189] Probing git done
2023-10-19 20:32:13,139 DEBUG   HandlerThread:1527987 [system_info.py:probe():244] Probing system done
2023-10-19 20:32:13,142 DEBUG   HandlerThread:1527987 [system_monitor.py:probe():223] {'os': 'Linux-5.10.0-21-amd64-x86_64-with-glibc2.31', 'python': '3.9.16', 'heartbeatAt': '2023-10-19T15:02:13.096741', 'startedAt': '2023-10-19T15:02:11.705940', 'docker': None, 'cuda': None, 'args': ('--TASK=temporal_isonet_kt_5_iters_shared_params', '--NOISE_FACTOR=0', '--MARGIN=0.5', '--filters_1=10', '--filters_2=10', '--filters_3=10', '--transform_dim=16', '--FEAT_TYPE=One', '--DATASET_NAME=aids', '--SEED=0', '--time_updates', '5'), 'state': 'running', 'program': '-m subgraph.iso_matching_models', 'codePathLocal': None, 'git': {'remote': 'https://github.com/Indradyumna/ISONET.git', 'commit': 'a620ab297d66fec8a033cb3f43914fd1a71abf0b'}, 'email': '200050016@iitb.ac.in', 'root': '/mnt/home/ashwinr/btp24/grph/ISONET', 'host': 'dog', 'username': 'ashwinr', 'executable': '/mnt/home/ashwinr/.conda/envs/btp-mcis/bin/python3', 'cpu_count': 32, 'cpu_count_logical': 64, 'cpu_freq': {'current': 1520.2487968750002, 'min': 1000.0, 'max': 3700.0}, 'cpu_freq_per_core': [{'current': 1000.083, 'min': 1000.0, 'max': 3700.0}, {'current': 3400.255, 'min': 1000.0, 'max': 3700.0}, {'current': 3404.856, 'min': 1000.0, 'max': 3700.0}, {'current': 1751.801, 'min': 1000.0, 'max': 3700.0}, {'current': 1000.42, 'min': 1000.0, 'max': 3700.0}, {'current': 2928.779, 'min': 1000.0, 'max': 3700.0}, {'current': 1000.51, 'min': 1000.0, 'max': 3700.0}, {'current': 1000.781, 'min': 1000.0, 'max': 3700.0}, {'current': 1000.828, 'min': 1000.0, 'max': 3700.0}, {'current': 1000.645, 'min': 1000.0, 'max': 3700.0}, {'current': 1000.001, 'min': 1000.0, 'max': 3700.0}, {'current': 1000.255, 'min': 1000.0, 'max': 3700.0}, {'current': 1000.515, 'min': 1000.0, 'max': 3700.0}, {'current': 2801.832, 'min': 1000.0, 'max': 3700.0}, {'current': 1000.444, 'min': 1000.0, 'max': 3700.0}, {'current': 1000.215, 'min': 1000.0, 'max': 3700.0}, {'current': 1000.788, 'min': 1000.0, 'max': 3700.0}, {'current': 3289.436, 'min': 1000.0, 'max': 3700.0}, {'current': 1000.623, 'min': 1000.0, 'max': 3700.0}, {'current': 1372.532, 'min': 1000.0, 'max': 3700.0}, {'current': 3108.739, 'min': 1000.0, 'max': 3700.0}, {'current': 1000.18, 'min': 1000.0, 'max': 3700.0}, {'current': 1000.008, 'min': 1000.0, 'max': 3700.0}, {'current': 1000.934, 'min': 1000.0, 'max': 3700.0}, {'current': 1658.256, 'min': 1000.0, 'max': 3700.0}, {'current': 1579.473, 'min': 1000.0, 'max': 3700.0}, {'current': 1000.791, 'min': 1000.0, 'max': 3700.0}, {'current': 1000.179, 'min': 1000.0, 'max': 3700.0}, {'current': 2802.431, 'min': 1000.0, 'max': 3700.0}, {'current': 1000.784, 'min': 1000.0, 'max': 3700.0}, {'current': 1000.143, 'min': 1000.0, 'max': 3700.0}, {'current': 1000.344, 'min': 1000.0, 'max': 3700.0}, {'current': 1001.163, 'min': 1000.0, 'max': 3700.0}, {'current': 3258.447, 'min': 1000.0, 'max': 3700.0}, {'current': 3286.144, 'min': 1000.0, 'max': 3700.0}, {'current': 1552.818, 'min': 1000.0, 'max': 3700.0}, {'current': 1000.307, 'min': 1000.0, 'max': 3700.0}, {'current': 3002.708, 'min': 1000.0, 'max': 3700.0}, {'current': 1000.278, 'min': 1000.0, 'max': 3700.0}, {'current': 1000.37, 'min': 1000.0, 'max': 3700.0}, {'current': 1000.34, 'min': 1000.0, 'max': 3700.0}, {'current': 1000.608, 'min': 1000.0, 'max': 3700.0}, {'current': 989.72, 'min': 1000.0, 'max': 3700.0}, {'current': 1001.059, 'min': 1000.0, 'max': 3700.0}, {'current': 1001.037, 'min': 1000.0, 'max': 3700.0}, {'current': 3280.082, 'min': 1000.0, 'max': 3700.0}, {'current': 1000.396, 'min': 1000.0, 'max': 3700.0}, {'current': 1000.661, 'min': 1000.0, 'max': 3700.0}, {'current': 1000.015, 'min': 1000.0, 'max': 3700.0}, {'current': 3339.77, 'min': 1000.0, 'max': 3700.0}, {'current': 1000.24, 'min': 1000.0, 'max': 3700.0}, {'current': 1279.024, 'min': 1000.0, 'max': 3700.0}, {'current': 3244.998, 'min': 1000.0, 'max': 3700.0}, {'current': 1000.262, 'min': 1000.0, 'max': 3700.0}, {'current': 1000.035, 'min': 1000.0, 'max': 3700.0}, {'current': 1000.009, 'min': 1000.0, 'max': 3700.0}, {'current': 1311.108, 'min': 1000.0, 'max': 3700.0}, {'current': 1764.669, 'min': 1000.0, 'max': 3700.0}, {'current': 1000.07, 'min': 1000.0, 'max': 3700.0}, {'current': 1000.694, 'min': 1000.0, 'max': 3700.0}, {'current': 3252.518, 'min': 1000.0, 'max': 3700.0}, {'current': 1000.064, 'min': 1000.0, 'max': 3700.0}, {'current': 1000.28, 'min': 1000.0, 'max': 3700.0}, {'current': 1000.789, 'min': 1000.0, 'max': 3700.0}], 'disk': {'/': {'total': 195.67869567871094, 'used': 30.92538833618164}}, 'gpu': 'NVIDIA RTX A6000', 'gpu_count': 6, 'gpu_devices': [{'name': 'NVIDIA RTX A6000', 'memory_total': 51050315776}, {'name': 'NVIDIA RTX A6000', 'memory_total': 51050315776}, {'name': 'NVIDIA RTX A6000', 'memory_total': 51050315776}, {'name': 'NVIDIA RTX A6000', 'memory_total': 51050315776}, {'name': 'NVIDIA RTX A6000', 'memory_total': 51050315776}, {'name': 'NVIDIA RTX A6000', 'memory_total': 51050315776}], 'memory': {'total': 1510.537124633789}}
2023-10-19 20:32:13,146 INFO    HandlerThread:1527987 [system_monitor.py:probe():224] Finished collecting system info
2023-10-19 20:32:13,146 INFO    HandlerThread:1527987 [system_monitor.py:probe():227] Publishing system info
2023-10-19 20:32:13,146 DEBUG   HandlerThread:1527987 [system_info.py:_save_pip():52] Saving list of pip packages installed into the current environment
2023-10-19 20:32:13,161 DEBUG   HandlerThread:1527987 [system_info.py:_save_pip():68] Saving pip packages done
2023-10-19 20:32:13,162 DEBUG   HandlerThread:1527987 [system_info.py:_save_conda():75] Saving list of conda packages installed into the current environment
2023-10-19 20:32:13,742 INFO    Thread-12 :1527987 [dir_watcher.py:_on_file_created():271] file/dir created: /mnt/home/ashwinr/btp24/grph/ISONET/wandb/run-20231019_203211-wdk3e792/files/requirements.txt
2023-10-19 20:32:13,743 INFO    Thread-12 :1527987 [dir_watcher.py:_on_file_created():271] file/dir created: /mnt/home/ashwinr/btp24/grph/ISONET/wandb/run-20231019_203211-wdk3e792/files/conda-environment.yaml
2023-10-19 20:32:27,433 INFO    Thread-12 :1527987 [dir_watcher.py:_on_file_modified():288] file/dir modified: /mnt/home/ashwinr/btp24/grph/ISONET/wandb/run-20231019_203211-wdk3e792/files/conda-environment.yaml
2023-10-19 20:32:27,717 DEBUG   HandlerThread:1527987 [system_info.py:_save_conda():87] Saving conda packages done
2023-10-19 20:32:27,733 INFO    HandlerThread:1527987 [system_monitor.py:probe():229] Finished publishing system info
2023-10-19 20:32:27,895 DEBUG   HandlerThread:1527987 [handler.py:handle_request():146] handle_request: status_report
2023-10-19 20:32:27,895 DEBUG   HandlerThread:1527987 [handler.py:handle_request():146] handle_request: keepalive
2023-10-19 20:32:27,900 DEBUG   HandlerThread:1527987 [handler.py:handle_request():146] handle_request: status_report
2023-10-19 20:32:27,900 DEBUG   HandlerThread:1527987 [handler.py:handle_request():146] handle_request: keepalive
2023-10-19 20:32:27,900 DEBUG   HandlerThread:1527987 [handler.py:handle_request():146] handle_request: status_report
2023-10-19 20:32:27,905 DEBUG   SenderThread:1527987 [sender.py:send():380] send: files
2023-10-19 20:32:27,906 DEBUG   HandlerThread:1527987 [handler.py:handle_request():146] handle_request: stop_status
2023-10-19 20:32:27,908 INFO    SenderThread:1527987 [sender.py:_save_file():1378] saving file wandb-metadata.json with policy now
2023-10-19 20:32:27,908 DEBUG   HandlerThread:1527987 [handler.py:handle_request():146] handle_request: internal_messages
2023-10-19 20:32:27,910 DEBUG   SenderThread:1527987 [sender.py:send_request():407] send_request: stop_status
2023-10-19 20:32:28,194 DEBUG   SenderThread:1527987 [sender.py:send():380] send: telemetry
2023-10-19 20:32:28,434 INFO    Thread-12 :1527987 [dir_watcher.py:_on_file_created():271] file/dir created: /mnt/home/ashwinr/btp24/grph/ISONET/wandb/run-20231019_203211-wdk3e792/files/wandb-metadata.json
2023-10-19 20:32:28,435 INFO    Thread-12 :1527987 [dir_watcher.py:_on_file_created():271] file/dir created: /mnt/home/ashwinr/btp24/grph/ISONET/wandb/run-20231019_203211-wdk3e792/files/output.log
2023-10-19 20:32:28,999 INFO    wandb-upload_0:1527987 [upload_job.py:push():131] Uploaded file /tmp/tmphsi4cp0lwandb/o9zgrrfq-wandb-metadata.json
2023-10-19 20:32:30,453 INFO    Thread-12 :1527987 [dir_watcher.py:_on_file_modified():288] file/dir modified: /mnt/home/ashwinr/btp24/grph/ISONET/wandb/run-20231019_203211-wdk3e792/files/output.log
2023-10-19 20:32:32,209 DEBUG   HandlerThread:1527987 [handler.py:handle_request():146] handle_request: status_report
2023-10-19 20:32:37,210 DEBUG   HandlerThread:1527987 [handler.py:handle_request():146] handle_request: status_report
2023-10-19 20:32:38,508 INFO    Thread-12 :1527987 [dir_watcher.py:_on_file_modified():288] file/dir modified: /mnt/home/ashwinr/btp24/grph/ISONET/wandb/run-20231019_203211-wdk3e792/files/output.log
2023-10-19 20:32:40,511 INFO    Thread-12 :1527987 [dir_watcher.py:_on_file_modified():288] file/dir modified: /mnt/home/ashwinr/btp24/grph/ISONET/wandb/run-20231019_203211-wdk3e792/files/output.log
2023-10-19 20:32:42,513 INFO    Thread-12 :1527987 [dir_watcher.py:_on_file_modified():288] file/dir modified: /mnt/home/ashwinr/btp24/grph/ISONET/wandb/run-20231019_203211-wdk3e792/files/output.log
2023-10-19 20:32:42,907 DEBUG   HandlerThread:1527987 [handler.py:handle_request():146] handle_request: stop_status
2023-10-19 20:32:42,908 DEBUG   HandlerThread:1527987 [handler.py:handle_request():146] handle_request: internal_messages
2023-10-19 20:32:42,909 DEBUG   SenderThread:1527987 [sender.py:send_request():407] send_request: stop_status
2023-10-19 20:32:43,301 DEBUG   HandlerThread:1527987 [handler.py:handle_request():146] handle_request: status_report
2023-10-19 20:32:44,518 INFO    Thread-12 :1527987 [dir_watcher.py:_on_file_modified():288] file/dir modified: /mnt/home/ashwinr/btp24/grph/ISONET/wandb/run-20231019_203211-wdk3e792/files/config.yaml
2023-10-19 20:32:48,649 DEBUG   HandlerThread:1527987 [handler.py:handle_request():146] handle_request: status_report
2023-10-19 20:32:53,650 DEBUG   HandlerThread:1527987 [handler.py:handle_request():146] handle_request: status_report
2023-10-19 20:32:57,911 DEBUG   HandlerThread:1527987 [handler.py:handle_request():146] handle_request: stop_status
2023-10-19 20:32:57,912 DEBUG   HandlerThread:1527987 [handler.py:handle_request():146] handle_request: internal_messages
2023-10-19 20:32:57,912 DEBUG   SenderThread:1527987 [sender.py:send_request():407] send_request: stop_status
2023-10-19 20:32:59,253 DEBUG   HandlerThread:1527987 [handler.py:handle_request():146] handle_request: status_report
2023-10-19 20:33:04,255 DEBUG   HandlerThread:1527987 [handler.py:handle_request():146] handle_request: status_report
2023-10-19 20:33:09,256 DEBUG   HandlerThread:1527987 [handler.py:handle_request():146] handle_request: status_report
2023-10-19 20:33:12,906 DEBUG   HandlerThread:1527987 [handler.py:handle_request():146] handle_request: stop_status
2023-10-19 20:33:12,907 DEBUG   SenderThread:1527987 [sender.py:send_request():407] send_request: stop_status
2023-10-19 20:33:12,952 DEBUG   HandlerThread:1527987 [handler.py:handle_request():146] handle_request: internal_messages
2023-10-19 20:33:13,037 DEBUG   SystemMonitor:1527987 [system_monitor.py:_start():172] Starting system metrics aggregation loop
2023-10-19 20:33:13,244 DEBUG   SenderThread:1527987 [sender.py:send():380] send: stats
2023-10-19 20:33:15,246 DEBUG   HandlerThread:1527987 [handler.py:handle_request():146] handle_request: status_report
2023-10-19 20:33:20,248 DEBUG   HandlerThread:1527987 [handler.py:handle_request():146] handle_request: status_report
2023-10-19 20:33:25,249 DEBUG   HandlerThread:1527987 [handler.py:handle_request():146] handle_request: status_report
2023-10-19 20:33:27,912 DEBUG   HandlerThread:1527987 [handler.py:handle_request():146] handle_request: internal_messages
2023-10-19 20:33:27,912 DEBUG   HandlerThread:1527987 [handler.py:handle_request():146] handle_request: stop_status
2023-10-19 20:33:27,913 DEBUG   SenderThread:1527987 [sender.py:send_request():407] send_request: stop_status
2023-10-19 20:33:30,252 DEBUG   HandlerThread:1527987 [handler.py:handle_request():146] handle_request: status_report
2023-10-19 20:33:35,253 DEBUG   HandlerThread:1527987 [handler.py:handle_request():146] handle_request: status_report
2023-10-19 20:33:40,255 DEBUG   HandlerThread:1527987 [handler.py:handle_request():146] handle_request: status_report
2023-10-19 20:33:42,911 DEBUG   HandlerThread:1527987 [handler.py:handle_request():146] handle_request: stop_status
2023-10-19 20:33:42,912 DEBUG   SenderThread:1527987 [sender.py:send_request():407] send_request: stop_status
2023-10-19 20:33:42,952 DEBUG   HandlerThread:1527987 [handler.py:handle_request():146] handle_request: internal_messages
2023-10-19 20:33:43,237 DEBUG   SenderThread:1527987 [sender.py:send():380] send: stats
2023-10-19 20:33:46,239 DEBUG   HandlerThread:1527987 [handler.py:handle_request():146] handle_request: status_report
2023-10-19 20:33:51,242 DEBUG   HandlerThread:1527987 [handler.py:handle_request():146] handle_request: status_report
2023-10-19 20:33:56,242 DEBUG   HandlerThread:1527987 [handler.py:handle_request():146] handle_request: status_report
2023-10-19 20:33:57,913 DEBUG   HandlerThread:1527987 [handler.py:handle_request():146] handle_request: stop_status
2023-10-19 20:33:57,914 DEBUG   SenderThread:1527987 [sender.py:send_request():407] send_request: stop_status
2023-10-19 20:33:57,956 DEBUG   HandlerThread:1527987 [handler.py:handle_request():146] handle_request: internal_messages
2023-10-19 20:34:01,316 DEBUG   HandlerThread:1527987 [handler.py:handle_request():146] handle_request: status_report
2023-10-19 20:34:06,319 DEBUG   HandlerThread:1527987 [handler.py:handle_request():146] handle_request: status_report
2023-10-19 20:34:11,319 DEBUG   HandlerThread:1527987 [handler.py:handle_request():146] handle_request: status_report
2023-10-19 20:34:12,912 DEBUG   HandlerThread:1527987 [handler.py:handle_request():146] handle_request: stop_status
2023-10-19 20:34:12,913 DEBUG   SenderThread:1527987 [sender.py:send_request():407] send_request: stop_status
2023-10-19 20:34:12,952 DEBUG   HandlerThread:1527987 [handler.py:handle_request():146] handle_request: internal_messages
2023-10-19 20:34:13,234 DEBUG   SenderThread:1527987 [sender.py:send():380] send: stats
2023-10-19 20:34:17,237 DEBUG   HandlerThread:1527987 [handler.py:handle_request():146] handle_request: status_report
2023-10-19 20:34:22,240 DEBUG   HandlerThread:1527987 [handler.py:handle_request():146] handle_request: status_report
2023-10-19 20:34:27,240 DEBUG   HandlerThread:1527987 [handler.py:handle_request():146] handle_request: status_report
2023-10-19 20:34:27,912 DEBUG   HandlerThread:1527987 [handler.py:handle_request():146] handle_request: stop_status
2023-10-19 20:34:27,912 DEBUG   HandlerThread:1527987 [handler.py:handle_request():146] handle_request: internal_messages
2023-10-19 20:34:27,913 DEBUG   SenderThread:1527987 [sender.py:send_request():407] send_request: stop_status
2023-10-19 20:34:32,293 DEBUG   HandlerThread:1527987 [handler.py:handle_request():146] handle_request: status_report
2023-10-19 20:34:37,296 DEBUG   HandlerThread:1527987 [handler.py:handle_request():146] handle_request: status_report
2023-10-19 20:34:42,296 DEBUG   HandlerThread:1527987 [handler.py:handle_request():146] handle_request: status_report
2023-10-19 20:34:42,915 DEBUG   HandlerThread:1527987 [handler.py:handle_request():146] handle_request: internal_messages
2023-10-19 20:34:42,915 DEBUG   HandlerThread:1527987 [handler.py:handle_request():146] handle_request: stop_status
2023-10-19 20:34:42,921 DEBUG   SenderThread:1527987 [sender.py:send_request():407] send_request: stop_status
2023-10-19 20:34:43,282 DEBUG   SenderThread:1527987 [sender.py:send():380] send: stats
2023-10-19 20:34:48,285 DEBUG   HandlerThread:1527987 [handler.py:handle_request():146] handle_request: status_report
2023-10-19 20:34:53,287 DEBUG   HandlerThread:1527987 [handler.py:handle_request():146] handle_request: status_report
2023-10-19 20:34:57,915 DEBUG   HandlerThread:1527987 [handler.py:handle_request():146] handle_request: internal_messages
2023-10-19 20:34:57,915 DEBUG   HandlerThread:1527987 [handler.py:handle_request():146] handle_request: stop_status
2023-10-19 20:34:57,928 DEBUG   SenderThread:1527987 [sender.py:send_request():407] send_request: stop_status
2023-10-19 20:34:59,260 DEBUG   HandlerThread:1527987 [handler.py:handle_request():146] handle_request: status_report
2023-10-19 20:35:04,261 DEBUG   HandlerThread:1527987 [handler.py:handle_request():146] handle_request: status_report
2023-10-19 20:35:09,262 DEBUG   HandlerThread:1527987 [handler.py:handle_request():146] handle_request: status_report
2023-10-19 20:35:12,914 DEBUG   HandlerThread:1527987 [handler.py:handle_request():146] handle_request: stop_status
2023-10-19 20:35:12,914 DEBUG   HandlerThread:1527987 [handler.py:handle_request():146] handle_request: internal_messages
2023-10-19 20:35:12,915 DEBUG   SenderThread:1527987 [sender.py:send_request():407] send_request: stop_status
2023-10-19 20:35:13,328 DEBUG   SenderThread:1527987 [sender.py:send():380] send: stats
2023-10-19 20:35:14,330 DEBUG   HandlerThread:1527987 [handler.py:handle_request():146] handle_request: status_report
2023-10-19 20:35:19,331 DEBUG   HandlerThread:1527987 [handler.py:handle_request():146] handle_request: status_report
2023-10-19 20:35:24,333 DEBUG   HandlerThread:1527987 [handler.py:handle_request():146] handle_request: status_report
2023-10-19 20:35:27,914 DEBUG   HandlerThread:1527987 [handler.py:handle_request():146] handle_request: internal_messages
2023-10-19 20:35:27,915 DEBUG   HandlerThread:1527987 [handler.py:handle_request():146] handle_request: stop_status
2023-10-19 20:35:27,928 DEBUG   SenderThread:1527987 [sender.py:send_request():407] send_request: stop_status
2023-10-19 20:35:30,243 DEBUG   HandlerThread:1527987 [handler.py:handle_request():146] handle_request: status_report
2023-10-19 20:35:35,246 DEBUG   HandlerThread:1527987 [handler.py:handle_request():146] handle_request: status_report
2023-10-19 20:35:40,246 DEBUG   HandlerThread:1527987 [handler.py:handle_request():146] handle_request: status_report
2023-10-19 20:35:41,188 DEBUG   SenderThread:1527987 [sender.py:send():380] send: exit
2023-10-19 20:35:41,188 INFO    SenderThread:1527987 [sender.py:send_exit():585] handling exit code: 255
2023-10-19 20:35:41,200 INFO    SenderThread:1527987 [sender.py:send_exit():587] handling runtime: 208
2023-10-19 20:35:41,208 INFO    SenderThread:1527987 [sender.py:_save_file():1378] saving file wandb-summary.json with policy end
2023-10-19 20:35:41,210 INFO    SenderThread:1527987 [sender.py:send_exit():593] send defer
2023-10-19 20:35:41,212 DEBUG   HandlerThread:1527987 [handler.py:handle_request():146] handle_request: defer
2023-10-19 20:35:41,215 INFO    HandlerThread:1527987 [handler.py:handle_request_defer():172] handle defer: 0
2023-10-19 20:35:41,218 DEBUG   SenderThread:1527987 [sender.py:send_request():407] send_request: defer
2023-10-19 20:35:41,224 INFO    SenderThread:1527987 [sender.py:send_request_defer():609] handle sender defer: 0
2023-10-19 20:35:41,224 INFO    SenderThread:1527987 [sender.py:transition_state():613] send defer: 1
2023-10-19 20:35:41,227 DEBUG   HandlerThread:1527987 [handler.py:handle_request():146] handle_request: defer
2023-10-19 20:35:41,230 INFO    HandlerThread:1527987 [handler.py:handle_request_defer():172] handle defer: 1
2023-10-19 20:35:41,231 DEBUG   SenderThread:1527987 [sender.py:send_request():407] send_request: defer
2023-10-19 20:35:41,234 INFO    SenderThread:1527987 [sender.py:send_request_defer():609] handle sender defer: 1
2023-10-19 20:35:41,234 INFO    SenderThread:1527987 [sender.py:transition_state():613] send defer: 2
2023-10-19 20:35:41,237 DEBUG   HandlerThread:1527987 [handler.py:handle_request():146] handle_request: defer
2023-10-19 20:35:41,244 INFO    HandlerThread:1527987 [handler.py:handle_request_defer():172] handle defer: 2
2023-10-19 20:35:41,247 INFO    HandlerThread:1527987 [system_monitor.py:finish():203] Stopping system monitor
2023-10-19 20:35:41,249 INFO    HandlerThread:1527987 [interfaces.py:finish():202] Joined cpu monitor
2023-10-19 20:35:41,250 DEBUG   SystemMonitor:1527987 [system_monitor.py:_start():179] Finished system metrics aggregation loop
2023-10-19 20:35:41,251 INFO    HandlerThread:1527987 [interfaces.py:finish():202] Joined disk monitor
2023-10-19 20:35:41,254 DEBUG   SystemMonitor:1527987 [system_monitor.py:_start():183] Publishing last batch of metrics
2023-10-19 20:35:41,871 INFO    Thread-12 :1527987 [dir_watcher.py:_on_file_created():271] file/dir created: /mnt/home/ashwinr/btp24/grph/ISONET/wandb/run-20231019_203211-wdk3e792/files/wandb-summary.json
2023-10-19 20:35:42,074 INFO    HandlerThread:1527987 [interfaces.py:finish():202] Joined gpu monitor
2023-10-19 20:35:42,075 INFO    HandlerThread:1527987 [interfaces.py:finish():202] Joined memory monitor
2023-10-19 20:35:42,087 INFO    HandlerThread:1527987 [interfaces.py:finish():202] Joined network monitor
2023-10-19 20:35:42,101 DEBUG   SenderThread:1527987 [sender.py:send_request():407] send_request: defer
2023-10-19 20:35:42,101 INFO    SenderThread:1527987 [sender.py:send_request_defer():609] handle sender defer: 2
2023-10-19 20:35:42,102 INFO    SenderThread:1527987 [sender.py:transition_state():613] send defer: 3
2023-10-19 20:35:42,105 DEBUG   SenderThread:1527987 [sender.py:send():380] send: stats
2023-10-19 20:35:42,105 DEBUG   HandlerThread:1527987 [handler.py:handle_request():146] handle_request: defer
2023-10-19 20:35:42,112 INFO    HandlerThread:1527987 [handler.py:handle_request_defer():172] handle defer: 3
2023-10-19 20:35:42,112 DEBUG   SenderThread:1527987 [sender.py:send_request():407] send_request: defer
2023-10-19 20:35:42,115 INFO    SenderThread:1527987 [sender.py:send_request_defer():609] handle sender defer: 3
2023-10-19 20:35:42,115 INFO    SenderThread:1527987 [sender.py:transition_state():613] send defer: 4
2023-10-19 20:35:42,118 DEBUG   HandlerThread:1527987 [handler.py:handle_request():146] handle_request: defer
2023-10-19 20:35:42,122 INFO    HandlerThread:1527987 [handler.py:handle_request_defer():172] handle defer: 4
2023-10-19 20:35:42,122 DEBUG   SenderThread:1527987 [sender.py:send_request():407] send_request: defer
2023-10-19 20:35:42,125 INFO    SenderThread:1527987 [sender.py:send_request_defer():609] handle sender defer: 4
2023-10-19 20:35:42,125 INFO    SenderThread:1527987 [sender.py:transition_state():613] send defer: 5
2023-10-19 20:35:42,125 DEBUG   HandlerThread:1527987 [handler.py:handle_request():146] handle_request: defer
2023-10-19 20:35:42,128 INFO    HandlerThread:1527987 [handler.py:handle_request_defer():172] handle defer: 5
2023-10-19 20:35:42,132 DEBUG   SenderThread:1527987 [sender.py:send():380] send: summary
2023-10-19 20:35:42,145 INFO    SenderThread:1527987 [sender.py:_save_file():1378] saving file wandb-summary.json with policy end
2023-10-19 20:35:42,147 DEBUG   SenderThread:1527987 [sender.py:send_request():407] send_request: defer
2023-10-19 20:35:42,148 INFO    SenderThread:1527987 [sender.py:send_request_defer():609] handle sender defer: 5
2023-10-19 20:35:42,148 INFO    SenderThread:1527987 [sender.py:transition_state():613] send defer: 6
2023-10-19 20:35:42,152 DEBUG   HandlerThread:1527987 [handler.py:handle_request():146] handle_request: defer
2023-10-19 20:35:42,156 INFO    HandlerThread:1527987 [handler.py:handle_request_defer():172] handle defer: 6
2023-10-19 20:35:42,160 DEBUG   SenderThread:1527987 [sender.py:send_request():407] send_request: defer
2023-10-19 20:35:42,163 INFO    SenderThread:1527987 [sender.py:send_request_defer():609] handle sender defer: 6
2023-10-19 20:35:42,163 INFO    SenderThread:1527987 [sender.py:transition_state():613] send defer: 7
2023-10-19 20:35:42,163 DEBUG   HandlerThread:1527987 [handler.py:handle_request():146] handle_request: status_report
2023-10-19 20:35:42,169 DEBUG   HandlerThread:1527987 [handler.py:handle_request():146] handle_request: defer
2023-10-19 20:35:42,173 INFO    HandlerThread:1527987 [handler.py:handle_request_defer():172] handle defer: 7
2023-10-19 20:35:42,173 DEBUG   SenderThread:1527987 [sender.py:send_request():407] send_request: defer
2023-10-19 20:35:42,182 INFO    SenderThread:1527987 [sender.py:send_request_defer():609] handle sender defer: 7
2023-10-19 20:35:42,189 DEBUG   HandlerThread:1527987 [handler.py:handle_request():146] handle_request: poll_exit
2023-10-19 20:35:42,872 INFO    Thread-12 :1527987 [dir_watcher.py:_on_file_modified():288] file/dir modified: /mnt/home/ashwinr/btp24/grph/ISONET/wandb/run-20231019_203211-wdk3e792/files/wandb-summary.json
2023-10-19 20:35:43,171 INFO    SenderThread:1527987 [sender.py:transition_state():613] send defer: 8
2023-10-19 20:35:43,172 DEBUG   SenderThread:1527987 [sender.py:send_request():407] send_request: poll_exit
2023-10-19 20:35:43,172 DEBUG   HandlerThread:1527987 [handler.py:handle_request():146] handle_request: defer
2023-10-19 20:35:43,178 INFO    HandlerThread:1527987 [handler.py:handle_request_defer():172] handle defer: 8
2023-10-19 20:35:43,178 DEBUG   SenderThread:1527987 [sender.py:send_request():407] send_request: defer
2023-10-19 20:35:43,180 INFO    SenderThread:1527987 [sender.py:send_request_defer():609] handle sender defer: 8
2023-10-19 20:35:43,181 INFO    SenderThread:1527987 [job_builder.py:build():281] Attempting to build job artifact
2023-10-19 20:35:43,186 INFO    SenderThread:1527987 [job_builder.py:_get_source_type():393] is repo sourced job
2023-10-19 20:35:43,187 INFO    SenderThread:1527987 [sender.py:transition_state():613] send defer: 9
2023-10-19 20:35:43,187 DEBUG   HandlerThread:1527987 [handler.py:handle_request():146] handle_request: defer
2023-10-19 20:35:43,190 INFO    HandlerThread:1527987 [handler.py:handle_request_defer():172] handle defer: 9
2023-10-19 20:35:43,190 DEBUG   HandlerThread:1527987 [handler.py:handle_request():146] handle_request: poll_exit
2023-10-19 20:35:43,191 DEBUG   SenderThread:1527987 [sender.py:send_request():407] send_request: defer
2023-10-19 20:35:43,196 INFO    SenderThread:1527987 [sender.py:send_request_defer():609] handle sender defer: 9
2023-10-19 20:35:43,196 INFO    SenderThread:1527987 [dir_watcher.py:finish():358] shutting down directory watcher
2023-10-19 20:35:43,874 INFO    SenderThread:1527987 [dir_watcher.py:_on_file_modified():288] file/dir modified: /mnt/home/ashwinr/btp24/grph/ISONET/wandb/run-20231019_203211-wdk3e792/files/output.log
2023-10-19 20:35:43,875 INFO    SenderThread:1527987 [dir_watcher.py:finish():388] scan: /mnt/home/ashwinr/btp24/grph/ISONET/wandb/run-20231019_203211-wdk3e792/files
2023-10-19 20:35:43,880 INFO    SenderThread:1527987 [dir_watcher.py:finish():402] scan save: /mnt/home/ashwinr/btp24/grph/ISONET/wandb/run-20231019_203211-wdk3e792/files/config.yaml config.yaml
2023-10-19 20:35:43,883 INFO    SenderThread:1527987 [dir_watcher.py:finish():402] scan save: /mnt/home/ashwinr/btp24/grph/ISONET/wandb/run-20231019_203211-wdk3e792/files/wandb-summary.json wandb-summary.json
2023-10-19 20:35:43,890 INFO    SenderThread:1527987 [dir_watcher.py:finish():402] scan save: /mnt/home/ashwinr/btp24/grph/ISONET/wandb/run-20231019_203211-wdk3e792/files/wandb-metadata.json wandb-metadata.json
2023-10-19 20:35:43,891 INFO    SenderThread:1527987 [dir_watcher.py:finish():402] scan save: /mnt/home/ashwinr/btp24/grph/ISONET/wandb/run-20231019_203211-wdk3e792/files/conda-environment.yaml conda-environment.yaml
2023-10-19 20:35:43,897 INFO    SenderThread:1527987 [dir_watcher.py:finish():402] scan save: /mnt/home/ashwinr/btp24/grph/ISONET/wandb/run-20231019_203211-wdk3e792/files/output.log output.log
2023-10-19 20:35:43,898 INFO    SenderThread:1527987 [dir_watcher.py:finish():402] scan save: /mnt/home/ashwinr/btp24/grph/ISONET/wandb/run-20231019_203211-wdk3e792/files/requirements.txt requirements.txt
2023-10-19 20:35:43,906 INFO    SenderThread:1527987 [sender.py:transition_state():613] send defer: 10
2023-10-19 20:35:43,907 DEBUG   SenderThread:1527987 [sender.py:send_request():407] send_request: poll_exit
2023-10-19 20:35:43,907 DEBUG   HandlerThread:1527987 [handler.py:handle_request():146] handle_request: defer
2023-10-19 20:35:43,913 INFO    HandlerThread:1527987 [handler.py:handle_request_defer():172] handle defer: 10
2023-10-19 20:35:43,914 DEBUG   SenderThread:1527987 [sender.py:send_request():407] send_request: defer
2023-10-19 20:35:43,916 INFO    SenderThread:1527987 [sender.py:send_request_defer():609] handle sender defer: 10
2023-10-19 20:35:43,916 INFO    SenderThread:1527987 [file_pusher.py:finish():175] shutting down file pusher
2023-10-19 20:35:44,192 DEBUG   HandlerThread:1527987 [handler.py:handle_request():146] handle_request: poll_exit
2023-10-19 20:35:44,193 DEBUG   SenderThread:1527987 [sender.py:send_request():407] send_request: poll_exit
2023-10-19 20:35:44,545 INFO    wandb-upload_0:1527987 [upload_job.py:push():131] Uploaded file /mnt/home/ashwinr/btp24/grph/ISONET/wandb/run-20231019_203211-wdk3e792/files/config.yaml
2023-10-19 20:35:44,644 INFO    wandb-upload_1:1527987 [upload_job.py:push():131] Uploaded file /mnt/home/ashwinr/btp24/grph/ISONET/wandb/run-20231019_203211-wdk3e792/files/wandb-summary.json
2023-10-19 20:35:44,661 INFO    wandb-upload_3:1527987 [upload_job.py:push():131] Uploaded file /mnt/home/ashwinr/btp24/grph/ISONET/wandb/run-20231019_203211-wdk3e792/files/output.log
2023-10-19 20:35:44,696 INFO    wandb-upload_2:1527987 [upload_job.py:push():131] Uploaded file /mnt/home/ashwinr/btp24/grph/ISONET/wandb/run-20231019_203211-wdk3e792/files/conda-environment.yaml
2023-10-19 20:35:44,720 INFO    wandb-upload_4:1527987 [upload_job.py:push():131] Uploaded file /mnt/home/ashwinr/btp24/grph/ISONET/wandb/run-20231019_203211-wdk3e792/files/requirements.txt
2023-10-19 20:35:44,921 INFO    Thread-11 :1527987 [sender.py:transition_state():613] send defer: 11
2023-10-19 20:35:44,922 DEBUG   HandlerThread:1527987 [handler.py:handle_request():146] handle_request: defer
2023-10-19 20:35:44,932 INFO    HandlerThread:1527987 [handler.py:handle_request_defer():172] handle defer: 11
2023-10-19 20:35:44,933 DEBUG   SenderThread:1527987 [sender.py:send_request():407] send_request: defer
2023-10-19 20:35:44,941 INFO    SenderThread:1527987 [sender.py:send_request_defer():609] handle sender defer: 11
2023-10-19 20:35:44,941 INFO    SenderThread:1527987 [file_pusher.py:join():181] waiting for file pusher
2023-10-19 20:35:44,941 INFO    SenderThread:1527987 [sender.py:transition_state():613] send defer: 12
2023-10-19 20:35:44,946 DEBUG   HandlerThread:1527987 [handler.py:handle_request():146] handle_request: defer
2023-10-19 20:35:44,964 INFO    HandlerThread:1527987 [handler.py:handle_request_defer():172] handle defer: 12
2023-10-19 20:35:44,965 DEBUG   SenderThread:1527987 [sender.py:send_request():407] send_request: defer
2023-10-19 20:35:44,969 INFO    SenderThread:1527987 [sender.py:send_request_defer():609] handle sender defer: 12
2023-10-19 20:35:44,970 INFO    SenderThread:1527987 [file_stream.py:finish():595] file stream finish called
2023-10-19 20:35:45,194 DEBUG   HandlerThread:1527987 [handler.py:handle_request():146] handle_request: poll_exit
2023-10-19 20:35:45,971 INFO    SenderThread:1527987 [file_stream.py:finish():599] file stream finish is done
2023-10-19 20:35:45,971 INFO    SenderThread:1527987 [sender.py:transition_state():613] send defer: 13
2023-10-19 20:35:45,980 DEBUG   SenderThread:1527987 [sender.py:send_request():407] send_request: poll_exit
2023-10-19 20:35:45,980 DEBUG   HandlerThread:1527987 [handler.py:handle_request():146] handle_request: defer
2023-10-19 20:35:45,989 INFO    HandlerThread:1527987 [handler.py:handle_request_defer():172] handle defer: 13
2023-10-19 20:35:45,989 DEBUG   SenderThread:1527987 [sender.py:send_request():407] send_request: defer
2023-10-19 20:35:45,992 INFO    SenderThread:1527987 [sender.py:send_request_defer():609] handle sender defer: 13
2023-10-19 20:35:45,992 INFO    SenderThread:1527987 [sender.py:transition_state():613] send defer: 14
2023-10-19 20:35:45,998 DEBUG   SenderThread:1527987 [sender.py:send():380] send: final
2023-10-19 20:35:45,998 DEBUG   HandlerThread:1527987 [handler.py:handle_request():146] handle_request: defer
2023-10-19 20:35:46,002 DEBUG   SenderThread:1527987 [sender.py:send():380] send: footer
2023-10-19 20:35:46,008 INFO    HandlerThread:1527987 [handler.py:handle_request_defer():172] handle defer: 14
2023-10-19 20:35:46,011 DEBUG   SenderThread:1527987 [sender.py:send_request():407] send_request: defer
2023-10-19 20:35:46,017 INFO    SenderThread:1527987 [sender.py:send_request_defer():609] handle sender defer: 14
2023-10-19 20:35:46,018 DEBUG   HandlerThread:1527987 [handler.py:handle_request():146] handle_request: poll_exit
2023-10-19 20:35:46,025 DEBUG   HandlerThread:1527987 [handler.py:handle_request():146] handle_request: poll_exit
2023-10-19 20:35:46,027 DEBUG   HandlerThread:1527987 [handler.py:handle_request():146] handle_request: server_info
2023-10-19 20:35:46,028 DEBUG   SenderThread:1527987 [sender.py:send_request():407] send_request: poll_exit
2023-10-19 20:35:46,029 DEBUG   HandlerThread:1527987 [handler.py:handle_request():146] handle_request: get_summary
2023-10-19 20:35:46,037 DEBUG   SenderThread:1527987 [sender.py:send_request():407] send_request: poll_exit
2023-10-19 20:35:46,039 DEBUG   HandlerThread:1527987 [handler.py:handle_request():146] handle_request: sampled_history
2023-10-19 20:35:46,045 DEBUG   SenderThread:1527987 [sender.py:send_request():407] send_request: server_info
2023-10-19 20:35:46,048 DEBUG   HandlerThread:1527987 [handler.py:handle_request():146] handle_request: internal_messages
2023-10-19 20:35:46,065 DEBUG   HandlerThread:1527987 [handler.py:handle_request():146] handle_request: job_info
2023-10-19 20:35:46,355 DEBUG   SenderThread:1527987 [sender.py:send_request():407] send_request: job_info
2023-10-19 20:35:46,356 INFO    MainThread:1527987 [wandb_run.py:_footer_history_summary_info():3599] rendering history
2023-10-19 20:35:46,368 INFO    MainThread:1527987 [wandb_run.py:_footer_history_summary_info():3631] rendering summary
2023-10-19 20:35:46,368 INFO    MainThread:1527987 [wandb_run.py:_footer_sync_info():3558] logging synced files
2023-10-19 20:35:46,385 DEBUG   HandlerThread:1527987 [handler.py:handle_request():146] handle_request: shutdown
2023-10-19 20:35:46,392 INFO    HandlerThread:1527987 [handler.py:finish():866] shutting down handler
2023-10-19 20:35:47,071 INFO    WriterThread:1527987 [datastore.py:close():294] close: /mnt/home/ashwinr/btp24/grph/ISONET/wandb/run-20231019_203211-wdk3e792/run-wdk3e792.wandb
2023-10-19 20:35:47,356 INFO    SenderThread:1527987 [sender.py:finish():1534] shutting down sender
2023-10-19 20:35:47,357 INFO    SenderThread:1527987 [file_pusher.py:finish():175] shutting down file pusher
2023-10-19 20:35:47,370 INFO    SenderThread:1527987 [file_pusher.py:join():181] waiting for file pusher
