2023-10-19 20:45:10,242 INFO    StreamThr :1530339 [internal.py:wandb_internal():86] W&B internal server running at pid: 1530339, started at: 2023-10-19 20:45:10.237768
2023-10-19 20:45:10,246 DEBUG   HandlerThread:1530339 [handler.py:handle_request():146] handle_request: status
2023-10-19 20:45:10,252 INFO    WriterThread:1530339 [datastore.py:open_for_write():85] open: /mnt/home/ashwinr/btp24/grph/ISONET/wandb/run-20231019_204510-x15hjkbp/run-x15hjkbp.wandb
2023-10-19 20:45:10,264 DEBUG   SenderThread:1530339 [sender.py:send():380] send: header
2023-10-19 20:45:10,277 DEBUG   SenderThread:1530339 [sender.py:send():380] send: run
2023-10-19 20:45:11,262 INFO    SenderThread:1530339 [dir_watcher.py:__init__():211] watching files in: /mnt/home/ashwinr/btp24/grph/ISONET/wandb/run-20231019_204510-x15hjkbp/files
2023-10-19 20:45:11,263 INFO    SenderThread:1530339 [sender.py:_start_run_threads():1122] run started: x15hjkbp with start time 1697728510.239044
2023-10-19 20:45:11,278 DEBUG   HandlerThread:1530339 [handler.py:handle_request():146] handle_request: check_version
2023-10-19 20:45:11,279 DEBUG   SenderThread:1530339 [sender.py:send_request():407] send_request: check_version
2023-10-19 20:45:11,603 DEBUG   HandlerThread:1530339 [handler.py:handle_request():146] handle_request: run_start
2023-10-19 20:45:11,618 DEBUG   HandlerThread:1530339 [system_info.py:__init__():32] System info init
2023-10-19 20:45:11,618 DEBUG   HandlerThread:1530339 [system_info.py:__init__():47] System info init done
2023-10-19 20:45:11,621 INFO    HandlerThread:1530339 [system_monitor.py:start():194] Starting system monitor
2023-10-19 20:45:11,621 INFO    SystemMonitor:1530339 [system_monitor.py:_start():158] Starting system asset monitoring threads
2023-10-19 20:45:11,621 INFO    HandlerThread:1530339 [system_monitor.py:probe():214] Collecting system info
2023-10-19 20:45:11,625 INFO    SystemMonitor:1530339 [interfaces.py:start():190] Started cpu monitoring
2023-10-19 20:45:11,633 INFO    SystemMonitor:1530339 [interfaces.py:start():190] Started disk monitoring
2023-10-19 20:45:11,636 INFO    SystemMonitor:1530339 [interfaces.py:start():190] Started gpu monitoring
2023-10-19 20:45:11,644 INFO    SystemMonitor:1530339 [interfaces.py:start():190] Started memory monitoring
2023-10-19 20:45:11,648 INFO    SystemMonitor:1530339 [interfaces.py:start():190] Started network monitoring
2023-10-19 20:45:11,800 DEBUG   HandlerThread:1530339 [system_info.py:probe():196] Probing system
2023-10-19 20:45:11,821 DEBUG   HandlerThread:1530339 [system_info.py:_probe_git():181] Probing git
2023-10-19 20:45:11,857 DEBUG   HandlerThread:1530339 [system_info.py:_probe_git():189] Probing git done
2023-10-19 20:45:11,858 DEBUG   HandlerThread:1530339 [system_info.py:probe():244] Probing system done
2023-10-19 20:45:11,858 DEBUG   HandlerThread:1530339 [system_monitor.py:probe():223] {'os': 'Linux-5.10.0-21-amd64-x86_64-with-glibc2.31', 'python': '3.9.16', 'heartbeatAt': '2023-10-19T15:15:11.800372', 'startedAt': '2023-10-19T15:15:10.149770', 'docker': None, 'cuda': None, 'args': ('--TASK=temporal_isonet_kt_1_iters_shared_params', '--NOISE_FACTOR=0', '--MARGIN=0.5', '--filters_1=10', '--filters_2=10', '--filters_3=10', '--transform_dim=16', '--FEAT_TYPE=One', '--DATASET_NAME=aids', '--SEED=0', '--time_updates', '1', '--PROJECT', 'temporal_isonet'), 'state': 'running', 'program': '-m subgraph.iso_matching_models', 'codePathLocal': None, 'git': {'remote': 'https://github.com/Indradyumna/ISONET.git', 'commit': 'a620ab297d66fec8a033cb3f43914fd1a71abf0b'}, 'email': '200050016@iitb.ac.in', 'root': '/mnt/home/ashwinr/btp24/grph/ISONET', 'host': 'dog', 'username': 'ashwinr', 'executable': '/mnt/home/ashwinr/.conda/envs/btp-mcis/bin/python3', 'cpu_count': 32, 'cpu_count_logical': 64, 'cpu_freq': {'current': 1404.860640625, 'min': 1000.0, 'max': 3700.0}, 'cpu_freq_per_core': [{'current': 1000.104, 'min': 1000.0, 'max': 3700.0}, {'current': 1000.125, 'min': 1000.0, 'max': 3700.0}, {'current': 1000.745, 'min': 1000.0, 'max': 3700.0}, {'current': 1000.12, 'min': 1000.0, 'max': 3700.0}, {'current': 3393.574, 'min': 1000.0, 'max': 3700.0}, {'current': 1000.855, 'min': 1000.0, 'max': 3700.0}, {'current': 1000.366, 'min': 1000.0, 'max': 3700.0}, {'current': 1000.622, 'min': 1000.0, 'max': 3700.0}, {'current': 3288.042, 'min': 1000.0, 'max': 3700.0}, {'current': 1000.145, 'min': 1000.0, 'max': 3700.0}, {'current': 1548.638, 'min': 1000.0, 'max': 3700.0}, {'current': 1000.385, 'min': 1000.0, 'max': 3700.0}, {'current': 1011.865, 'min': 1000.0, 'max': 3700.0}, {'current': 1000.129, 'min': 1000.0, 'max': 3700.0}, {'current': 1000.145, 'min': 1000.0, 'max': 3700.0}, {'current': 3241.173, 'min': 1000.0, 'max': 3700.0}, {'current': 1000.04, 'min': 1000.0, 'max': 3700.0}, {'current': 1000.105, 'min': 1000.0, 'max': 3700.0}, {'current': 1000.082, 'min': 1000.0, 'max': 3700.0}, {'current': 1000.562, 'min': 1000.0, 'max': 3700.0}, {'current': 1000.415, 'min': 1000.0, 'max': 3700.0}, {'current': 1000.645, 'min': 1000.0, 'max': 3700.0}, {'current': 1000.795, 'min': 1000.0, 'max': 3700.0}, {'current': 2934.31, 'min': 1000.0, 'max': 3700.0}, {'current': 1000.013, 'min': 1000.0, 'max': 3700.0}, {'current': 1000.015, 'min': 1000.0, 'max': 3700.0}, {'current': 3187.779, 'min': 1000.0, 'max': 3700.0}, {'current': 999.997, 'min': 1000.0, 'max': 3700.0}, {'current': 1593.217, 'min': 1000.0, 'max': 3700.0}, {'current': 3067.708, 'min': 1000.0, 'max': 3700.0}, {'current': 1000.508, 'min': 1000.0, 'max': 3700.0}, {'current': 1000.312, 'min': 1000.0, 'max': 3700.0}, {'current': 1000.55, 'min': 1000.0, 'max': 3700.0}, {'current': 1000.378, 'min': 1000.0, 'max': 3700.0}, {'current': 1000.254, 'min': 1000.0, 'max': 3700.0}, {'current': 1000.106, 'min': 1000.0, 'max': 3700.0}, {'current': 3328.415, 'min': 1000.0, 'max': 3700.0}, {'current': 1000.035, 'min': 1000.0, 'max': 3700.0}, {'current': 1000.023, 'min': 1000.0, 'max': 3700.0}, {'current': 1000.046, 'min': 1000.0, 'max': 3700.0}, {'current': 2927.439, 'min': 1000.0, 'max': 3700.0}, {'current': 1000.409, 'min': 1000.0, 'max': 3700.0}, {'current': 1319.751, 'min': 1000.0, 'max': 3700.0}, {'current': 1000.173, 'min': 1000.0, 'max': 3700.0}, {'current': 1105.81, 'min': 1000.0, 'max': 3700.0}, {'current': 1000.255, 'min': 1000.0, 'max': 3700.0}, {'current': 1000.668, 'min': 1000.0, 'max': 3700.0}, {'current': 3399.152, 'min': 1000.0, 'max': 3700.0}, {'current': 1000.019, 'min': 1000.0, 'max': 3700.0}, {'current': 1000.933, 'min': 1000.0, 'max': 3700.0}, {'current': 1000.432, 'min': 1000.0, 'max': 3700.0}, {'current': 999.948, 'min': 1000.0, 'max': 3700.0}, {'current': 1000.28, 'min': 1000.0, 'max': 3700.0}, {'current': 1000.262, 'min': 1000.0, 'max': 3700.0}, {'current': 1000.281, 'min': 1000.0, 'max': 3700.0}, {'current': 2708.728, 'min': 1000.0, 'max': 3700.0}, {'current': 1000.216, 'min': 1000.0, 'max': 3700.0}, {'current': 1000.004, 'min': 1000.0, 'max': 3700.0}, {'current': 3270.028, 'min': 1000.0, 'max': 3700.0}, {'current': 1000.106, 'min': 1000.0, 'max': 3700.0}, {'current': 2029.561, 'min': 1000.0, 'max': 3700.0}, {'current': 3272.749, 'min': 1000.0, 'max': 3700.0}, {'current': 1000.309, 'min': 1000.0, 'max': 3700.0}, {'current': 1000.501, 'min': 1000.0, 'max': 3700.0}], 'disk': {'/': {'total': 195.67869567871094, 'used': 30.925643920898438}}, 'gpu': 'NVIDIA RTX A6000', 'gpu_count': 6, 'gpu_devices': [{'name': 'NVIDIA RTX A6000', 'memory_total': 51050315776}, {'name': 'NVIDIA RTX A6000', 'memory_total': 51050315776}, {'name': 'NVIDIA RTX A6000', 'memory_total': 51050315776}, {'name': 'NVIDIA RTX A6000', 'memory_total': 51050315776}, {'name': 'NVIDIA RTX A6000', 'memory_total': 51050315776}, {'name': 'NVIDIA RTX A6000', 'memory_total': 51050315776}], 'memory': {'total': 1510.537124633789}}
2023-10-19 20:45:11,860 INFO    HandlerThread:1530339 [system_monitor.py:probe():224] Finished collecting system info
2023-10-19 20:45:11,860 INFO    HandlerThread:1530339 [system_monitor.py:probe():227] Publishing system info
2023-10-19 20:45:11,861 DEBUG   HandlerThread:1530339 [system_info.py:_save_pip():52] Saving list of pip packages installed into the current environment
2023-10-19 20:45:11,882 DEBUG   HandlerThread:1530339 [system_info.py:_save_pip():68] Saving pip packages done
2023-10-19 20:45:11,882 DEBUG   HandlerThread:1530339 [system_info.py:_save_conda():75] Saving list of conda packages installed into the current environment
2023-10-19 20:45:12,269 INFO    Thread-12 :1530339 [dir_watcher.py:_on_file_created():271] file/dir created: /mnt/home/ashwinr/btp24/grph/ISONET/wandb/run-20231019_204510-x15hjkbp/files/conda-environment.yaml
2023-10-19 20:45:12,270 INFO    Thread-12 :1530339 [dir_watcher.py:_on_file_created():271] file/dir created: /mnt/home/ashwinr/btp24/grph/ISONET/wandb/run-20231019_204510-x15hjkbp/files/requirements.txt
2023-10-19 20:45:20,272 INFO    Thread-12 :1530339 [dir_watcher.py:_on_file_modified():288] file/dir modified: /mnt/home/ashwinr/btp24/grph/ISONET/wandb/run-20231019_204510-x15hjkbp/files/conda-environment.yaml
2023-10-19 20:45:20,515 DEBUG   HandlerThread:1530339 [system_info.py:_save_conda():87] Saving conda packages done
2023-10-19 20:45:20,541 INFO    HandlerThread:1530339 [system_monitor.py:probe():229] Finished publishing system info
2023-10-19 20:45:20,569 DEBUG   HandlerThread:1530339 [handler.py:handle_request():146] handle_request: status_report
2023-10-19 20:45:20,569 DEBUG   HandlerThread:1530339 [handler.py:handle_request():146] handle_request: keepalive
2023-10-19 20:45:20,575 DEBUG   SenderThread:1530339 [sender.py:send():380] send: files
2023-10-19 20:45:20,577 INFO    SenderThread:1530339 [sender.py:_save_file():1378] saving file wandb-metadata.json with policy now
2023-10-19 20:45:20,589 DEBUG   HandlerThread:1530339 [handler.py:handle_request():146] handle_request: stop_status
2023-10-19 20:45:20,591 DEBUG   HandlerThread:1530339 [handler.py:handle_request():146] handle_request: internal_messages
2023-10-19 20:45:20,593 DEBUG   SenderThread:1530339 [sender.py:send_request():407] send_request: stop_status
2023-10-19 20:45:20,976 DEBUG   SenderThread:1530339 [sender.py:send():380] send: telemetry
2023-10-19 20:45:20,977 DEBUG   HandlerThread:1530339 [handler.py:handle_request():146] handle_request: status_report
2023-10-19 20:45:21,274 INFO    Thread-12 :1530339 [dir_watcher.py:_on_file_created():271] file/dir created: /mnt/home/ashwinr/btp24/grph/ISONET/wandb/run-20231019_204510-x15hjkbp/files/output.log
2023-10-19 20:45:21,274 INFO    Thread-12 :1530339 [dir_watcher.py:_on_file_created():271] file/dir created: /mnt/home/ashwinr/btp24/grph/ISONET/wandb/run-20231019_204510-x15hjkbp/files/wandb-metadata.json
2023-10-19 20:45:21,622 INFO    wandb-upload_0:1530339 [upload_job.py:push():131] Uploaded file /tmp/tmpd2msavqswandb/84031ky0-wandb-metadata.json
2023-10-19 20:45:23,275 INFO    Thread-12 :1530339 [dir_watcher.py:_on_file_modified():288] file/dir modified: /mnt/home/ashwinr/btp24/grph/ISONET/wandb/run-20231019_204510-x15hjkbp/files/output.log
2023-10-19 20:45:25,995 DEBUG   HandlerThread:1530339 [handler.py:handle_request():146] handle_request: status_report
2023-10-19 20:45:27,278 INFO    Thread-12 :1530339 [dir_watcher.py:_on_file_modified():288] file/dir modified: /mnt/home/ashwinr/btp24/grph/ISONET/wandb/run-20231019_204510-x15hjkbp/files/output.log
2023-10-19 20:45:31,192 DEBUG   HandlerThread:1530339 [handler.py:handle_request():146] handle_request: status_report
2023-10-19 20:45:31,282 INFO    Thread-12 :1530339 [dir_watcher.py:_on_file_modified():288] file/dir modified: /mnt/home/ashwinr/btp24/grph/ISONET/wandb/run-20231019_204510-x15hjkbp/files/output.log
2023-10-19 20:45:33,284 INFO    Thread-12 :1530339 [dir_watcher.py:_on_file_modified():288] file/dir modified: /mnt/home/ashwinr/btp24/grph/ISONET/wandb/run-20231019_204510-x15hjkbp/files/output.log
2023-10-19 20:45:34,124 DEBUG   SenderThread:1530339 [sender.py:send():380] send: exit
2023-10-19 20:45:34,124 INFO    SenderThread:1530339 [sender.py:send_exit():585] handling exit code: 255
2023-10-19 20:45:34,130 INFO    SenderThread:1530339 [sender.py:send_exit():587] handling runtime: 22
2023-10-19 20:45:34,138 INFO    SenderThread:1530339 [sender.py:_save_file():1378] saving file wandb-summary.json with policy end
2023-10-19 20:45:34,139 INFO    SenderThread:1530339 [sender.py:send_exit():593] send defer
2023-10-19 20:45:34,142 DEBUG   HandlerThread:1530339 [handler.py:handle_request():146] handle_request: defer
2023-10-19 20:45:34,145 INFO    HandlerThread:1530339 [handler.py:handle_request_defer():172] handle defer: 0
2023-10-19 20:45:34,149 DEBUG   SenderThread:1530339 [sender.py:send_request():407] send_request: defer
2023-10-19 20:45:34,151 INFO    SenderThread:1530339 [sender.py:send_request_defer():609] handle sender defer: 0
2023-10-19 20:45:34,152 INFO    SenderThread:1530339 [sender.py:transition_state():613] send defer: 1
2023-10-19 20:45:34,155 DEBUG   HandlerThread:1530339 [handler.py:handle_request():146] handle_request: defer
2023-10-19 20:45:34,158 INFO    HandlerThread:1530339 [handler.py:handle_request_defer():172] handle defer: 1
2023-10-19 20:45:34,159 DEBUG   SenderThread:1530339 [sender.py:send_request():407] send_request: defer
2023-10-19 20:45:34,188 INFO    SenderThread:1530339 [sender.py:send_request_defer():609] handle sender defer: 1
2023-10-19 20:45:34,193 INFO    SenderThread:1530339 [sender.py:transition_state():613] send defer: 2
2023-10-19 20:45:34,204 DEBUG   HandlerThread:1530339 [handler.py:handle_request():146] handle_request: defer
2023-10-19 20:45:34,207 INFO    HandlerThread:1530339 [handler.py:handle_request_defer():172] handle defer: 2
2023-10-19 20:45:34,214 INFO    HandlerThread:1530339 [system_monitor.py:finish():203] Stopping system monitor
2023-10-19 20:45:34,217 DEBUG   SystemMonitor:1530339 [system_monitor.py:_start():172] Starting system metrics aggregation loop
2023-10-19 20:45:34,219 INFO    HandlerThread:1530339 [interfaces.py:finish():202] Joined cpu monitor
2023-10-19 20:45:34,223 DEBUG   SystemMonitor:1530339 [system_monitor.py:_start():179] Finished system metrics aggregation loop
2023-10-19 20:45:34,226 INFO    HandlerThread:1530339 [interfaces.py:finish():202] Joined disk monitor
2023-10-19 20:45:34,230 DEBUG   SystemMonitor:1530339 [system_monitor.py:_start():183] Publishing last batch of metrics
2023-10-19 20:45:34,286 INFO    Thread-12 :1530339 [dir_watcher.py:_on_file_created():271] file/dir created: /mnt/home/ashwinr/btp24/grph/ISONET/wandb/run-20231019_204510-x15hjkbp/files/wandb-summary.json
2023-10-19 20:45:35,275 INFO    HandlerThread:1530339 [interfaces.py:finish():202] Joined gpu monitor
2023-10-19 20:45:35,277 INFO    HandlerThread:1530339 [interfaces.py:finish():202] Joined memory monitor
2023-10-19 20:45:35,287 INFO    HandlerThread:1530339 [interfaces.py:finish():202] Joined network monitor
2023-10-19 20:45:35,291 DEBUG   HandlerThread:1530339 [handler.py:handle_request():146] handle_request: poll_exit
2023-10-19 20:45:35,294 DEBUG   SenderThread:1530339 [sender.py:send_request():407] send_request: defer
2023-10-19 20:45:35,297 INFO    SenderThread:1530339 [sender.py:send_request_defer():609] handle sender defer: 2
2023-10-19 20:45:35,300 INFO    SenderThread:1530339 [sender.py:transition_state():613] send defer: 3
2023-10-19 20:45:35,301 DEBUG   SenderThread:1530339 [sender.py:send():380] send: stats
2023-10-19 20:45:35,301 DEBUG   HandlerThread:1530339 [handler.py:handle_request():146] handle_request: defer
2023-10-19 20:45:35,311 DEBUG   SenderThread:1530339 [sender.py:send_request():407] send_request: poll_exit
2023-10-19 20:45:35,318 INFO    HandlerThread:1530339 [handler.py:handle_request_defer():172] handle defer: 3
2023-10-19 20:45:35,323 DEBUG   SenderThread:1530339 [sender.py:send_request():407] send_request: defer
2023-10-19 20:45:35,325 INFO    SenderThread:1530339 [sender.py:send_request_defer():609] handle sender defer: 3
2023-10-19 20:45:35,325 INFO    SenderThread:1530339 [sender.py:transition_state():613] send defer: 4
2023-10-19 20:45:35,326 DEBUG   HandlerThread:1530339 [handler.py:handle_request():146] handle_request: defer
2023-10-19 20:45:35,329 INFO    HandlerThread:1530339 [handler.py:handle_request_defer():172] handle defer: 4
2023-10-19 20:45:35,329 DEBUG   SenderThread:1530339 [sender.py:send_request():407] send_request: defer
2023-10-19 20:45:35,333 INFO    SenderThread:1530339 [sender.py:send_request_defer():609] handle sender defer: 4
2023-10-19 20:45:35,333 INFO    SenderThread:1530339 [sender.py:transition_state():613] send defer: 5
2023-10-19 20:45:35,337 DEBUG   HandlerThread:1530339 [handler.py:handle_request():146] handle_request: defer
2023-10-19 20:45:35,340 INFO    HandlerThread:1530339 [handler.py:handle_request_defer():172] handle defer: 5
2023-10-19 20:45:35,344 DEBUG   SenderThread:1530339 [sender.py:send():380] send: summary
2023-10-19 20:45:35,359 INFO    SenderThread:1530339 [sender.py:_save_file():1378] saving file wandb-summary.json with policy end
2023-10-19 20:45:35,361 DEBUG   SenderThread:1530339 [sender.py:send_request():407] send_request: defer
2023-10-19 20:45:35,364 INFO    SenderThread:1530339 [sender.py:send_request_defer():609] handle sender defer: 5
2023-10-19 20:45:35,364 INFO    SenderThread:1530339 [sender.py:transition_state():613] send defer: 6
2023-10-19 20:45:35,364 DEBUG   HandlerThread:1530339 [handler.py:handle_request():146] handle_request: defer
2023-10-19 20:45:35,367 INFO    HandlerThread:1530339 [handler.py:handle_request_defer():172] handle defer: 6
2023-10-19 20:45:35,372 DEBUG   SenderThread:1530339 [sender.py:send_request():407] send_request: defer
2023-10-19 20:45:35,375 INFO    SenderThread:1530339 [sender.py:send_request_defer():609] handle sender defer: 6
2023-10-19 20:45:35,380 DEBUG   HandlerThread:1530339 [handler.py:handle_request():146] handle_request: status_report
2023-10-19 20:45:35,774 INFO    SenderThread:1530339 [sender.py:transition_state():613] send defer: 7
2023-10-19 20:45:35,775 DEBUG   HandlerThread:1530339 [handler.py:handle_request():146] handle_request: defer
2023-10-19 20:45:35,808 INFO    HandlerThread:1530339 [handler.py:handle_request_defer():172] handle defer: 7
2023-10-19 20:45:35,808 DEBUG   SenderThread:1530339 [sender.py:send_request():407] send_request: defer
2023-10-19 20:45:35,815 INFO    SenderThread:1530339 [sender.py:send_request_defer():609] handle sender defer: 7
2023-10-19 20:45:36,131 DEBUG   HandlerThread:1530339 [handler.py:handle_request():146] handle_request: poll_exit
2023-10-19 20:45:36,289 INFO    Thread-12 :1530339 [dir_watcher.py:_on_file_modified():288] file/dir modified: /mnt/home/ashwinr/btp24/grph/ISONET/wandb/run-20231019_204510-x15hjkbp/files/output.log
2023-10-19 20:45:36,290 INFO    Thread-12 :1530339 [dir_watcher.py:_on_file_modified():288] file/dir modified: /mnt/home/ashwinr/btp24/grph/ISONET/wandb/run-20231019_204510-x15hjkbp/files/config.yaml
2023-10-19 20:45:36,302 INFO    Thread-12 :1530339 [dir_watcher.py:_on_file_modified():288] file/dir modified: /mnt/home/ashwinr/btp24/grph/ISONET/wandb/run-20231019_204510-x15hjkbp/files/wandb-summary.json
2023-10-19 20:45:38,138 INFO    SenderThread:1530339 [sender.py:transition_state():613] send defer: 8
2023-10-19 20:45:38,138 DEBUG   SenderThread:1530339 [sender.py:send_request():407] send_request: poll_exit
2023-10-19 20:45:38,138 DEBUG   HandlerThread:1530339 [handler.py:handle_request():146] handle_request: defer
2023-10-19 20:45:38,144 INFO    HandlerThread:1530339 [handler.py:handle_request_defer():172] handle defer: 8
2023-10-19 20:45:38,144 DEBUG   SenderThread:1530339 [sender.py:send_request():407] send_request: defer
2023-10-19 20:45:38,150 INFO    SenderThread:1530339 [sender.py:send_request_defer():609] handle sender defer: 8
2023-10-19 20:45:38,151 INFO    SenderThread:1530339 [job_builder.py:build():281] Attempting to build job artifact
2023-10-19 20:45:38,155 INFO    SenderThread:1530339 [job_builder.py:_get_source_type():393] is repo sourced job
2023-10-19 20:45:38,157 INFO    SenderThread:1530339 [sender.py:transition_state():613] send defer: 9
2023-10-19 20:45:38,157 DEBUG   HandlerThread:1530339 [handler.py:handle_request():146] handle_request: defer
2023-10-19 20:45:38,160 INFO    HandlerThread:1530339 [handler.py:handle_request_defer():172] handle defer: 9
2023-10-19 20:45:38,161 DEBUG   SenderThread:1530339 [sender.py:send_request():407] send_request: defer
2023-10-19 20:45:38,163 INFO    SenderThread:1530339 [sender.py:send_request_defer():609] handle sender defer: 9
2023-10-19 20:45:38,163 INFO    SenderThread:1530339 [dir_watcher.py:finish():358] shutting down directory watcher
2023-10-19 20:45:38,291 INFO    Thread-12 :1530339 [dir_watcher.py:_on_file_modified():288] file/dir modified: /mnt/home/ashwinr/btp24/grph/ISONET/wandb/run-20231019_204510-x15hjkbp/files/output.log
2023-10-19 20:45:38,292 INFO    SenderThread:1530339 [dir_watcher.py:finish():388] scan: /mnt/home/ashwinr/btp24/grph/ISONET/wandb/run-20231019_204510-x15hjkbp/files
2023-10-19 20:45:38,297 INFO    SenderThread:1530339 [dir_watcher.py:finish():402] scan save: /mnt/home/ashwinr/btp24/grph/ISONET/wandb/run-20231019_204510-x15hjkbp/files/output.log output.log
2023-10-19 20:45:38,301 INFO    SenderThread:1530339 [dir_watcher.py:finish():402] scan save: /mnt/home/ashwinr/btp24/grph/ISONET/wandb/run-20231019_204510-x15hjkbp/files/config.yaml config.yaml
2023-10-19 20:45:38,308 INFO    SenderThread:1530339 [dir_watcher.py:finish():402] scan save: /mnt/home/ashwinr/btp24/grph/ISONET/wandb/run-20231019_204510-x15hjkbp/files/wandb-summary.json wandb-summary.json
2023-10-19 20:45:38,313 INFO    SenderThread:1530339 [dir_watcher.py:finish():402] scan save: /mnt/home/ashwinr/btp24/grph/ISONET/wandb/run-20231019_204510-x15hjkbp/files/requirements.txt requirements.txt
2023-10-19 20:45:38,319 INFO    SenderThread:1530339 [dir_watcher.py:finish():402] scan save: /mnt/home/ashwinr/btp24/grph/ISONET/wandb/run-20231019_204510-x15hjkbp/files/conda-environment.yaml conda-environment.yaml
2023-10-19 20:45:38,320 INFO    SenderThread:1530339 [dir_watcher.py:finish():402] scan save: /mnt/home/ashwinr/btp24/grph/ISONET/wandb/run-20231019_204510-x15hjkbp/files/wandb-metadata.json wandb-metadata.json
2023-10-19 20:45:38,325 INFO    SenderThread:1530339 [sender.py:transition_state():613] send defer: 10
2023-10-19 20:45:38,332 DEBUG   HandlerThread:1530339 [handler.py:handle_request():146] handle_request: defer
2023-10-19 20:45:38,333 INFO    HandlerThread:1530339 [handler.py:handle_request_defer():172] handle defer: 10
2023-10-19 20:45:38,337 DEBUG   SenderThread:1530339 [sender.py:send_request():407] send_request: defer
2023-10-19 20:45:38,341 INFO    SenderThread:1530339 [sender.py:send_request_defer():609] handle sender defer: 10
2023-10-19 20:45:38,341 INFO    SenderThread:1530339 [file_pusher.py:finish():175] shutting down file pusher
2023-10-19 20:45:38,983 INFO    wandb-upload_1:1530339 [upload_job.py:push():131] Uploaded file /mnt/home/ashwinr/btp24/grph/ISONET/wandb/run-20231019_204510-x15hjkbp/files/config.yaml
2023-10-19 20:45:39,108 INFO    wandb-upload_2:1530339 [upload_job.py:push():131] Uploaded file /mnt/home/ashwinr/btp24/grph/ISONET/wandb/run-20231019_204510-x15hjkbp/files/wandb-summary.json
2023-10-19 20:45:39,119 INFO    wandb-upload_0:1530339 [upload_job.py:push():131] Uploaded file /mnt/home/ashwinr/btp24/grph/ISONET/wandb/run-20231019_204510-x15hjkbp/files/output.log
2023-10-19 20:45:39,125 INFO    wandb-upload_3:1530339 [upload_job.py:push():131] Uploaded file /mnt/home/ashwinr/btp24/grph/ISONET/wandb/run-20231019_204510-x15hjkbp/files/requirements.txt
2023-10-19 20:45:39,149 INFO    wandb-upload_4:1530339 [upload_job.py:push():131] Uploaded file /mnt/home/ashwinr/btp24/grph/ISONET/wandb/run-20231019_204510-x15hjkbp/files/conda-environment.yaml
2023-10-19 20:45:39,349 INFO    Thread-11 :1530339 [sender.py:transition_state():613] send defer: 11
2023-10-19 20:45:39,350 DEBUG   HandlerThread:1530339 [handler.py:handle_request():146] handle_request: defer
2023-10-19 20:45:39,372 INFO    HandlerThread:1530339 [handler.py:handle_request_defer():172] handle defer: 11
2023-10-19 20:45:39,392 DEBUG   SenderThread:1530339 [sender.py:send_request():407] send_request: defer
2023-10-19 20:45:39,408 INFO    SenderThread:1530339 [sender.py:send_request_defer():609] handle sender defer: 11
2023-10-19 20:45:39,408 INFO    SenderThread:1530339 [file_pusher.py:join():181] waiting for file pusher
2023-10-19 20:45:39,412 INFO    SenderThread:1530339 [sender.py:transition_state():613] send defer: 12
2023-10-19 20:45:39,412 DEBUG   HandlerThread:1530339 [handler.py:handle_request():146] handle_request: defer
2023-10-19 20:45:39,434 INFO    HandlerThread:1530339 [handler.py:handle_request_defer():172] handle defer: 12
2023-10-19 20:45:39,438 DEBUG   SenderThread:1530339 [sender.py:send_request():407] send_request: defer
2023-10-19 20:45:39,460 INFO    SenderThread:1530339 [sender.py:send_request_defer():609] handle sender defer: 12
2023-10-19 20:45:39,460 INFO    SenderThread:1530339 [file_stream.py:finish():595] file stream finish called
2023-10-19 20:45:39,791 INFO    SenderThread:1530339 [file_stream.py:finish():599] file stream finish is done
2023-10-19 20:45:39,791 INFO    SenderThread:1530339 [sender.py:transition_state():613] send defer: 13
2023-10-19 20:45:39,803 DEBUG   HandlerThread:1530339 [handler.py:handle_request():146] handle_request: defer
2023-10-19 20:45:39,809 INFO    HandlerThread:1530339 [handler.py:handle_request_defer():172] handle defer: 13
2023-10-19 20:45:39,813 DEBUG   SenderThread:1530339 [sender.py:send_request():407] send_request: defer
2023-10-19 20:45:39,818 INFO    SenderThread:1530339 [sender.py:send_request_defer():609] handle sender defer: 13
2023-10-19 20:45:39,818 INFO    SenderThread:1530339 [sender.py:transition_state():613] send defer: 14
2023-10-19 20:45:39,821 DEBUG   SenderThread:1530339 [sender.py:send():380] send: final
2023-10-19 20:45:39,822 DEBUG   HandlerThread:1530339 [handler.py:handle_request():146] handle_request: defer
2023-10-19 20:45:39,826 DEBUG   SenderThread:1530339 [sender.py:send():380] send: footer
2023-10-19 20:45:39,829 INFO    HandlerThread:1530339 [handler.py:handle_request_defer():172] handle defer: 14
2023-10-19 20:45:39,835 DEBUG   SenderThread:1530339 [sender.py:send_request():407] send_request: defer
2023-10-19 20:45:39,839 INFO    SenderThread:1530339 [sender.py:send_request_defer():609] handle sender defer: 14
2023-10-19 20:45:39,859 DEBUG   HandlerThread:1530339 [handler.py:handle_request():146] handle_request: poll_exit
2023-10-19 20:45:39,862 DEBUG   HandlerThread:1530339 [handler.py:handle_request():146] handle_request: server_info
2023-10-19 20:45:39,863 DEBUG   SenderThread:1530339 [sender.py:send_request():407] send_request: poll_exit
2023-10-19 20:45:39,875 DEBUG   HandlerThread:1530339 [handler.py:handle_request():146] handle_request: get_summary
2023-10-19 20:45:39,883 DEBUG   SenderThread:1530339 [sender.py:send_request():407] send_request: server_info
2023-10-19 20:45:39,899 DEBUG   HandlerThread:1530339 [handler.py:handle_request():146] handle_request: sampled_history
2023-10-19 20:45:39,942 DEBUG   HandlerThread:1530339 [handler.py:handle_request():146] handle_request: internal_messages
2023-10-19 20:45:39,948 DEBUG   HandlerThread:1530339 [handler.py:handle_request():146] handle_request: job_info
2023-10-19 20:45:40,226 DEBUG   SenderThread:1530339 [sender.py:send_request():407] send_request: job_info
2023-10-19 20:45:40,227 INFO    MainThread:1530339 [wandb_run.py:_footer_history_summary_info():3599] rendering history
2023-10-19 20:45:40,237 INFO    MainThread:1530339 [wandb_run.py:_footer_history_summary_info():3631] rendering summary
2023-10-19 20:45:40,249 INFO    MainThread:1530339 [wandb_run.py:_footer_sync_info():3558] logging synced files
2023-10-19 20:45:40,253 DEBUG   HandlerThread:1530339 [handler.py:handle_request():146] handle_request: shutdown
2023-10-19 20:45:40,256 INFO    HandlerThread:1530339 [handler.py:finish():866] shutting down handler
2023-10-19 20:45:40,974 INFO    WriterThread:1530339 [datastore.py:close():294] close: /mnt/home/ashwinr/btp24/grph/ISONET/wandb/run-20231019_204510-x15hjkbp/run-x15hjkbp.wandb
2023-10-19 20:45:41,227 INFO    SenderThread:1530339 [sender.py:finish():1534] shutting down sender
2023-10-19 20:45:41,227 INFO    SenderThread:1530339 [file_pusher.py:finish():175] shutting down file pusher
2023-10-19 20:45:41,240 INFO    SenderThread:1530339 [file_pusher.py:join():181] waiting for file pusher
