loading train query graphs from ./Datasets/splits/train/train_aids80k_query_subgraphs.pkl
loading train relationships from ./Datasets/splits/train/train_aids80k_rel_nx_is_subgraph_iso.pkl
loading corpus graphs from ./Datasets/splits/aids80k_corpus_subgraphs.pkl
loading val query graphs from ./Datasets/splits/val/val_aids80k_query_subgraphs.pkl
loading val relationships from ./Datasets/splits/val/val_aids80k_rel_nx_is_subgraph_iso.pkl
loading corpus graphs from ./Datasets/splits/aids80k_corpus_subgraphs.pkl
Loading model Temporal_ISONET
This model implements early interaction with a temporal ISONET
saving initial model to ./initialModels/temporal_isonet_kt_5_iters_shared_params_aids_0
no. of params in model: 2280
Traceback (most recent call last):
  File "/mnt/home/ashwinr/.conda/envs/btp-mcis/lib/python3.9/runpy.py", line 197, in _run_module_as_main
    return _run_code(code, main_globals, None,
  File "/mnt/home/ashwinr/.conda/envs/btp-mcis/lib/python3.9/runpy.py", line 87, in _run_code
    exec(code, run_globals)
  File "/mnt/home/ashwinr/btp24/grph/ISONET/subgraph/iso_matching_models.py", line 464, in <module>
    train(av, config)
  File "/mnt/home/ashwinr/btp24/grph/ISONET/subgraph/iso_matching_models.py", line 209, in train
    prediction = model(batch_data,batch_data_sizes,batch_adj)
  File "/mnt/home/ashwinr/.conda/envs/btp-mcis/lib/python3.9/site-packages/torch/nn/modules/module.py", line 1130, in _call_impl
    return forward_call(*input, **kwargs)
  File "/mnt/home/ashwinr/btp24/grph/ISONET/subgraph/models/temporal_isonet.py", line 153, in forward
    qgraph_mask = cudavar(self.av,torch.stack([self.graph_size_to_mask_map[i] for i in qgraph_edge_sizes]))
KeyboardInterrupt