2023-10-19 20:42:11,303 INFO    StreamThr :1529688 [internal.py:wandb_internal():86] W&B internal server running at pid: 1529688, started at: 2023-10-19 20:42:11.295824
2023-10-19 20:42:11,305 DEBUG   HandlerThread:1529688 [handler.py:handle_request():146] handle_request: status
2023-10-19 20:42:11,311 INFO    WriterThread:1529688 [datastore.py:open_for_write():85] open: /mnt/home/ashwinr/btp24/grph/ISONET/wandb/run-20231019_204211-atne7kj6/run-atne7kj6.wandb
2023-10-19 20:42:11,328 DEBUG   SenderThread:1529688 [sender.py:send():380] send: header
2023-10-19 20:42:11,341 DEBUG   SenderThread:1529688 [sender.py:send():380] send: run
2023-10-19 20:42:12,110 INFO    SenderThread:1529688 [dir_watcher.py:__init__():211] watching files in: /mnt/home/ashwinr/btp24/grph/ISONET/wandb/run-20231019_204211-atne7kj6/files
2023-10-19 20:42:12,110 INFO    SenderThread:1529688 [sender.py:_start_run_threads():1122] run started: atne7kj6 with start time 1697728331.298484
2023-10-19 20:42:12,115 DEBUG   HandlerThread:1529688 [handler.py:handle_request():146] handle_request: check_version
2023-10-19 20:42:12,121 DEBUG   SenderThread:1529688 [sender.py:send_request():407] send_request: check_version
2023-10-19 20:42:12,358 DEBUG   HandlerThread:1529688 [handler.py:handle_request():146] handle_request: run_start
2023-10-19 20:42:12,372 DEBUG   HandlerThread:1529688 [system_info.py:__init__():32] System info init
2023-10-19 20:42:12,374 DEBUG   HandlerThread:1529688 [system_info.py:__init__():47] System info init done
2023-10-19 20:42:12,374 INFO    HandlerThread:1529688 [system_monitor.py:start():194] Starting system monitor
2023-10-19 20:42:12,375 INFO    SystemMonitor:1529688 [system_monitor.py:_start():158] Starting system asset monitoring threads
2023-10-19 20:42:12,375 INFO    HandlerThread:1529688 [system_monitor.py:probe():214] Collecting system info
2023-10-19 20:42:12,379 INFO    SystemMonitor:1529688 [interfaces.py:start():190] Started cpu monitoring
2023-10-19 20:42:12,384 INFO    SystemMonitor:1529688 [interfaces.py:start():190] Started disk monitoring
2023-10-19 20:42:12,392 INFO    SystemMonitor:1529688 [interfaces.py:start():190] Started gpu monitoring
2023-10-19 20:42:12,395 INFO    SystemMonitor:1529688 [interfaces.py:start():190] Started memory monitoring
2023-10-19 20:42:12,409 INFO    SystemMonitor:1529688 [interfaces.py:start():190] Started network monitoring
2023-10-19 20:42:12,476 DEBUG   HandlerThread:1529688 [system_info.py:probe():196] Probing system
2023-10-19 20:42:12,490 DEBUG   HandlerThread:1529688 [system_info.py:_probe_git():181] Probing git
2023-10-19 20:42:12,524 DEBUG   HandlerThread:1529688 [system_info.py:_probe_git():189] Probing git done
2023-10-19 20:42:12,525 DEBUG   HandlerThread:1529688 [system_info.py:probe():244] Probing system done
2023-10-19 20:42:12,534 DEBUG   HandlerThread:1529688 [system_monitor.py:probe():223] {'os': 'Linux-5.10.0-21-amd64-x86_64-with-glibc2.31', 'python': '3.9.16', 'heartbeatAt': '2023-10-19T15:12:12.476439', 'startedAt': '2023-10-19T15:12:11.227259', 'docker': None, 'cuda': None, 'args': ('--TASK=temporal_isonet_kt_1_iters_shared_params', '--NOISE_FACTOR=0', '--MARGIN=0.5', '--filters_1=10', '--filters_2=10', '--filters_3=10', '--transform_dim=16', '--FEAT_TYPE=One', '--DATASET_NAME=aids', '--SEED=0', '--time_updates', '1', '--PROJECT', 'temporal_isonet'), 'state': 'running', 'program': '-m subgraph.iso_matching_models', 'codePathLocal': None, 'git': {'remote': 'https://github.com/Indradyumna/ISONET.git', 'commit': 'a620ab297d66fec8a033cb3f43914fd1a71abf0b'}, 'email': '200050016@iitb.ac.in', 'root': '/mnt/home/ashwinr/btp24/grph/ISONET', 'host': 'dog', 'username': 'ashwinr', 'executable': '/mnt/home/ashwinr/.conda/envs/btp-mcis/bin/python3', 'cpu_count': 32, 'cpu_count_logical': 64, 'cpu_freq': {'current': 2372.6422812500005, 'min': 1000.0, 'max': 3700.0}, 'cpu_freq_per_core': [{'current': 2822.189, 'min': 1000.0, 'max': 3700.0}, {'current': 2799.682, 'min': 1000.0, 'max': 3700.0}, {'current': 2799.758, 'min': 1000.0, 'max': 3700.0}, {'current': 2631.132, 'min': 1000.0, 'max': 3700.0}, {'current': 2502.926, 'min': 1000.0, 'max': 3700.0}, {'current': 2474.058, 'min': 1000.0, 'max': 3700.0}, {'current': 2789.767, 'min': 1000.0, 'max': 3700.0}, {'current': 2799.674, 'min': 1000.0, 'max': 3700.0}, {'current': 2799.778, 'min': 1000.0, 'max': 3700.0}, {'current': 2370.447, 'min': 1000.0, 'max': 3700.0}, {'current': 2866.507, 'min': 1000.0, 'max': 3700.0}, {'current': 2799.681, 'min': 1000.0, 'max': 3700.0}, {'current': 2799.758, 'min': 1000.0, 'max': 3700.0}, {'current': 2799.634, 'min': 1000.0, 'max': 3700.0}, {'current': 1757.635, 'min': 1000.0, 'max': 3700.0}, {'current': 2519.663, 'min': 1000.0, 'max': 3700.0}, {'current': 2851.16, 'min': 1000.0, 'max': 3700.0}, {'current': 2800.1, 'min': 1000.0, 'max': 3700.0}, {'current': 2799.618, 'min': 1000.0, 'max': 3700.0}, {'current': 2799.76, 'min': 1000.0, 'max': 3700.0}, {'current': 2847.228, 'min': 1000.0, 'max': 3700.0}, {'current': 2836.123, 'min': 1000.0, 'max': 3700.0}, {'current': 2799.998, 'min': 1000.0, 'max': 3700.0}, {'current': 2794.411, 'min': 1000.0, 'max': 3700.0}, {'current': 2531.971, 'min': 1000.0, 'max': 3700.0}, {'current': 2799.986, 'min': 1000.0, 'max': 3700.0}, {'current': 2799.983, 'min': 1000.0, 'max': 3700.0}, {'current': 1000.0, 'min': 1000.0, 'max': 3700.0}, {'current': 2792.103, 'min': 1000.0, 'max': 3700.0}, {'current': 2791.861, 'min': 1000.0, 'max': 3700.0}, {'current': 2846.283, 'min': 1000.0, 'max': 3700.0}, {'current': 2800.007, 'min': 1000.0, 'max': 3700.0}, {'current': 2800.003, 'min': 1000.0, 'max': 3700.0}, {'current': 2799.88, 'min': 1000.0, 'max': 3700.0}, {'current': 2800.092, 'min': 1000.0, 'max': 3700.0}, {'current': 2799.984, 'min': 1000.0, 'max': 3700.0}, {'current': 2776.89, 'min': 1000.0, 'max': 3700.0}, {'current': 2799.983, 'min': 1000.0, 'max': 3700.0}, {'current': 2800.102, 'min': 1000.0, 'max': 3700.0}, {'current': 2799.891, 'min': 1000.0, 'max': 3700.0}, {'current': 2800.082, 'min': 1000.0, 'max': 3700.0}, {'current': 2333.338, 'min': 1000.0, 'max': 3700.0}, {'current': 2799.99, 'min': 1000.0, 'max': 3700.0}, {'current': 2799.907, 'min': 1000.0, 'max': 3700.0}, {'current': 2800.079, 'min': 1000.0, 'max': 3700.0}, {'current': 2799.904, 'min': 1000.0, 'max': 3700.0}, {'current': 1392.259, 'min': 1000.0, 'max': 3700.0}, {'current': 2799.982, 'min': 1000.0, 'max': 3700.0}, {'current': 2802.067, 'min': 1000.0, 'max': 3700.0}, {'current': 2822.594, 'min': 1000.0, 'max': 3700.0}, {'current': 2799.877, 'min': 1000.0, 'max': 3700.0}, {'current': 2800.076, 'min': 1000.0, 'max': 3700.0}, {'current': 2799.984, 'min': 1000.0, 'max': 3700.0}, {'current': 2799.984, 'min': 1000.0, 'max': 3700.0}, {'current': 2853.314, 'min': 1000.0, 'max': 3700.0}, {'current': 2799.998, 'min': 1000.0, 'max': 3700.0}, {'current': 2799.985, 'min': 1000.0, 'max': 3700.0}, {'current': 2805.395, 'min': 1000.0, 'max': 3700.0}, {'current': 2792.125, 'min': 1000.0, 'max': 3700.0}, {'current': 999.992, 'min': 1000.0, 'max': 3700.0}, {'current': 2799.38, 'min': 1000.0, 'max': 3700.0}, {'current': 2799.821, 'min': 1000.0, 'max': 3700.0}, {'current': 2804.724, 'min': 1000.0, 'max': 3700.0}, {'current': 2853.275, 'min': 1000.0, 'max': 3700.0}], 'disk': {'/': {'total': 195.67869567871094, 'used': 30.925640106201172}}, 'gpu': 'NVIDIA RTX A6000', 'gpu_count': 6, 'gpu_devices': [{'name': 'NVIDIA RTX A6000', 'memory_total': 51050315776}, {'name': 'NVIDIA RTX A6000', 'memory_total': 51050315776}, {'name': 'NVIDIA RTX A6000', 'memory_total': 51050315776}, {'name': 'NVIDIA RTX A6000', 'memory_total': 51050315776}, {'name': 'NVIDIA RTX A6000', 'memory_total': 51050315776}, {'name': 'NVIDIA RTX A6000', 'memory_total': 51050315776}], 'memory': {'total': 1510.537124633789}}
2023-10-19 20:42:12,544 INFO    HandlerThread:1529688 [system_monitor.py:probe():224] Finished collecting system info
2023-10-19 20:42:12,544 INFO    HandlerThread:1529688 [system_monitor.py:probe():227] Publishing system info
2023-10-19 20:42:12,552 DEBUG   HandlerThread:1529688 [system_info.py:_save_pip():52] Saving list of pip packages installed into the current environment
2023-10-19 20:42:12,567 DEBUG   HandlerThread:1529688 [system_info.py:_save_pip():68] Saving pip packages done
2023-10-19 20:42:12,568 DEBUG   HandlerThread:1529688 [system_info.py:_save_conda():75] Saving list of conda packages installed into the current environment
2023-10-19 20:42:13,116 INFO    Thread-12 :1529688 [dir_watcher.py:_on_file_created():271] file/dir created: /mnt/home/ashwinr/btp24/grph/ISONET/wandb/run-20231019_204211-atne7kj6/files/requirements.txt
2023-10-19 20:42:13,118 INFO    Thread-12 :1529688 [dir_watcher.py:_on_file_created():271] file/dir created: /mnt/home/ashwinr/btp24/grph/ISONET/wandb/run-20231019_204211-atne7kj6/files/conda-environment.yaml
2023-10-19 20:42:21,846 DEBUG   HandlerThread:1529688 [system_info.py:_save_conda():87] Saving conda packages done
2023-10-19 20:42:21,873 INFO    HandlerThread:1529688 [system_monitor.py:probe():229] Finished publishing system info
2023-10-19 20:42:21,901 DEBUG   HandlerThread:1529688 [handler.py:handle_request():146] handle_request: status_report
2023-10-19 20:42:21,901 DEBUG   HandlerThread:1529688 [handler.py:handle_request():146] handle_request: keepalive
2023-10-19 20:42:21,906 DEBUG   HandlerThread:1529688 [handler.py:handle_request():146] handle_request: status_report
2023-10-19 20:42:21,907 DEBUG   SenderThread:1529688 [sender.py:send():380] send: files
2023-10-19 20:42:21,910 INFO    SenderThread:1529688 [sender.py:_save_file():1378] saving file wandb-metadata.json with policy now
2023-10-19 20:42:21,925 DEBUG   HandlerThread:1529688 [handler.py:handle_request():146] handle_request: internal_messages
2023-10-19 20:42:21,925 DEBUG   HandlerThread:1529688 [handler.py:handle_request():146] handle_request: stop_status
2023-10-19 20:42:21,927 DEBUG   SenderThread:1529688 [sender.py:send_request():407] send_request: stop_status
2023-10-19 20:42:22,120 INFO    Thread-12 :1529688 [dir_watcher.py:_on_file_modified():288] file/dir modified: /mnt/home/ashwinr/btp24/grph/ISONET/wandb/run-20231019_204211-atne7kj6/files/conda-environment.yaml
2023-10-19 20:42:22,120 INFO    Thread-12 :1529688 [dir_watcher.py:_on_file_created():271] file/dir created: /mnt/home/ashwinr/btp24/grph/ISONET/wandb/run-20231019_204211-atne7kj6/files/wandb-metadata.json
2023-10-19 20:42:22,239 DEBUG   SenderThread:1529688 [sender.py:send():380] send: telemetry
2023-10-19 20:42:22,985 INFO    wandb-upload_0:1529688 [upload_job.py:push():131] Uploaded file /tmp/tmp3kevh3snwandb/l0h13wyr-wandb-metadata.json
2023-10-19 20:42:23,121 INFO    Thread-12 :1529688 [dir_watcher.py:_on_file_created():271] file/dir created: /mnt/home/ashwinr/btp24/grph/ISONET/wandb/run-20231019_204211-atne7kj6/files/output.log
2023-10-19 20:42:25,124 INFO    Thread-12 :1529688 [dir_watcher.py:_on_file_modified():288] file/dir modified: /mnt/home/ashwinr/btp24/grph/ISONET/wandb/run-20231019_204211-atne7kj6/files/output.log
2023-10-19 20:42:27,247 DEBUG   HandlerThread:1529688 [handler.py:handle_request():146] handle_request: status_report
2023-10-19 20:42:29,128 INFO    Thread-12 :1529688 [dir_watcher.py:_on_file_modified():288] file/dir modified: /mnt/home/ashwinr/btp24/grph/ISONET/wandb/run-20231019_204211-atne7kj6/files/output.log
2023-10-19 20:42:32,416 DEBUG   HandlerThread:1529688 [handler.py:handle_request():146] handle_request: status_report
2023-10-19 20:42:33,133 INFO    Thread-12 :1529688 [dir_watcher.py:_on_file_modified():288] file/dir modified: /mnt/home/ashwinr/btp24/grph/ISONET/wandb/run-20231019_204211-atne7kj6/files/output.log
2023-10-19 20:42:35,135 INFO    Thread-12 :1529688 [dir_watcher.py:_on_file_modified():288] file/dir modified: /mnt/home/ashwinr/btp24/grph/ISONET/wandb/run-20231019_204211-atne7kj6/files/output.log
2023-10-19 20:42:36,918 DEBUG   HandlerThread:1529688 [handler.py:handle_request():146] handle_request: internal_messages
2023-10-19 20:42:36,919 DEBUG   HandlerThread:1529688 [handler.py:handle_request():146] handle_request: stop_status
2023-10-19 20:42:36,925 DEBUG   SenderThread:1529688 [sender.py:send_request():407] send_request: stop_status
2023-10-19 20:42:38,238 DEBUG   HandlerThread:1529688 [handler.py:handle_request():146] handle_request: status_report
2023-10-19 20:42:43,244 DEBUG   HandlerThread:1529688 [handler.py:handle_request():146] handle_request: status_report
2023-10-19 20:42:44,143 INFO    Thread-12 :1529688 [dir_watcher.py:_on_file_modified():288] file/dir modified: /mnt/home/ashwinr/btp24/grph/ISONET/wandb/run-20231019_204211-atne7kj6/files/config.yaml
2023-10-19 20:42:48,621 DEBUG   HandlerThread:1529688 [handler.py:handle_request():146] handle_request: status_report
2023-10-19 20:42:51,921 DEBUG   HandlerThread:1529688 [handler.py:handle_request():146] handle_request: stop_status
2023-10-19 20:42:51,921 DEBUG   HandlerThread:1529688 [handler.py:handle_request():146] handle_request: internal_messages
2023-10-19 20:42:51,921 DEBUG   SenderThread:1529688 [sender.py:send_request():407] send_request: stop_status
2023-10-19 20:42:54,259 DEBUG   HandlerThread:1529688 [handler.py:handle_request():146] handle_request: status_report
2023-10-19 20:42:59,260 DEBUG   HandlerThread:1529688 [handler.py:handle_request():146] handle_request: status_report
2023-10-19 20:43:04,261 DEBUG   HandlerThread:1529688 [handler.py:handle_request():146] handle_request: status_report
2023-10-19 20:43:06,923 DEBUG   HandlerThread:1529688 [handler.py:handle_request():146] handle_request: stop_status
2023-10-19 20:43:06,923 DEBUG   HandlerThread:1529688 [handler.py:handle_request():146] handle_request: internal_messages
2023-10-19 20:43:06,924 DEBUG   SenderThread:1529688 [sender.py:send_request():407] send_request: stop_status
2023-10-19 20:43:09,295 DEBUG   HandlerThread:1529688 [handler.py:handle_request():146] handle_request: status_report
2023-10-19 20:43:12,419 DEBUG   SystemMonitor:1529688 [system_monitor.py:_start():172] Starting system metrics aggregation loop
2023-10-19 20:43:12,425 DEBUG   SenderThread:1529688 [sender.py:send():380] send: stats
2023-10-19 20:43:14,433 DEBUG   HandlerThread:1529688 [handler.py:handle_request():146] handle_request: status_report
2023-10-19 20:43:19,436 DEBUG   HandlerThread:1529688 [handler.py:handle_request():146] handle_request: status_report
2023-10-19 20:43:21,923 DEBUG   HandlerThread:1529688 [handler.py:handle_request():146] handle_request: stop_status
2023-10-19 20:43:21,923 DEBUG   HandlerThread:1529688 [handler.py:handle_request():146] handle_request: internal_messages
2023-10-19 20:43:21,924 DEBUG   SenderThread:1529688 [sender.py:send_request():407] send_request: stop_status
2023-10-19 20:43:25,263 DEBUG   HandlerThread:1529688 [handler.py:handle_request():146] handle_request: status_report
2023-10-19 20:43:30,264 DEBUG   HandlerThread:1529688 [handler.py:handle_request():146] handle_request: status_report
2023-10-19 20:43:33,187 INFO    Thread-12 :1529688 [dir_watcher.py:_on_file_modified():288] file/dir modified: /mnt/home/ashwinr/btp24/grph/ISONET/wandb/run-20231019_204211-atne7kj6/files/output.log
2023-10-19 20:43:36,131 DEBUG   HandlerThread:1529688 [handler.py:handle_request():146] handle_request: status_report
2023-10-19 20:43:36,919 DEBUG   HandlerThread:1529688 [handler.py:handle_request():146] handle_request: stop_status
2023-10-19 20:43:36,919 DEBUG   SenderThread:1529688 [sender.py:send_request():407] send_request: stop_status
2023-10-19 20:43:36,920 DEBUG   HandlerThread:1529688 [handler.py:handle_request():146] handle_request: internal_messages
2023-10-19 20:43:41,317 DEBUG   HandlerThread:1529688 [handler.py:handle_request():146] handle_request: status_report
2023-10-19 20:43:42,428 DEBUG   SenderThread:1529688 [sender.py:send():380] send: stats
2023-10-19 20:43:46,431 DEBUG   HandlerThread:1529688 [handler.py:handle_request():146] handle_request: status_report
2023-10-19 20:43:46,824 DEBUG   HandlerThread:1529688 [handler.py:handle_request():146] handle_request: partial_history
2023-10-19 20:43:46,827 DEBUG   HandlerThread:1529688 [handler.py:handle_request():146] handle_request: partial_history
2023-10-19 20:43:46,828 DEBUG   SenderThread:1529688 [sender.py:send():380] send: history
2023-10-19 20:43:46,832 DEBUG   SenderThread:1529688 [sender.py:send_request():407] send_request: summary_record
2023-10-19 20:43:46,842 INFO    SenderThread:1529688 [sender.py:_save_file():1378] saving file wandb-summary.json with policy end
2023-10-19 20:43:46,842 DEBUG   SenderThread:1529688 [sender.py:send():380] send: history
2023-10-19 20:43:46,845 DEBUG   SenderThread:1529688 [sender.py:send_request():407] send_request: summary_record
2023-10-19 20:43:46,850 INFO    SenderThread:1529688 [sender.py:_save_file():1378] saving file wandb-summary.json with policy end
2023-10-19 20:43:47,199 INFO    Thread-12 :1529688 [dir_watcher.py:_on_file_created():271] file/dir created: /mnt/home/ashwinr/btp24/grph/ISONET/wandb/run-20231019_204211-atne7kj6/files/wandb-summary.json
2023-10-19 20:43:49,203 INFO    Thread-12 :1529688 [dir_watcher.py:_on_file_modified():288] file/dir modified: /mnt/home/ashwinr/btp24/grph/ISONET/wandb/run-20231019_204211-atne7kj6/files/output.log
2023-10-19 20:43:51,852 DEBUG   HandlerThread:1529688 [handler.py:handle_request():146] handle_request: status_report
2023-10-19 20:43:51,919 DEBUG   HandlerThread:1529688 [handler.py:handle_request():146] handle_request: stop_status
2023-10-19 20:43:51,920 DEBUG   SenderThread:1529688 [sender.py:send_request():407] send_request: stop_status
2023-10-19 20:43:51,920 DEBUG   HandlerThread:1529688 [handler.py:handle_request():146] handle_request: internal_messages
2023-10-19 20:43:57,326 DEBUG   HandlerThread:1529688 [handler.py:handle_request():146] handle_request: status_report
2023-10-19 20:44:02,328 DEBUG   HandlerThread:1529688 [handler.py:handle_request():146] handle_request: status_report
2023-10-19 20:44:06,919 DEBUG   HandlerThread:1529688 [handler.py:handle_request():146] handle_request: stop_status
2023-10-19 20:44:06,919 DEBUG   SenderThread:1529688 [sender.py:send_request():407] send_request: stop_status
2023-10-19 20:44:06,960 DEBUG   HandlerThread:1529688 [handler.py:handle_request():146] handle_request: internal_messages
2023-10-19 20:44:08,312 DEBUG   HandlerThread:1529688 [handler.py:handle_request():146] handle_request: status_report
2023-10-19 20:44:12,434 DEBUG   SenderThread:1529688 [sender.py:send():380] send: stats
2023-10-19 20:44:13,437 DEBUG   HandlerThread:1529688 [handler.py:handle_request():146] handle_request: status_report
2023-10-19 20:44:18,438 DEBUG   HandlerThread:1529688 [handler.py:handle_request():146] handle_request: status_report
2023-10-19 20:44:21,919 DEBUG   HandlerThread:1529688 [handler.py:handle_request():146] handle_request: stop_status
2023-10-19 20:44:21,919 DEBUG   SenderThread:1529688 [sender.py:send_request():407] send_request: stop_status
2023-10-19 20:44:21,960 DEBUG   HandlerThread:1529688 [handler.py:handle_request():146] handle_request: internal_messages
2023-10-19 20:44:24,316 DEBUG   HandlerThread:1529688 [handler.py:handle_request():146] handle_request: status_report
2023-10-19 20:44:29,319 DEBUG   HandlerThread:1529688 [handler.py:handle_request():146] handle_request: status_report
2023-10-19 20:44:34,320 DEBUG   HandlerThread:1529688 [handler.py:handle_request():146] handle_request: status_report
2023-10-19 20:44:36,919 DEBUG   HandlerThread:1529688 [handler.py:handle_request():146] handle_request: stop_status
2023-10-19 20:44:36,920 DEBUG   SenderThread:1529688 [sender.py:send_request():407] send_request: stop_status
2023-10-19 20:44:36,921 DEBUG   HandlerThread:1529688 [handler.py:handle_request():146] handle_request: internal_messages
2023-10-19 20:44:37,246 INFO    Thread-12 :1529688 [dir_watcher.py:_on_file_modified():288] file/dir modified: /mnt/home/ashwinr/btp24/grph/ISONET/wandb/run-20231019_204211-atne7kj6/files/output.log
2023-10-19 20:44:40,262 DEBUG   HandlerThread:1529688 [handler.py:handle_request():146] handle_request: status_report
2023-10-19 20:44:42,437 DEBUG   SenderThread:1529688 [sender.py:send():380] send: stats
2023-10-19 20:44:45,441 DEBUG   HandlerThread:1529688 [handler.py:handle_request():146] handle_request: status_report
2023-10-19 20:44:49,936 DEBUG   SenderThread:1529688 [sender.py:send():380] send: exit
2023-10-19 20:44:49,937 INFO    SenderThread:1529688 [sender.py:send_exit():585] handling exit code: 255
2023-10-19 20:44:49,948 INFO    SenderThread:1529688 [sender.py:send_exit():587] handling runtime: 157
2023-10-19 20:44:49,957 INFO    SenderThread:1529688 [sender.py:_save_file():1378] saving file wandb-summary.json with policy end
2023-10-19 20:44:49,958 INFO    SenderThread:1529688 [sender.py:send_exit():593] send defer
2023-10-19 20:44:49,960 DEBUG   HandlerThread:1529688 [handler.py:handle_request():146] handle_request: defer
2023-10-19 20:44:49,963 INFO    HandlerThread:1529688 [handler.py:handle_request_defer():172] handle defer: 0
2023-10-19 20:44:49,963 DEBUG   SenderThread:1529688 [sender.py:send_request():407] send_request: defer
2023-10-19 20:44:49,966 INFO    SenderThread:1529688 [sender.py:send_request_defer():609] handle sender defer: 0
2023-10-19 20:44:49,969 INFO    SenderThread:1529688 [sender.py:transition_state():613] send defer: 1
2023-10-19 20:44:49,969 DEBUG   HandlerThread:1529688 [handler.py:handle_request():146] handle_request: defer
2023-10-19 20:44:49,972 INFO    HandlerThread:1529688 [handler.py:handle_request_defer():172] handle defer: 1
2023-10-19 20:44:49,973 DEBUG   SenderThread:1529688 [sender.py:send_request():407] send_request: defer
2023-10-19 20:44:49,975 INFO    SenderThread:1529688 [sender.py:send_request_defer():609] handle sender defer: 1
2023-10-19 20:44:49,975 INFO    SenderThread:1529688 [sender.py:transition_state():613] send defer: 2
2023-10-19 20:44:49,976 DEBUG   HandlerThread:1529688 [handler.py:handle_request():146] handle_request: defer
2023-10-19 20:44:49,979 INFO    HandlerThread:1529688 [handler.py:handle_request_defer():172] handle defer: 2
2023-10-19 20:44:49,979 INFO    HandlerThread:1529688 [system_monitor.py:finish():203] Stopping system monitor
2023-10-19 20:44:49,979 INFO    HandlerThread:1529688 [interfaces.py:finish():202] Joined cpu monitor
2023-10-19 20:44:49,979 DEBUG   SystemMonitor:1529688 [system_monitor.py:_start():179] Finished system metrics aggregation loop
2023-10-19 20:44:49,986 INFO    HandlerThread:1529688 [interfaces.py:finish():202] Joined disk monitor
2023-10-19 20:44:49,989 DEBUG   SystemMonitor:1529688 [system_monitor.py:_start():183] Publishing last batch of metrics
2023-10-19 20:44:50,257 INFO    Thread-12 :1529688 [dir_watcher.py:_on_file_modified():288] file/dir modified: /mnt/home/ashwinr/btp24/grph/ISONET/wandb/run-20231019_204211-atne7kj6/files/wandb-summary.json
2023-10-19 20:44:50,987 INFO    HandlerThread:1529688 [interfaces.py:finish():202] Joined gpu monitor
2023-10-19 20:44:50,988 INFO    HandlerThread:1529688 [interfaces.py:finish():202] Joined memory monitor
2023-10-19 20:44:50,993 INFO    HandlerThread:1529688 [interfaces.py:finish():202] Joined network monitor
2023-10-19 20:44:50,999 DEBUG   HandlerThread:1529688 [handler.py:handle_request():146] handle_request: poll_exit
2023-10-19 20:44:50,999 DEBUG   SenderThread:1529688 [sender.py:send_request():407] send_request: defer
2023-10-19 20:44:51,002 DEBUG   HandlerThread:1529688 [handler.py:handle_request():146] handle_request: status_report
2023-10-19 20:44:51,006 INFO    SenderThread:1529688 [sender.py:send_request_defer():609] handle sender defer: 2
2023-10-19 20:44:51,009 INFO    SenderThread:1529688 [sender.py:transition_state():613] send defer: 3
2023-10-19 20:44:51,009 DEBUG   SenderThread:1529688 [sender.py:send():380] send: stats
2023-10-19 20:44:51,010 DEBUG   HandlerThread:1529688 [handler.py:handle_request():146] handle_request: defer
2023-10-19 20:44:51,013 DEBUG   SenderThread:1529688 [sender.py:send_request():407] send_request: poll_exit
2023-10-19 20:44:51,015 INFO    HandlerThread:1529688 [handler.py:handle_request_defer():172] handle defer: 3
2023-10-19 20:44:51,019 DEBUG   SenderThread:1529688 [sender.py:send_request():407] send_request: defer
2023-10-19 20:44:51,022 INFO    SenderThread:1529688 [sender.py:send_request_defer():609] handle sender defer: 3
2023-10-19 20:44:51,022 INFO    SenderThread:1529688 [sender.py:transition_state():613] send defer: 4
2023-10-19 20:44:51,022 DEBUG   HandlerThread:1529688 [handler.py:handle_request():146] handle_request: defer
2023-10-19 20:44:51,025 INFO    HandlerThread:1529688 [handler.py:handle_request_defer():172] handle defer: 4
2023-10-19 20:44:51,026 DEBUG   SenderThread:1529688 [sender.py:send_request():407] send_request: defer
2023-10-19 20:44:51,028 INFO    SenderThread:1529688 [sender.py:send_request_defer():609] handle sender defer: 4
2023-10-19 20:44:51,029 INFO    SenderThread:1529688 [sender.py:transition_state():613] send defer: 5
2023-10-19 20:44:51,029 DEBUG   HandlerThread:1529688 [handler.py:handle_request():146] handle_request: defer
2023-10-19 20:44:51,032 INFO    HandlerThread:1529688 [handler.py:handle_request_defer():172] handle defer: 5
2023-10-19 20:44:51,035 DEBUG   SenderThread:1529688 [sender.py:send():380] send: summary
2023-10-19 20:44:51,045 INFO    SenderThread:1529688 [sender.py:_save_file():1378] saving file wandb-summary.json with policy end
2023-10-19 20:44:51,046 DEBUG   SenderThread:1529688 [sender.py:send_request():407] send_request: defer
2023-10-19 20:44:51,048 INFO    SenderThread:1529688 [sender.py:send_request_defer():609] handle sender defer: 5
2023-10-19 20:44:51,048 INFO    SenderThread:1529688 [sender.py:transition_state():613] send defer: 6
2023-10-19 20:44:51,048 DEBUG   HandlerThread:1529688 [handler.py:handle_request():146] handle_request: defer
2023-10-19 20:44:51,052 INFO    HandlerThread:1529688 [handler.py:handle_request_defer():172] handle defer: 6
2023-10-19 20:44:51,052 DEBUG   SenderThread:1529688 [sender.py:send_request():407] send_request: defer
2023-10-19 20:44:51,055 INFO    SenderThread:1529688 [sender.py:send_request_defer():609] handle sender defer: 6
2023-10-19 20:44:51,055 INFO    SenderThread:1529688 [sender.py:transition_state():613] send defer: 7
2023-10-19 20:44:51,055 DEBUG   HandlerThread:1529688 [handler.py:handle_request():146] handle_request: status_report
2023-10-19 20:44:51,059 DEBUG   HandlerThread:1529688 [handler.py:handle_request():146] handle_request: defer
2023-10-19 20:44:51,063 INFO    HandlerThread:1529688 [handler.py:handle_request_defer():172] handle defer: 7
2023-10-19 20:44:51,063 DEBUG   SenderThread:1529688 [sender.py:send_request():407] send_request: defer
2023-10-19 20:44:51,066 INFO    SenderThread:1529688 [sender.py:send_request_defer():609] handle sender defer: 7
2023-10-19 20:44:51,258 INFO    Thread-12 :1529688 [dir_watcher.py:_on_file_modified():288] file/dir modified: /mnt/home/ashwinr/btp24/grph/ISONET/wandb/run-20231019_204211-atne7kj6/files/wandb-summary.json
2023-10-19 20:44:51,937 DEBUG   HandlerThread:1529688 [handler.py:handle_request():146] handle_request: poll_exit
2023-10-19 20:44:52,259 INFO    Thread-12 :1529688 [dir_watcher.py:_on_file_modified():288] file/dir modified: /mnt/home/ashwinr/btp24/grph/ISONET/wandb/run-20231019_204211-atne7kj6/files/output.log
2023-10-19 20:44:53,917 INFO    SenderThread:1529688 [sender.py:transition_state():613] send defer: 8
2023-10-19 20:44:53,918 DEBUG   SenderThread:1529688 [sender.py:send_request():407] send_request: poll_exit
2023-10-19 20:44:53,918 DEBUG   HandlerThread:1529688 [handler.py:handle_request():146] handle_request: defer
2023-10-19 20:44:53,937 INFO    HandlerThread:1529688 [handler.py:handle_request_defer():172] handle defer: 8
2023-10-19 20:44:53,937 DEBUG   SenderThread:1529688 [sender.py:send_request():407] send_request: defer
2023-10-19 20:44:53,940 INFO    SenderThread:1529688 [sender.py:send_request_defer():609] handle sender defer: 8
2023-10-19 20:44:53,941 INFO    SenderThread:1529688 [job_builder.py:build():281] Attempting to build job artifact
2023-10-19 20:44:53,945 INFO    SenderThread:1529688 [job_builder.py:_get_source_type():393] is repo sourced job
2023-10-19 20:44:53,947 INFO    SenderThread:1529688 [sender.py:transition_state():613] send defer: 9
2023-10-19 20:44:53,947 DEBUG   HandlerThread:1529688 [handler.py:handle_request():146] handle_request: defer
2023-10-19 20:44:53,950 INFO    HandlerThread:1529688 [handler.py:handle_request_defer():172] handle defer: 9
2023-10-19 20:44:53,950 DEBUG   SenderThread:1529688 [sender.py:send_request():407] send_request: defer
2023-10-19 20:44:53,953 INFO    SenderThread:1529688 [sender.py:send_request_defer():609] handle sender defer: 9
2023-10-19 20:44:53,953 INFO    SenderThread:1529688 [dir_watcher.py:finish():358] shutting down directory watcher
2023-10-19 20:44:54,262 INFO    SenderThread:1529688 [dir_watcher.py:_on_file_modified():288] file/dir modified: /mnt/home/ashwinr/btp24/grph/ISONET/wandb/run-20231019_204211-atne7kj6/files/output.log
2023-10-19 20:44:54,262 INFO    SenderThread:1529688 [dir_watcher.py:finish():388] scan: /mnt/home/ashwinr/btp24/grph/ISONET/wandb/run-20231019_204211-atne7kj6/files
2023-10-19 20:44:54,269 INFO    SenderThread:1529688 [dir_watcher.py:finish():402] scan save: /mnt/home/ashwinr/btp24/grph/ISONET/wandb/run-20231019_204211-atne7kj6/files/wandb-metadata.json wandb-metadata.json
2023-10-19 20:44:54,272 INFO    SenderThread:1529688 [dir_watcher.py:finish():402] scan save: /mnt/home/ashwinr/btp24/grph/ISONET/wandb/run-20231019_204211-atne7kj6/files/wandb-summary.json wandb-summary.json
2023-10-19 20:44:54,276 INFO    SenderThread:1529688 [dir_watcher.py:finish():402] scan save: /mnt/home/ashwinr/btp24/grph/ISONET/wandb/run-20231019_204211-atne7kj6/files/requirements.txt requirements.txt
2023-10-19 20:44:54,283 INFO    SenderThread:1529688 [dir_watcher.py:finish():402] scan save: /mnt/home/ashwinr/btp24/grph/ISONET/wandb/run-20231019_204211-atne7kj6/files/output.log output.log
2023-10-19 20:44:54,290 INFO    SenderThread:1529688 [dir_watcher.py:finish():402] scan save: /mnt/home/ashwinr/btp24/grph/ISONET/wandb/run-20231019_204211-atne7kj6/files/conda-environment.yaml conda-environment.yaml
2023-10-19 20:44:54,294 INFO    SenderThread:1529688 [dir_watcher.py:finish():402] scan save: /mnt/home/ashwinr/btp24/grph/ISONET/wandb/run-20231019_204211-atne7kj6/files/config.yaml config.yaml
2023-10-19 20:44:54,299 INFO    SenderThread:1529688 [sender.py:transition_state():613] send defer: 10
2023-10-19 20:44:54,300 DEBUG   HandlerThread:1529688 [handler.py:handle_request():146] handle_request: defer
2023-10-19 20:44:54,303 INFO    HandlerThread:1529688 [handler.py:handle_request_defer():172] handle defer: 10
2023-10-19 20:44:54,306 DEBUG   SenderThread:1529688 [sender.py:send_request():407] send_request: defer
2023-10-19 20:44:54,309 INFO    SenderThread:1529688 [sender.py:send_request_defer():609] handle sender defer: 10
2023-10-19 20:44:54,309 INFO    SenderThread:1529688 [file_pusher.py:finish():175] shutting down file pusher
2023-10-19 20:44:54,939 INFO    wandb-upload_0:1529688 [upload_job.py:push():131] Uploaded file /mnt/home/ashwinr/btp24/grph/ISONET/wandb/run-20231019_204211-atne7kj6/files/wandb-summary.json
2023-10-19 20:44:55,041 INFO    wandb-upload_1:1529688 [upload_job.py:push():131] Uploaded file /mnt/home/ashwinr/btp24/grph/ISONET/wandb/run-20231019_204211-atne7kj6/files/requirements.txt
2023-10-19 20:44:55,061 INFO    wandb-upload_2:1529688 [upload_job.py:push():131] Uploaded file /mnt/home/ashwinr/btp24/grph/ISONET/wandb/run-20231019_204211-atne7kj6/files/output.log
2023-10-19 20:44:55,112 INFO    wandb-upload_3:1529688 [upload_job.py:push():131] Uploaded file /mnt/home/ashwinr/btp24/grph/ISONET/wandb/run-20231019_204211-atne7kj6/files/conda-environment.yaml
2023-10-19 20:44:55,624 INFO    wandb-upload_4:1529688 [upload_job.py:push():131] Uploaded file /mnt/home/ashwinr/btp24/grph/ISONET/wandb/run-20231019_204211-atne7kj6/files/config.yaml
2023-10-19 20:44:55,825 INFO    Thread-11 :1529688 [sender.py:transition_state():613] send defer: 11
2023-10-19 20:44:55,826 DEBUG   HandlerThread:1529688 [handler.py:handle_request():146] handle_request: defer
2023-10-19 20:44:55,836 INFO    HandlerThread:1529688 [handler.py:handle_request_defer():172] handle defer: 11
2023-10-19 20:44:55,837 DEBUG   SenderThread:1529688 [sender.py:send_request():407] send_request: defer
2023-10-19 20:44:55,848 INFO    SenderThread:1529688 [sender.py:send_request_defer():609] handle sender defer: 11
2023-10-19 20:44:55,848 INFO    SenderThread:1529688 [file_pusher.py:join():181] waiting for file pusher
2023-10-19 20:44:55,852 INFO    SenderThread:1529688 [sender.py:transition_state():613] send defer: 12
2023-10-19 20:44:55,852 DEBUG   HandlerThread:1529688 [handler.py:handle_request():146] handle_request: defer
2023-10-19 20:44:55,855 INFO    HandlerThread:1529688 [handler.py:handle_request_defer():172] handle defer: 12
2023-10-19 20:44:55,858 DEBUG   SenderThread:1529688 [sender.py:send_request():407] send_request: defer
2023-10-19 20:44:55,861 INFO    SenderThread:1529688 [sender.py:send_request_defer():609] handle sender defer: 12
2023-10-19 20:44:55,861 INFO    SenderThread:1529688 [file_stream.py:finish():595] file stream finish called
2023-10-19 20:44:56,802 INFO    SenderThread:1529688 [file_stream.py:finish():599] file stream finish is done
2023-10-19 20:44:56,803 INFO    SenderThread:1529688 [sender.py:transition_state():613] send defer: 13
2023-10-19 20:44:56,815 DEBUG   HandlerThread:1529688 [handler.py:handle_request():146] handle_request: defer
2023-10-19 20:44:56,818 INFO    HandlerThread:1529688 [handler.py:handle_request_defer():172] handle defer: 13
2023-10-19 20:44:56,819 DEBUG   HandlerThread:1529688 [handler.py:handle_request():146] handle_request: status_report
2023-10-19 20:44:56,819 DEBUG   SenderThread:1529688 [sender.py:send_request():407] send_request: defer
2023-10-19 20:44:56,824 INFO    SenderThread:1529688 [sender.py:send_request_defer():609] handle sender defer: 13
2023-10-19 20:44:56,825 INFO    SenderThread:1529688 [sender.py:transition_state():613] send defer: 14
2023-10-19 20:44:56,828 DEBUG   SenderThread:1529688 [sender.py:send():380] send: final
2023-10-19 20:44:56,828 DEBUG   HandlerThread:1529688 [handler.py:handle_request():146] handle_request: defer
2023-10-19 20:44:56,831 DEBUG   SenderThread:1529688 [sender.py:send():380] send: footer
2023-10-19 20:44:56,834 INFO    HandlerThread:1529688 [handler.py:handle_request_defer():172] handle defer: 14
2023-10-19 20:44:56,838 DEBUG   SenderThread:1529688 [sender.py:send_request():407] send_request: defer
2023-10-19 20:44:56,842 INFO    SenderThread:1529688 [sender.py:send_request_defer():609] handle sender defer: 14
2023-10-19 20:44:56,843 DEBUG   HandlerThread:1529688 [handler.py:handle_request():146] handle_request: poll_exit
2023-10-19 20:44:56,845 DEBUG   HandlerThread:1529688 [handler.py:handle_request():146] handle_request: server_info
2023-10-19 20:44:56,846 DEBUG   SenderThread:1529688 [sender.py:send_request():407] send_request: poll_exit
2023-10-19 20:44:56,849 DEBUG   HandlerThread:1529688 [handler.py:handle_request():146] handle_request: get_summary
2023-10-19 20:44:56,852 DEBUG   SenderThread:1529688 [sender.py:send_request():407] send_request: server_info
2023-10-19 20:44:56,855 DEBUG   HandlerThread:1529688 [handler.py:handle_request():146] handle_request: sampled_history
2023-10-19 20:44:56,862 DEBUG   HandlerThread:1529688 [handler.py:handle_request():146] handle_request: internal_messages
2023-10-19 20:44:56,866 DEBUG   HandlerThread:1529688 [handler.py:handle_request():146] handle_request: job_info
2023-10-19 20:44:57,133 DEBUG   SenderThread:1529688 [sender.py:send_request():407] send_request: job_info
2023-10-19 20:44:57,133 INFO    MainThread:1529688 [wandb_run.py:_footer_history_summary_info():3599] rendering history
2023-10-19 20:44:57,148 INFO    MainThread:1529688 [wandb_run.py:_footer_history_summary_info():3631] rendering summary
2023-10-19 20:44:57,168 INFO    MainThread:1529688 [wandb_run.py:_footer_sync_info():3558] logging synced files
2023-10-19 20:44:57,174 DEBUG   HandlerThread:1529688 [handler.py:handle_request():146] handle_request: shutdown
2023-10-19 20:44:57,179 INFO    HandlerThread:1529688 [handler.py:finish():866] shutting down handler
2023-10-19 20:44:57,869 INFO    WriterThread:1529688 [datastore.py:close():294] close: /mnt/home/ashwinr/btp24/grph/ISONET/wandb/run-20231019_204211-atne7kj6/run-atne7kj6.wandb
2023-10-19 20:44:58,133 INFO    SenderThread:1529688 [sender.py:finish():1534] shutting down sender
2023-10-19 20:44:58,134 INFO    SenderThread:1529688 [file_pusher.py:finish():175] shutting down file pusher
2023-10-19 20:44:58,143 INFO    SenderThread:1529688 [file_pusher.py:join():181] waiting for file pusher
